{"meta": {"format": 3, "version": "7.13.1", "timestamp": "2026-01-18T20:43:41.727299", "branch_coverage": false, "show_contexts": false}, "files": {"src/cub/__init__.py": {"executed_lines": [7, 10, 11, 13], "summary": {"covered_lines": 4, "num_statements": 4, "percent_covered": 100.0, "percent_covered_display": "100", "missing_lines": 0, "excluded_lines": 0, "percent_statements_covered": 100.0, "percent_statements_covered_display": "100"}, "missing_lines": [], "excluded_lines": [], "functions": {"": {"executed_lines": [7, 10, 11, 13], "summary": {"covered_lines": 4, "num_statements": 4, "percent_covered": 100.0, "percent_covered_display": "100", "missing_lines": 0, "excluded_lines": 0, "percent_statements_covered": 100.0, "percent_statements_covered_display": "100"}, "missing_lines": [], "excluded_lines": [], "start_line": 1}}, "classes": {"": {"executed_lines": [7, 10, 11, 13], "summary": {"covered_lines": 4, "num_statements": 4, "percent_covered": 100.0, "percent_covered_display": "100", "missing_lines": 0, "excluded_lines": 0, "percent_statements_covered": 100.0, "percent_statements_covered_display": "100"}, "missing_lines": [], "excluded_lines": [], "start_line": 1}}}, "src/cub/__main__.py": {"executed_lines": [], "summary": {"covered_lines": 0, "num_statements": 3, "percent_covered": 0.0, "percent_covered_display": "0", "missing_lines": 3, "excluded_lines": 0, "percent_statements_covered": 0.0, "percent_statements_covered_display": "0"}, "missing_lines": [5, 7, 8], "excluded_lines": [], "functions": {"": {"executed_lines": [], "summary": {"covered_lines": 0, "num_statements": 3, "percent_covered": 0.0, "percent_covered_display": "0", "missing_lines": 3, "excluded_lines": 0, "percent_statements_covered": 0.0, "percent_statements_covered_display": "0"}, "missing_lines": [5, 7, 8], "excluded_lines": [], "start_line": 1}}, "classes": {"": {"executed_lines": [], "summary": {"covered_lines": 0, "num_statements": 3, "percent_covered": 0.0, "percent_covered_display": "0", "missing_lines": 3, "excluded_lines": 0, "percent_statements_covered": 0.0, "percent_statements_covered_display": "0"}, "missing_lines": [5, 7, 8], "excluded_lines": [], "start_line": 1}}}, "src/cub/audit/__init__.py": {"executed_lines": [5, 14, 23, 30, 41], "summary": {"covered_lines": 5, "num_statements": 5, "percent_covered": 100.0, "percent_covered_display": "100", "missing_lines": 0, "excluded_lines": 0, "percent_statements_covered": 100.0, "percent_statements_covered_display": "100"}, "missing_lines": [], "excluded_lines": [], "functions": {"": {"executed_lines": [5, 14, 23, 30, 41], "summary": {"covered_lines": 5, "num_statements": 5, "percent_covered": 100.0, "percent_covered_display": "100", "missing_lines": 0, "excluded_lines": 0, "percent_statements_covered": 100.0, "percent_statements_covered_display": "100"}, "missing_lines": [], "excluded_lines": [], "start_line": 1}}, "classes": {"": {"executed_lines": [5, 14, 23, 30, 41], "summary": {"covered_lines": 5, "num_statements": 5, "percent_covered": 100.0, "percent_covered_display": "100", "missing_lines": 0, "excluded_lines": 0, "percent_statements_covered": 100.0, "percent_statements_covered_display": "100"}, "missing_lines": [], "excluded_lines": [], "start_line": 1}}}, "src/cub/audit/coverage.py": {"executed_lines": [8, 9, 10, 11, 12, 14, 17, 20, 21, 22, 23, 26, 29, 30, 33, 34, 35, 39, 40, 42, 45, 46, 49, 50, 53, 116, 130, 131, 132, 135, 136, 139, 140, 143, 144, 147, 148, 151, 152, 154, 156, 165, 166, 169, 170, 172, 175, 177, 186, 200, 205, 219, 220, 221, 223, 224, 227, 228, 232, 233, 234, 235, 237, 240, 250, 256, 257, 258, 259, 260, 262, 263, 264, 266], "summary": {"covered_lines": 74, "num_statements": 96, "percent_covered": 77.08333333333333, "percent_covered_display": "77", "missing_lines": 22, "excluded_lines": 0, "percent_statements_covered": 77.08333333333333, "percent_statements_covered_display": "77"}, "missing_lines": [71, 72, 75, 76, 77, 78, 81, 91, 95, 96, 99, 105, 107, 109, 110, 112, 113, 137, 141, 145, 225, 229], "excluded_lines": [], "functions": {"CoverageReport.has_low_coverage": {"executed_lines": [42], "summary": {"covered_lines": 1, "num_statements": 1, "percent_covered": 100.0, "percent_covered_display": "100", "missing_lines": 0, "excluded_lines": 0, "percent_statements_covered": 100.0, "percent_statements_covered_display": "100"}, "missing_lines": [], "excluded_lines": [], "start_line": 40}, "run_coverage": {"executed_lines": [], "summary": {"covered_lines": 0, "num_statements": 17, "percent_covered": 0.0, "percent_covered_display": "0", "missing_lines": 17, "excluded_lines": 0, "percent_statements_covered": 0.0, "percent_statements_covered_display": "0"}, "missing_lines": [71, 72, 75, 76, 77, 78, 81, 91, 95, 96, 99, 105, 107, 109, 110, 112, 113], "excluded_lines": [], "start_line": 53}, "parse_coverage_report": {"executed_lines": [130, 131, 132, 135, 136, 139, 140, 143, 144, 147, 148, 151, 152, 154, 156, 165, 166, 169, 170, 172, 175, 177], "summary": {"covered_lines": 22, "num_statements": 25, "percent_covered": 88.0, "percent_covered_display": "88", "missing_lines": 3, "excluded_lines": 0, "percent_statements_covered": 88.0, "percent_statements_covered_display": "88"}, "missing_lines": [137, 141, 145], "excluded_lines": [], "start_line": 116}, "identify_low_coverage": {"executed_lines": [200], "summary": {"covered_lines": 1, "num_statements": 1, "percent_covered": 100.0, "percent_covered_display": "100", "missing_lines": 0, "excluded_lines": 0, "percent_statements_covered": 100.0, "percent_statements_covered_display": "100"}, "missing_lines": [], "excluded_lines": [], "start_line": 186}, "get_uncovered_lines": {"executed_lines": [219, 220, 221, 223, 224, 227, 228, 232, 233, 234, 235, 237], "summary": {"covered_lines": 12, "num_statements": 14, "percent_covered": 85.71428571428571, "percent_covered_display": "86", "missing_lines": 2, "excluded_lines": 0, "percent_statements_covered": 85.71428571428571, "percent_statements_covered_display": "86"}, "missing_lines": [225, 229], "excluded_lines": [], "start_line": 205}, "format_coverage_report": {"executed_lines": [250, 256, 257, 258, 259, 260, 262, 263, 264, 266], "summary": {"covered_lines": 10, "num_statements": 10, "percent_covered": 100.0, "percent_covered_display": "100", "missing_lines": 0, "excluded_lines": 0, "percent_statements_covered": 100.0, "percent_statements_covered_display": "100"}, "missing_lines": [], "excluded_lines": [], "start_line": 240}, "": {"executed_lines": [8, 9, 10, 11, 12, 14, 17, 20, 21, 22, 23, 26, 29, 30, 33, 34, 35, 39, 40, 45, 46, 49, 50, 53, 116, 186, 205, 240], "summary": {"covered_lines": 28, "num_statements": 28, "percent_covered": 100.0, "percent_covered_display": "100", "missing_lines": 0, "excluded_lines": 0, "percent_statements_covered": 100.0, "percent_statements_covered_display": "100"}, "missing_lines": [], "excluded_lines": [], "start_line": 1}}, "classes": {"CoverageFile": {"executed_lines": [], "summary": {"covered_lines": 0, "num_statements": 0, "percent_covered": 100.0, "percent_covered_display": "100", "missing_lines": 0, "excluded_lines": 0, "percent_statements_covered": 100.0, "percent_statements_covered_display": "100"}, "missing_lines": [], "excluded_lines": [], "start_line": 17}, "CoverageReport": {"executed_lines": [42], "summary": {"covered_lines": 1, "num_statements": 1, "percent_covered": 100.0, "percent_covered_display": "100", "missing_lines": 0, "excluded_lines": 0, "percent_statements_covered": 100.0, "percent_statements_covered_display": "100"}, "missing_lines": [], "excluded_lines": [], "start_line": 26}, "UncoveredLine": {"executed_lines": [], "summary": {"covered_lines": 0, "num_statements": 0, "percent_covered": 100.0, "percent_covered_display": "100", "missing_lines": 0, "excluded_lines": 0, "percent_statements_covered": 100.0, "percent_statements_covered_display": "100"}, "missing_lines": [], "excluded_lines": [], "start_line": 46}, "": {"executed_lines": [8, 9, 10, 11, 12, 14, 17, 20, 21, 22, 23, 26, 29, 30, 33, 34, 35, 39, 40, 45, 46, 49, 50, 53, 116, 130, 131, 132, 135, 136, 139, 140, 143, 144, 147, 148, 151, 152, 154, 156, 165, 166, 169, 170, 172, 175, 177, 186, 200, 205, 219, 220, 221, 223, 224, 227, 228, 232, 233, 234, 235, 237, 240, 250, 256, 257, 258, 259, 260, 262, 263, 264, 266], "summary": {"covered_lines": 73, "num_statements": 95, "percent_covered": 76.84210526315789, "percent_covered_display": "77", "missing_lines": 22, "excluded_lines": 0, "percent_statements_covered": 76.84210526315789, "percent_statements_covered_display": "77"}, "missing_lines": [71, 72, 75, 76, 77, 78, 81, 91, 95, 96, 99, 105, 107, 109, 110, 112, 113, 137, 141, 145, 225, 229], "excluded_lines": [], "start_line": 1}}}, "src/cub/audit/dead_code.py": {"executed_lines": [8, 9, 10, 11, 12, 13, 15, 18, 21, 22, 23, 24, 27, 38, 39, 40, 41, 43, 45, 46, 47, 55, 57, 59, 61, 63, 64, 72, 74, 76, 77, 85, 87, 89, 90, 98, 100, 102, 111, 112, 113, 115, 119, 120, 121, 122, 130, 132, 137, 140, 147, 148, 150, 152, 153, 154, 156, 159, 160, 161, 164, 177, 178, 180, 181, 183, 186, 199, 200, 202, 203, 205, 208, 218, 219, 221, 222, 223, 224, 226, 227, 228, 229, 230, 231, 233, 236, 248, 249, 252, 253, 261, 264, 278, 279, 282, 285, 286, 287, 289, 292, 293, 294, 296, 297, 298, 299, 300, 303, 305, 306, 307, 309, 311, 314, 315, 316, 317, 327, 339, 342, 343, 344, 347, 362, 363, 364, 365, 367, 371, 373, 378, 379, 382, 383, 384, 388, 389, 391, 392, 394, 395, 399, 402, 416, 417, 418, 419, 422, 424, 425, 427, 429, 430, 435, 437, 438, 439, 440, 442, 444, 445, 446, 450, 451, 453, 454, 460, 462, 463, 464, 466, 535, 537, 540, 550, 551, 559, 561, 563, 566, 580, 581, 584, 587, 588, 589, 591, 594, 595, 596, 598, 599, 600, 601, 603, 604, 605, 611, 612, 613, 614, 622, 623, 625, 628, 633, 634, 635, 638, 648], "summary": {"covered_lines": 211, "num_statements": 223, "percent_covered": 94.61883408071749, "percent_covered_display": "95", "missing_lines": 12, "excluded_lines": 0, "percent_statements_covered": 94.61883408071749, "percent_statements_covered_display": "95"}, "missing_lines": [62, 441, 443, 557, 558, 606, 608, 616, 617, 618, 619, 636], "excluded_lines": [], "functions": {"ASTDefinitionVisitor.__init__": {"executed_lines": [39, 40, 41], "summary": {"covered_lines": 3, "num_statements": 3, "percent_covered": 100.0, "percent_covered_display": "100", "missing_lines": 0, "excluded_lines": 0, "percent_statements_covered": 100.0, "percent_statements_covered_display": "100"}, "missing_lines": [], "excluded_lines": [], "start_line": 38}, "ASTDefinitionVisitor.visit_Import": {"executed_lines": [45, 46, 47, 55], "summary": {"covered_lines": 4, "num_statements": 4, "percent_covered": 100.0, "percent_covered_display": "100", "missing_lines": 0, "excluded_lines": 0, "percent_statements_covered": 100.0, "percent_statements_covered_display": "100"}, "missing_lines": [], "excluded_lines": [], "start_line": 43}, "ASTDefinitionVisitor.visit_ImportFrom": {"executed_lines": [59, 61, 63, 64, 72], "summary": {"covered_lines": 5, "num_statements": 6, "percent_covered": 83.33333333333333, "percent_covered_display": "83", "missing_lines": 1, "excluded_lines": 0, "percent_statements_covered": 83.33333333333333, "percent_statements_covered_display": "83"}, "missing_lines": [62], "excluded_lines": [], "start_line": 57}, "ASTDefinitionVisitor.visit_FunctionDef": {"executed_lines": [76, 77, 85], "summary": {"covered_lines": 3, "num_statements": 3, "percent_covered": 100.0, "percent_covered_display": "100", "missing_lines": 0, "excluded_lines": 0, "percent_statements_covered": 100.0, "percent_statements_covered_display": "100"}, "missing_lines": [], "excluded_lines": [], "start_line": 74}, "ASTDefinitionVisitor.visit_AsyncFunctionDef": {"executed_lines": [89, 90, 98], "summary": {"covered_lines": 3, "num_statements": 3, "percent_covered": 100.0, "percent_covered_display": "100", "missing_lines": 0, "excluded_lines": 0, "percent_statements_covered": 100.0, "percent_statements_covered_display": "100"}, "missing_lines": [], "excluded_lines": [], "start_line": 87}, "ASTDefinitionVisitor.visit_ClassDef": {"executed_lines": [102, 111, 112, 113], "summary": {"covered_lines": 4, "num_statements": 4, "percent_covered": 100.0, "percent_covered_display": "100", "missing_lines": 0, "excluded_lines": 0, "percent_statements_covered": 100.0, "percent_statements_covered_display": "100"}, "missing_lines": [], "excluded_lines": [], "start_line": 100}, "ASTDefinitionVisitor.visit_Assign": {"executed_lines": [119, 120, 121, 122, 130], "summary": {"covered_lines": 5, "num_statements": 5, "percent_covered": 100.0, "percent_covered_display": "100", "missing_lines": 0, "excluded_lines": 0, "percent_statements_covered": 100.0, "percent_statements_covered_display": "100"}, "missing_lines": [], "excluded_lines": [], "start_line": 115}, "ASTDefinitionVisitor._is_in_function_scope": {"executed_lines": [137], "summary": {"covered_lines": 1, "num_statements": 1, "percent_covered": 100.0, "percent_covered_display": "100", "missing_lines": 0, "excluded_lines": 0, "percent_statements_covered": 100.0, "percent_statements_covered_display": "100"}, "missing_lines": [], "excluded_lines": [], "start_line": 132}, "ASTReferenceVisitor.__init__": {"executed_lines": [148], "summary": {"covered_lines": 1, "num_statements": 1, "percent_covered": 100.0, "percent_covered_display": "100", "missing_lines": 0, "excluded_lines": 0, "percent_statements_covered": 100.0, "percent_statements_covered_display": "100"}, "missing_lines": [], "excluded_lines": [], "start_line": 147}, "ASTReferenceVisitor.visit_Name": {"executed_lines": [152, 153, 154], "summary": {"covered_lines": 3, "num_statements": 3, "percent_covered": 100.0, "percent_covered_display": "100", "missing_lines": 0, "excluded_lines": 0, "percent_statements_covered": 100.0, "percent_statements_covered_display": "100"}, "missing_lines": [], "excluded_lines": [], "start_line": 150}, "ASTReferenceVisitor.visit_Attribute": {"executed_lines": [159, 160, 161], "summary": {"covered_lines": 3, "num_statements": 3, "percent_covered": 100.0, "percent_covered_display": "100", "missing_lines": 0, "excluded_lines": 0, "percent_statements_covered": 100.0, "percent_statements_covered_display": "100"}, "missing_lines": [], "excluded_lines": [], "start_line": 156}, "find_python_definitions": {"executed_lines": [177, 178, 180, 181, 183], "summary": {"covered_lines": 5, "num_statements": 5, "percent_covered": 100.0, "percent_covered_display": "100", "missing_lines": 0, "excluded_lines": 0, "percent_statements_covered": 100.0, "percent_statements_covered_display": "100"}, "missing_lines": [], "excluded_lines": [], "start_line": 164}, "find_python_references": {"executed_lines": [199, 200, 202, 203, 205], "summary": {"covered_lines": 5, "num_statements": 5, "percent_covered": 100.0, "percent_covered_display": "100", "missing_lines": 0, "excluded_lines": 0, "percent_statements_covered": 100.0, "percent_statements_covered_display": "100"}, "missing_lines": [], "excluded_lines": [], "start_line": 186}, "get_module_exports": {"executed_lines": [218, 219, 221, 222, 223, 224, 226, 227, 228, 229, 230, 231, 233], "summary": {"covered_lines": 13, "num_statements": 13, "percent_covered": 100.0, "percent_covered_display": "100", "missing_lines": 0, "excluded_lines": 0, "percent_statements_covered": 100.0, "percent_statements_covered_display": "100"}, "missing_lines": [], "excluded_lines": [], "start_line": 208}, "should_exclude_definition": {"executed_lines": [248, 249, 252, 253, 261], "summary": {"covered_lines": 5, "num_statements": 5, "percent_covered": 100.0, "percent_covered_display": "100", "missing_lines": 0, "excluded_lines": 0, "percent_statements_covered": 100.0, "percent_statements_covered_display": "100"}, "missing_lines": [], "excluded_lines": [], "start_line": 236}, "detect_unused": {"executed_lines": [278, 279, 282, 285, 286, 287, 289, 292, 293, 294, 296, 297, 298, 299, 300, 303, 305, 306, 307, 309, 311, 314, 315, 316, 317, 327], "summary": {"covered_lines": 26, "num_statements": 26, "percent_covered": 100.0, "percent_covered_display": "100", "missing_lines": 0, "excluded_lines": 0, "percent_statements_covered": 100.0, "percent_statements_covered_display": "100"}, "missing_lines": [], "excluded_lines": [], "start_line": 264}, "find_bash_functions": {"executed_lines": [362, 363, 364, 365, 367, 371, 373, 378, 379, 382, 383, 384, 388, 389, 391, 392, 394, 395, 399], "summary": {"covered_lines": 19, "num_statements": 19, "percent_covered": 100.0, "percent_covered_display": "100", "missing_lines": 0, "excluded_lines": 0, "percent_statements_covered": 100.0, "percent_statements_covered_display": "100"}, "missing_lines": [], "excluded_lines": [], "start_line": 347}, "find_bash_calls": {"executed_lines": [416, 417, 418, 419, 422, 424, 425, 427, 429, 430, 435, 437, 438, 439, 440, 442, 444, 445, 446, 450, 451, 453, 454, 460, 462, 463, 464, 466, 535, 537], "summary": {"covered_lines": 30, "num_statements": 32, "percent_covered": 93.75, "percent_covered_display": "94", "missing_lines": 2, "excluded_lines": 0, "percent_statements_covered": 93.75, "percent_statements_covered_display": "94"}, "missing_lines": [441, 443], "excluded_lines": [], "start_line": 402}, "run_shellcheck": {"executed_lines": [550, 551, 559, 561, 563], "summary": {"covered_lines": 5, "num_statements": 7, "percent_covered": 71.42857142857143, "percent_covered_display": "71", "missing_lines": 2, "excluded_lines": 0, "percent_statements_covered": 71.42857142857143, "percent_statements_covered_display": "71"}, "missing_lines": [557, 558], "excluded_lines": [], "start_line": 540}, "detect_unused_bash": {"executed_lines": [580, 581, 584, 587, 588, 589, 591, 594, 595, 596, 598, 599, 600, 601, 603, 604, 605, 611, 612, 613, 614, 622, 623, 625, 628, 633, 634, 635, 638, 648], "summary": {"covered_lines": 30, "num_statements": 37, "percent_covered": 81.08108108108108, "percent_covered_display": "81", "missing_lines": 7, "excluded_lines": 0, "percent_statements_covered": 81.08108108108108, "percent_statements_covered_display": "81"}, "missing_lines": [606, 608, 616, 617, 618, 619, 636], "excluded_lines": [], "start_line": 566}, "": {"executed_lines": [8, 9, 10, 11, 12, 13, 15, 18, 21, 22, 23, 24, 27, 38, 43, 57, 74, 87, 100, 115, 132, 140, 147, 150, 156, 164, 186, 208, 236, 264, 339, 342, 343, 344, 347, 402, 540, 566], "summary": {"covered_lines": 38, "num_statements": 38, "percent_covered": 100.0, "percent_covered_display": "100", "missing_lines": 0, "excluded_lines": 0, "percent_statements_covered": 100.0, "percent_statements_covered_display": "100"}, "missing_lines": [], "excluded_lines": [], "start_line": 1}}, "classes": {"Definition": {"executed_lines": [], "summary": {"covered_lines": 0, "num_statements": 0, "percent_covered": 100.0, "percent_covered_display": "100", "missing_lines": 0, "excluded_lines": 0, "percent_statements_covered": 100.0, "percent_statements_covered_display": "100"}, "missing_lines": [], "excluded_lines": [], "start_line": 18}, "ASTDefinitionVisitor": {"executed_lines": [39, 40, 41, 45, 46, 47, 55, 59, 61, 63, 64, 72, 76, 77, 85, 89, 90, 98, 102, 111, 112, 113, 119, 120, 121, 122, 130, 137], "summary": {"covered_lines": 28, "num_statements": 29, "percent_covered": 96.55172413793103, "percent_covered_display": "97", "missing_lines": 1, "excluded_lines": 0, "percent_statements_covered": 96.55172413793103, "percent_statements_covered_display": "97"}, "missing_lines": [62], "excluded_lines": [], "start_line": 27}, "ASTReferenceVisitor": {"executed_lines": [148, 152, 153, 154, 159, 160, 161], "summary": {"covered_lines": 7, "num_statements": 7, "percent_covered": 100.0, "percent_covered_display": "100", "missing_lines": 0, "excluded_lines": 0, "percent_statements_covered": 100.0, "percent_statements_covered_display": "100"}, "missing_lines": [], "excluded_lines": [], "start_line": 140}, "BashDefinition": {"executed_lines": [], "summary": {"covered_lines": 0, "num_statements": 0, "percent_covered": 100.0, "percent_covered_display": "100", "missing_lines": 0, "excluded_lines": 0, "percent_statements_covered": 100.0, "percent_statements_covered_display": "100"}, "missing_lines": [], "excluded_lines": [], "start_line": 339}, "": {"executed_lines": [8, 9, 10, 11, 12, 13, 15, 18, 21, 22, 23, 24, 27, 38, 43, 57, 74, 87, 100, 115, 132, 140, 147, 150, 156, 164, 177, 178, 180, 181, 183, 186, 199, 200, 202, 203, 205, 208, 218, 219, 221, 222, 223, 224, 226, 227, 228, 229, 230, 231, 233, 236, 248, 249, 252, 253, 261, 264, 278, 279, 282, 285, 286, 287, 289, 292, 293, 294, 296, 297, 298, 299, 300, 303, 305, 306, 307, 309, 311, 314, 315, 316, 317, 327, 339, 342, 343, 344, 347, 362, 363, 364, 365, 367, 371, 373, 378, 379, 382, 383, 384, 388, 389, 391, 392, 394, 395, 399, 402, 416, 417, 418, 419, 422, 424, 425, 427, 429, 430, 435, 437, 438, 439, 440, 442, 444, 445, 446, 450, 451, 453, 454, 460, 462, 463, 464, 466, 535, 537, 540, 550, 551, 559, 561, 563, 566, 580, 581, 584, 587, 588, 589, 591, 594, 595, 596, 598, 599, 600, 601, 603, 604, 605, 611, 612, 613, 614, 622, 623, 625, 628, 633, 634, 635, 638, 648], "summary": {"covered_lines": 176, "num_statements": 187, "percent_covered": 94.11764705882354, "percent_covered_display": "94", "missing_lines": 11, "excluded_lines": 0, "percent_statements_covered": 94.11764705882354, "percent_statements_covered_display": "94"}, "missing_lines": [441, 443, 557, 558, 606, 608, 616, 617, 618, 619, 636], "excluded_lines": [], "start_line": 1}}}, "src/cub/audit/docs.py": {"executed_lines": [11, 12, 13, 14, 15, 16, 18, 20, 23, 26, 27, 28, 31, 34, 35, 36, 37, 40, 56, 59, 61, 63, 65, 67, 68, 70, 71, 74, 75, 76, 77, 80, 81, 82, 84, 87, 103, 104, 105, 107, 108, 110, 112, 113, 114, 115, 116, 119, 120, 122, 130, 131, 132, 134, 136, 139, 151, 152, 153, 159, 160, 165, 166, 171, 173, 174, 175, 181, 182, 184, 185, 193, 196, 198, 199, 200, 222, 230, 233, 234, 235, 236, 245, 246, 254, 256, 257, 258, 281, 284, 299, 301, 302, 305, 306, 307, 308, 309, 320, 321, 322, 329, 330, 344, 367, 370, 384, 385, 386, 389, 390, 391, 393, 394, 397, 398, 401, 402, 405, 406, 407, 410, 413, 416, 418], "summary": {"covered_lines": 125, "num_statements": 145, "percent_covered": 86.20689655172414, "percent_covered_display": "86", "missing_lines": 20, "excluded_lines": 0, "percent_statements_covered": 86.20689655172414, "percent_statements_covered_display": "86"}, "missing_lines": [177, 178, 201, 209, 210, 211, 219, 259, 268, 269, 277, 279, 339, 341, 345, 346, 353, 354, 363, 365], "excluded_lines": [], "functions": {"extract_links": {"executed_lines": [56, 59, 61, 63, 65, 67, 68, 70, 71, 74, 75, 76, 77, 80, 81, 82, 84], "summary": {"covered_lines": 17, "num_statements": 17, "percent_covered": 100.0, "percent_covered_display": "100", "missing_lines": 0, "excluded_lines": 0, "percent_statements_covered": 100.0, "percent_statements_covered_display": "100"}, "missing_lines": [], "excluded_lines": [], "start_line": 40}, "extract_code_blocks": {"executed_lines": [103, 104, 105, 107, 108, 110, 112, 113, 114, 115, 116, 119, 120, 122, 130, 131, 132, 134, 136], "summary": {"covered_lines": 19, "num_statements": 19, "percent_covered": 100.0, "percent_covered_display": "100", "missing_lines": 0, "excluded_lines": 0, "percent_statements_covered": 100.0, "percent_statements_covered_display": "100"}, "missing_lines": [], "excluded_lines": [], "start_line": 87}, "check_links": {"executed_lines": [151, 152, 153, 159, 160, 165, 166, 171, 173, 174, 175, 181, 182, 184, 185, 193, 196, 198, 199, 200, 222, 230, 233, 234, 235, 236, 245, 246, 254, 256, 257, 258, 281], "summary": {"covered_lines": 33, "num_statements": 45, "percent_covered": 73.33333333333333, "percent_covered_display": "73", "missing_lines": 12, "excluded_lines": 0, "percent_statements_covered": 73.33333333333333, "percent_statements_covered_display": "73"}, "missing_lines": [177, 178, 201, 209, 210, 211, 219, 259, 268, 269, 277, 279], "excluded_lines": [], "start_line": 139}, "validate_code": {"executed_lines": [299, 301, 302, 305, 306, 307, 308, 309, 320, 321, 322, 329, 330, 344, 367], "summary": {"covered_lines": 15, "num_statements": 23, "percent_covered": 65.21739130434783, "percent_covered_display": "65", "missing_lines": 8, "excluded_lines": 0, "percent_statements_covered": 65.21739130434783, "percent_statements_covered_display": "65"}, "missing_lines": [339, 341, 345, 346, 353, 354, 363, 365], "excluded_lines": [], "start_line": 284}, "validate_docs": {"executed_lines": [384, 385, 386, 389, 390, 391, 393, 394, 397, 398, 401, 402, 405, 406, 407, 410, 413, 416, 418], "summary": {"covered_lines": 19, "num_statements": 19, "percent_covered": 100.0, "percent_covered_display": "100", "missing_lines": 0, "excluded_lines": 0, "percent_statements_covered": 100.0, "percent_statements_covered_display": "100"}, "missing_lines": [], "excluded_lines": [], "start_line": 370}, "": {"executed_lines": [11, 12, 13, 14, 15, 16, 18, 20, 23, 26, 27, 28, 31, 34, 35, 36, 37, 40, 87, 139, 284, 370], "summary": {"covered_lines": 22, "num_statements": 22, "percent_covered": 100.0, "percent_covered_display": "100", "missing_lines": 0, "excluded_lines": 0, "percent_statements_covered": 100.0, "percent_statements_covered_display": "100"}, "missing_lines": [], "excluded_lines": [], "start_line": 1}}, "classes": {"Link": {"executed_lines": [], "summary": {"covered_lines": 0, "num_statements": 0, "percent_covered": 100.0, "percent_covered_display": "100", "missing_lines": 0, "excluded_lines": 0, "percent_statements_covered": 100.0, "percent_statements_covered_display": "100"}, "missing_lines": [], "excluded_lines": [], "start_line": 23}, "CodeBlock": {"executed_lines": [], "summary": {"covered_lines": 0, "num_statements": 0, "percent_covered": 100.0, "percent_covered_display": "100", "missing_lines": 0, "excluded_lines": 0, "percent_statements_covered": 100.0, "percent_statements_covered_display": "100"}, "missing_lines": [], "excluded_lines": [], "start_line": 31}, "": {"executed_lines": [11, 12, 13, 14, 15, 16, 18, 20, 23, 26, 27, 28, 31, 34, 35, 36, 37, 40, 56, 59, 61, 63, 65, 67, 68, 70, 71, 74, 75, 76, 77, 80, 81, 82, 84, 87, 103, 104, 105, 107, 108, 110, 112, 113, 114, 115, 116, 119, 120, 122, 130, 131, 132, 134, 136, 139, 151, 152, 153, 159, 160, 165, 166, 171, 173, 174, 175, 181, 182, 184, 185, 193, 196, 198, 199, 200, 222, 230, 233, 234, 235, 236, 245, 246, 254, 256, 257, 258, 281, 284, 299, 301, 302, 305, 306, 307, 308, 309, 320, 321, 322, 329, 330, 344, 367, 370, 384, 385, 386, 389, 390, 391, 393, 394, 397, 398, 401, 402, 405, 406, 407, 410, 413, 416, 418], "summary": {"covered_lines": 125, "num_statements": 145, "percent_covered": 86.20689655172414, "percent_covered_display": "86", "missing_lines": 20, "excluded_lines": 0, "percent_statements_covered": 86.20689655172414, "percent_statements_covered_display": "86"}, "missing_lines": [177, 178, 201, 209, 210, 211, 219, 259, 268, 269, 277, 279, 339, 341, 345, 346, 353, 354, 363, 365], "excluded_lines": [], "start_line": 1}}}, "src/cub/audit/models.py": {"executed_lines": [7, 9, 11, 17, 22, 23, 24, 25, 28, 34, 39, 42, 43, 45, 46, 48, 50, 51, 53, 54, 55, 56, 59, 62, 63, 64, 65, 68, 73, 76, 77, 78, 79, 82, 85, 88, 91, 94, 95, 96, 98, 99, 101, 103, 104, 106, 109, 112, 115, 116, 117, 120, 129, 132, 135, 140, 143, 144, 148, 150, 151, 160, 161], "summary": {"covered_lines": 63, "num_statements": 72, "percent_covered": 87.5, "percent_covered_display": "88", "missing_lines": 9, "excluded_lines": 2, "percent_statements_covered": 87.5, "percent_statements_covered_display": "88"}, "missing_lines": [153, 154, 155, 156, 157, 158, 163, 164, 165], "excluded_lines": [13, 14], "functions": {"DeadCodeReport.has_findings": {"executed_lines": [48], "summary": {"covered_lines": 1, "num_statements": 1, "percent_covered": 100.0, "percent_covered_display": "100", "missing_lines": 0, "excluded_lines": 0, "percent_statements_covered": 100.0, "percent_statements_covered_display": "100"}, "missing_lines": [], "excluded_lines": [], "start_line": 46}, "DeadCodeReport.findings_by_kind": {"executed_lines": [53, 54, 55, 56], "summary": {"covered_lines": 4, "num_statements": 4, "percent_covered": 100.0, "percent_covered_display": "100", "missing_lines": 0, "excluded_lines": 0, "percent_statements_covered": 100.0, "percent_statements_covered_display": "100"}, "missing_lines": [], "excluded_lines": [], "start_line": 51}, "DocsReport.has_findings": {"executed_lines": [101], "summary": {"covered_lines": 1, "num_statements": 1, "percent_covered": 100.0, "percent_covered_display": "100", "missing_lines": 0, "excluded_lines": 0, "percent_statements_covered": 100.0, "percent_statements_covered_display": "100"}, "missing_lines": [], "excluded_lines": [], "start_line": 99}, "DocsReport.total_issues": {"executed_lines": [106], "summary": {"covered_lines": 1, "num_statements": 1, "percent_covered": 100.0, "percent_covered_display": "100", "missing_lines": 0, "excluded_lines": 0, "percent_statements_covered": 100.0, "percent_statements_covered_display": "100"}, "missing_lines": [], "excluded_lines": [], "start_line": 104}, "AuditReport.total_issues": {"executed_lines": [], "summary": {"covered_lines": 0, "num_statements": 6, "percent_covered": 0.0, "percent_covered_display": "0", "missing_lines": 6, "excluded_lines": 0, "percent_statements_covered": 0.0, "percent_statements_covered_display": "0"}, "missing_lines": [153, 154, 155, 156, 157, 158], "excluded_lines": [], "start_line": 151}, "AuditReport.has_failures": {"executed_lines": [], "summary": {"covered_lines": 0, "num_statements": 3, "percent_covered": 0.0, "percent_covered_display": "0", "missing_lines": 3, "excluded_lines": 0, "percent_statements_covered": 0.0, "percent_statements_covered_display": "0"}, "missing_lines": [163, 164, 165], "excluded_lines": [], "start_line": 161}, "": {"executed_lines": [7, 9, 11, 17, 22, 23, 24, 25, 28, 34, 39, 42, 43, 45, 46, 50, 51, 59, 62, 63, 64, 65, 68, 73, 76, 77, 78, 79, 82, 85, 88, 91, 94, 95, 96, 98, 99, 103, 104, 109, 112, 115, 116, 117, 120, 129, 132, 135, 140, 143, 144, 148, 150, 151, 160, 161], "summary": {"covered_lines": 56, "num_statements": 56, "percent_covered": 100.0, "percent_covered_display": "100", "missing_lines": 0, "excluded_lines": 2, "percent_statements_covered": 100.0, "percent_statements_covered_display": "100"}, "missing_lines": [], "excluded_lines": [13, 14], "start_line": 1}}, "classes": {"DeadCodeFinding": {"executed_lines": [], "summary": {"covered_lines": 0, "num_statements": 0, "percent_covered": 100.0, "percent_covered_display": "100", "missing_lines": 0, "excluded_lines": 0, "percent_statements_covered": 100.0, "percent_statements_covered_display": "100"}, "missing_lines": [], "excluded_lines": [], "start_line": 17}, "DeadCodeReport": {"executed_lines": [48, 53, 54, 55, 56], "summary": {"covered_lines": 5, "num_statements": 5, "percent_covered": 100.0, "percent_covered_display": "100", "missing_lines": 0, "excluded_lines": 0, "percent_statements_covered": 100.0, "percent_statements_covered_display": "100"}, "missing_lines": [], "excluded_lines": [], "start_line": 34}, "LinkFinding": {"executed_lines": [], "summary": {"covered_lines": 0, "num_statements": 0, "percent_covered": 100.0, "percent_covered_display": "100", "missing_lines": 0, "excluded_lines": 0, "percent_statements_covered": 100.0, "percent_statements_covered_display": "100"}, "missing_lines": [], "excluded_lines": [], "start_line": 59}, "CodeBlockFinding": {"executed_lines": [], "summary": {"covered_lines": 0, "num_statements": 0, "percent_covered": 100.0, "percent_covered_display": "100", "missing_lines": 0, "excluded_lines": 0, "percent_statements_covered": 100.0, "percent_statements_covered_display": "100"}, "missing_lines": [], "excluded_lines": [], "start_line": 73}, "DocsReport": {"executed_lines": [101, 106], "summary": {"covered_lines": 2, "num_statements": 2, "percent_covered": 100.0, "percent_covered_display": "100", "missing_lines": 0, "excluded_lines": 0, "percent_statements_covered": 100.0, "percent_statements_covered_display": "100"}, "missing_lines": [], "excluded_lines": [], "start_line": 85}, "CategoryScore": {"executed_lines": [], "summary": {"covered_lines": 0, "num_statements": 0, "percent_covered": 100.0, "percent_covered_display": "100", "missing_lines": 0, "excluded_lines": 0, "percent_statements_covered": 100.0, "percent_statements_covered_display": "100"}, "missing_lines": [], "excluded_lines": [], "start_line": 112}, "AuditReport": {"executed_lines": [], "summary": {"covered_lines": 0, "num_statements": 9, "percent_covered": 0.0, "percent_covered_display": "0", "missing_lines": 9, "excluded_lines": 0, "percent_statements_covered": 0.0, "percent_statements_covered_display": "0"}, "missing_lines": [153, 154, 155, 156, 157, 158, 163, 164, 165], "excluded_lines": [], "start_line": 120}, "": {"executed_lines": [7, 9, 11, 17, 22, 23, 24, 25, 28, 34, 39, 42, 43, 45, 46, 50, 51, 59, 62, 63, 64, 65, 68, 73, 76, 77, 78, 79, 82, 85, 88, 91, 94, 95, 96, 98, 99, 103, 104, 109, 112, 115, 116, 117, 120, 129, 132, 135, 140, 143, 144, 148, 150, 151, 160, 161], "summary": {"covered_lines": 56, "num_statements": 56, "percent_covered": 100.0, "percent_covered_display": "100", "missing_lines": 0, "excluded_lines": 2, "percent_statements_covered": 100.0, "percent_statements_covered_display": "100"}, "missing_lines": [], "excluded_lines": [13, 14], "start_line": 1}}}, "src/cub/cli/__init__.py": {"executed_lines": [7, 8, 10, 11, 30, 31, 32, 33, 34, 35, 36, 37, 40, 47, 50, 51, 65, 72, 73, 78, 85, 86, 87, 88, 95, 96, 97, 98, 105, 110, 115, 120, 125, 130, 141, 142, 143, 144, 145, 146, 153, 154, 161, 162, 163, 164, 167, 175, 176, 182, 183, 184, 187, 197], "summary": {"covered_lines": 54, "num_statements": 57, "percent_covered": 94.73684210526316, "percent_covered_display": "95", "missing_lines": 3, "excluded_lines": 0, "percent_statements_covered": 94.73684210526316, "percent_statements_covered_display": "95"}, "missing_lines": [178, 179, 194], "excluded_lines": [], "functions": {"main": {"executed_lines": [65], "summary": {"covered_lines": 1, "num_statements": 1, "percent_covered": 100.0, "percent_covered_display": "100", "missing_lines": 0, "excluded_lines": 0, "percent_statements_covered": 100.0, "percent_statements_covered_display": "100"}, "missing_lines": [], "excluded_lines": [], "start_line": 51}, "version": {"executed_lines": [], "summary": {"covered_lines": 0, "num_statements": 2, "percent_covered": 0.0, "percent_covered_display": "0", "missing_lines": 2, "excluded_lines": 0, "percent_statements_covered": 0.0, "percent_statements_covered_display": "0"}, "missing_lines": [178, 179], "excluded_lines": [], "start_line": 176}, "cli_main": {"executed_lines": [], "summary": {"covered_lines": 0, "num_statements": 1, "percent_covered": 0.0, "percent_covered_display": "0", "missing_lines": 1, "excluded_lines": 0, "percent_statements_covered": 0.0, "percent_statements_covered_display": "0"}, "missing_lines": [194], "excluded_lines": [], "start_line": 187}, "": {"executed_lines": [7, 8, 10, 11, 30, 31, 32, 33, 34, 35, 36, 37, 40, 47, 50, 51, 72, 73, 78, 85, 86, 87, 88, 95, 96, 97, 98, 105, 110, 115, 120, 125, 130, 141, 142, 143, 144, 145, 146, 153, 154, 161, 162, 163, 164, 167, 175, 176, 182, 183, 184, 187, 197], "summary": {"covered_lines": 53, "num_statements": 53, "percent_covered": 100.0, "percent_covered_display": "100", "missing_lines": 0, "excluded_lines": 0, "percent_statements_covered": 100.0, "percent_statements_covered_display": "100"}, "missing_lines": [], "excluded_lines": [], "start_line": 1}}, "classes": {"": {"executed_lines": [7, 8, 10, 11, 30, 31, 32, 33, 34, 35, 36, 37, 40, 47, 50, 51, 65, 72, 73, 78, 85, 86, 87, 88, 95, 96, 97, 98, 105, 110, 115, 120, 125, 130, 141, 142, 143, 144, 145, 146, 153, 154, 161, 162, 163, 164, 167, 175, 176, 182, 183, 184, 187, 197], "summary": {"covered_lines": 54, "num_statements": 57, "percent_covered": 94.73684210526316, "percent_covered_display": "95", "missing_lines": 3, "excluded_lines": 0, "percent_statements_covered": 94.73684210526316, "percent_statements_covered_display": "95"}, "missing_lines": [178, 179, 194], "excluded_lines": [], "start_line": 1}}}, "src/cub/cli/audit.py": {"executed_lines": [8, 9, 11, 12, 13, 14, 16, 30, 36, 40, 54, 70, 94, 119, 142, 189, 270, 330, 331], "summary": {"covered_lines": 19, "num_statements": 178, "percent_covered": 10.674157303370787, "percent_covered_display": "11", "missing_lines": 159, "excluded_lines": 0, "percent_statements_covered": 10.674157303370787, "percent_statements_covered_display": "11"}, "missing_lines": [64, 65, 66, 67, 80, 81, 84, 88, 89, 91, 104, 105, 106, 109, 111, 112, 113, 114, 116, 129, 130, 131, 132, 133, 135, 161, 174, 175, 176, 177, 178, 179, 180, 182, 183, 185, 186, 197, 198, 204, 207, 208, 209, 210, 211, 213, 215, 216, 217, 218, 220, 223, 224, 225, 226, 234, 235, 236, 237, 245, 246, 247, 248, 255, 256, 259, 260, 261, 267, 279, 280, 281, 282, 285, 286, 287, 288, 291, 292, 293, 294, 295, 296, 297, 298, 299, 300, 301, 302, 303, 304, 305, 306, 307, 308, 309, 310, 311, 312, 313, 314, 315, 318, 319, 320, 321, 324, 325, 326, 327, 375, 378, 381, 382, 383, 385, 390, 396, 403, 404, 405, 406, 409, 410, 411, 413, 414, 415, 416, 417, 418, 421, 422, 423, 424, 425, 426, 427, 428, 429, 432, 439, 440, 442, 443, 444, 447, 448, 449, 451, 452, 453, 455, 456, 457, 459, 460, 463, 465], "excluded_lines": [], "functions": {"calculate_grade": {"executed_lines": [], "summary": {"covered_lines": 0, "num_statements": 4, "percent_covered": 0.0, "percent_covered_display": "0", "missing_lines": 4, "excluded_lines": 0, "percent_statements_covered": 0.0, "percent_statements_covered_display": "0"}, "missing_lines": [64, 65, 66, 67], "excluded_lines": [], "start_line": 54}, "grade_dead_code": {"executed_lines": [], "summary": {"covered_lines": 0, "num_statements": 6, "percent_covered": 0.0, "percent_covered_display": "0", "missing_lines": 6, "excluded_lines": 0, "percent_statements_covered": 0.0, "percent_statements_covered_display": "0"}, "missing_lines": [80, 81, 84, 88, 89, 91], "excluded_lines": [], "start_line": 70}, "grade_documentation": {"executed_lines": [], "summary": {"covered_lines": 0, "num_statements": 9, "percent_covered": 0.0, "percent_covered_display": "0", "missing_lines": 9, "excluded_lines": 0, "percent_statements_covered": 0.0, "percent_statements_covered_display": "0"}, "missing_lines": [104, 105, 106, 109, 111, 112, 113, 114, 116], "excluded_lines": [], "start_line": 94}, "grade_coverage": {"executed_lines": [], "summary": {"covered_lines": 0, "num_statements": 6, "percent_covered": 0.0, "percent_covered_display": "0", "missing_lines": 6, "excluded_lines": 0, "percent_statements_covered": 0.0, "percent_statements_covered_display": "0"}, "missing_lines": [129, 130, 131, 132, 133, 135], "excluded_lines": [], "start_line": 119}, "calculate_overall_grade": {"executed_lines": [], "summary": {"covered_lines": 0, "num_statements": 12, "percent_covered": 0.0, "percent_covered_display": "0", "missing_lines": 12, "excluded_lines": 0, "percent_statements_covered": 0.0, "percent_statements_covered_display": "0"}, "missing_lines": [161, 174, 175, 176, 177, 178, 179, 180, 182, 183, 185, 186], "excluded_lines": [], "start_line": 142}, "format_summary_report": {"executed_lines": [], "summary": {"covered_lines": 0, "num_statements": 27, "percent_covered": 0.0, "percent_covered_display": "0", "missing_lines": 27, "excluded_lines": 0, "percent_statements_covered": 0.0, "percent_statements_covered_display": "0"}, "missing_lines": [197, 198, 204, 207, 208, 209, 210, 211, 213, 223, 224, 225, 226, 234, 235, 236, 237, 245, 246, 247, 248, 255, 256, 259, 260, 261, 267], "excluded_lines": [], "start_line": 189}, "format_summary_report.get_grade_color": {"executed_lines": [], "summary": {"covered_lines": 0, "num_statements": 5, "percent_covered": 0.0, "percent_covered_display": "0", "missing_lines": 5, "excluded_lines": 0, "percent_statements_covered": 0.0, "percent_statements_covered_display": "0"}, "missing_lines": [215, 216, 217, 218, 220], "excluded_lines": [], "start_line": 213}, "format_detailed_findings": {"executed_lines": [], "summary": {"covered_lines": 0, "num_statements": 41, "percent_covered": 0.0, "percent_covered_display": "0", "missing_lines": 41, "excluded_lines": 0, "percent_statements_covered": 0.0, "percent_statements_covered_display": "0"}, "missing_lines": [279, 280, 281, 282, 285, 286, 287, 288, 291, 292, 293, 294, 295, 296, 297, 298, 299, 300, 301, 302, 303, 304, 305, 306, 307, 308, 309, 310, 311, 312, 313, 314, 315, 318, 319, 320, 321, 324, 325, 326, 327], "excluded_lines": [], "start_line": 270}, "run": {"executed_lines": [], "summary": {"covered_lines": 0, "num_statements": 49, "percent_covered": 0.0, "percent_covered_display": "0", "missing_lines": 49, "excluded_lines": 0, "percent_statements_covered": 0.0, "percent_statements_covered_display": "0"}, "missing_lines": [375, 378, 381, 382, 383, 385, 390, 396, 403, 404, 405, 406, 409, 410, 411, 413, 414, 415, 416, 417, 418, 421, 422, 423, 424, 425, 426, 427, 428, 429, 432, 439, 440, 442, 443, 444, 447, 448, 449, 451, 452, 453, 455, 456, 457, 459, 460, 463, 465], "excluded_lines": [], "start_line": 331}, "": {"executed_lines": [8, 9, 11, 12, 13, 14, 16, 30, 36, 40, 54, 70, 94, 119, 142, 189, 270, 330, 331], "summary": {"covered_lines": 19, "num_statements": 19, "percent_covered": 100.0, "percent_covered_display": "100", "missing_lines": 0, "excluded_lines": 0, "percent_statements_covered": 100.0, "percent_statements_covered_display": "100"}, "missing_lines": [], "excluded_lines": [], "start_line": 1}}, "classes": {"": {"executed_lines": [8, 9, 11, 12, 13, 14, 16, 30, 36, 40, 54, 70, 94, 119, 142, 189, 270, 330, 331], "summary": {"covered_lines": 19, "num_statements": 178, "percent_covered": 10.674157303370787, "percent_covered_display": "11", "missing_lines": 159, "excluded_lines": 0, "percent_statements_covered": 10.674157303370787, "percent_statements_covered_display": "11"}, "missing_lines": [64, 65, 66, 67, 80, 81, 84, 88, 89, 91, 104, 105, 106, 109, 111, 112, 113, 114, 116, 129, 130, 131, 132, 133, 135, 161, 174, 175, 176, 177, 178, 179, 180, 182, 183, 185, 186, 197, 198, 204, 207, 208, 209, 210, 211, 213, 215, 216, 217, 218, 220, 223, 224, 225, 226, 234, 235, 236, 237, 245, 246, 247, 248, 255, 256, 259, 260, 261, 267, 279, 280, 281, 282, 285, 286, 287, 288, 291, 292, 293, 294, 295, 296, 297, 298, 299, 300, 301, 302, 303, 304, 305, 306, 307, 308, 309, 310, 311, 312, 313, 314, 315, 318, 319, 320, 321, 324, 325, 326, 327, 375, 378, 381, 382, 383, 385, 390, 396, 403, 404, 405, 406, 409, 410, 411, 413, 414, 415, 416, 417, 418, 421, 422, 423, 424, 425, 426, 427, 428, 429, 432, 439, 440, 442, 443, 444, 447, 448, 449, 451, 452, 453, 455, 456, 457, 459, 460, 463, 465], "excluded_lines": [], "start_line": 1}}}, "src/cub/cli/capture.py": {"executed_lines": [7, 8, 9, 11, 12, 14, 15, 16, 17, 18, 20, 23, 90, 93, 116, 117, 127, 128, 130, 132, 133, 134, 138, 139, 140, 142, 143, 146, 149, 152, 155, 156, 158, 161, 168, 172, 173, 174, 175, 178, 179, 180, 182, 183, 184, 187, 198, 200, 203, 208, 211, 212, 218, 219, 221], "summary": {"covered_lines": 55, "num_statements": 89, "percent_covered": 61.79775280898876, "percent_covered_display": "62", "missing_lines": 34, "excluded_lines": 0, "percent_statements_covered": 61.79775280898876, "percent_statements_covered_display": "62"}, "missing_lines": [95, 96, 97, 100, 101, 107, 108, 109, 113, 118, 121, 122, 123, 124, 160, 163, 164, 165, 169, 202, 205, 213, 214, 215, 222, 223, 224, 225, 226, 227, 228, 229, 230, 231], "excluded_lines": [], "functions": {"capture": {"executed_lines": [90, 93, 116, 117, 127, 128, 130, 132, 133, 134, 138, 139, 140, 142, 143, 146, 149, 152, 155, 156, 158, 161, 168, 172, 173, 174, 175, 178, 179, 180, 182, 183, 184, 187, 198, 200, 203, 208, 211, 212, 218, 219, 221], "summary": {"covered_lines": 43, "num_statements": 77, "percent_covered": 55.84415584415584, "percent_covered_display": "56", "missing_lines": 34, "excluded_lines": 0, "percent_statements_covered": 55.84415584415584, "percent_statements_covered_display": "56"}, "missing_lines": [95, 96, 97, 100, 101, 107, 108, 109, 113, 118, 121, 122, 123, 124, 160, 163, 164, 165, 169, 202, 205, 213, 214, 215, 222, 223, 224, 225, 226, 227, 228, 229, 230, 231], "excluded_lines": [], "start_line": 23}, "": {"executed_lines": [7, 8, 9, 11, 12, 14, 15, 16, 17, 18, 20, 23], "summary": {"covered_lines": 12, "num_statements": 12, "percent_covered": 100.0, "percent_covered_display": "100", "missing_lines": 0, "excluded_lines": 0, "percent_statements_covered": 100.0, "percent_statements_covered_display": "100"}, "missing_lines": [], "excluded_lines": [], "start_line": 1}}, "classes": {"": {"executed_lines": [7, 8, 9, 11, 12, 14, 15, 16, 17, 18, 20, 23, 90, 93, 116, 117, 127, 128, 130, 132, 133, 134, 138, 139, 140, 142, 143, 146, 149, 152, 155, 156, 158, 161, 168, 172, 173, 174, 175, 178, 179, 180, 182, 183, 184, 187, 198, 200, 203, 208, 211, 212, 218, 219, 221], "summary": {"covered_lines": 55, "num_statements": 89, "percent_covered": 61.79775280898876, "percent_covered_display": "62", "missing_lines": 34, "excluded_lines": 0, "percent_statements_covered": 61.79775280898876, "percent_statements_covered_display": "62"}, "missing_lines": [95, 96, 97, 100, 101, 107, 108, 109, 113, 118, 121, 122, 123, 124, 160, 163, 164, 165, 169, 202, 205, 213, 214, 215, 222, 223, 224, 225, 226, 227, 228, 229, 230, 231], "excluded_lines": [], "start_line": 1}}}, "src/cub/cli/captures.py": {"executed_lines": [11, 12, 13, 14, 16, 17, 18, 19, 21, 22, 23, 25, 26, 29, 30, 91, 92, 94, 97, 98, 101, 102, 103, 104, 105, 106, 107, 110, 111, 112, 113, 114, 115, 116, 119, 120, 123, 127, 130, 134, 135, 138, 139, 140, 141, 143, 144, 145, 148, 149, 150, 151, 157, 160, 162, 165, 166, 169, 170, 171, 173, 176, 177, 180, 183, 184, 210, 211, 214, 217, 218, 219, 227, 228, 229, 231, 239, 240, 244, 245, 251, 258, 261, 263, 268, 269, 270, 271, 272, 274, 276, 279, 280, 282, 283, 286, 288, 290, 293, 294, 297, 308, 309, 310, 311, 312, 313, 316, 317, 318, 319, 320, 321, 323, 324, 325, 328, 329, 344, 347, 348, 349, 350, 356, 357, 358, 359, 361, 362, 364, 365, 367, 368, 371, 372, 375, 376, 391, 394, 397, 400, 401, 402, 404, 405, 406, 407, 412, 415, 416, 441, 442, 443, 444, 445, 446, 449, 452, 453, 454, 455, 461, 462, 463, 464, 469, 470, 473, 474, 475, 476, 481, 482, 497, 500, 501, 502, 505, 506, 507, 508, 514, 517, 518, 519, 524, 527, 564, 571, 572, 574, 575, 576, 577, 578, 579, 580, 581, 582], "summary": {"covered_lines": 199, "num_statements": 252, "percent_covered": 78.96825396825396, "percent_covered_display": "79", "missing_lines": 53, "excluded_lines": 0, "percent_statements_covered": 78.96825396825396, "percent_statements_covered_display": "79"}, "missing_lines": [121, 131, 152, 153, 154, 155, 156, 172, 174, 230, 241, 281, 351, 352, 353, 403, 408, 409, 410, 456, 457, 458, 465, 466, 467, 477, 478, 509, 510, 511, 520, 521, 522, 539, 540, 541, 542, 545, 546, 547, 548, 550, 551, 552, 553, 554, 555, 556, 557, 559, 560, 561, 584], "excluded_lines": [], "functions": {"list_captures": {"executed_lines": [91, 92, 94, 97, 98, 101, 102, 103, 104, 105, 106, 107, 110, 111, 112, 113, 114, 115, 116, 119, 120, 123, 165, 166, 169, 170, 171, 173, 176, 177, 180, 183, 184, 210, 211, 214, 217, 218, 219, 227, 228, 229, 231, 239, 240, 244, 245], "summary": {"covered_lines": 47, "num_statements": 52, "percent_covered": 90.38461538461539, "percent_covered_display": "90", "missing_lines": 5, "excluded_lines": 0, "percent_statements_covered": 90.38461538461539, "percent_statements_covered_display": "90"}, "missing_lines": [121, 172, 174, 230, 241], "excluded_lines": [], "start_line": 30}, "list_captures.filter_captures": {"executed_lines": [127, 130, 134, 135, 138, 139, 140, 141, 143, 144, 145, 148, 149, 150, 151, 157, 160, 162], "summary": {"covered_lines": 18, "num_statements": 24, "percent_covered": 75.0, "percent_covered_display": "75", "missing_lines": 6, "excluded_lines": 0, "percent_statements_covered": 75.0, "percent_statements_covered_display": "75"}, "missing_lines": [131, 152, 153, 154, 155, 156], "excluded_lines": [], "start_line": 123}, "_display_capture_table": {"executed_lines": [258, 261, 263, 268, 269, 270, 271, 272, 274, 276, 279, 280, 282, 283, 286, 288, 290, 293, 294], "summary": {"covered_lines": 19, "num_statements": 20, "percent_covered": 95.0, "percent_covered_display": "95", "missing_lines": 1, "excluded_lines": 0, "percent_statements_covered": 95.0, "percent_statements_covered_display": "95"}, "missing_lines": [281], "excluded_lines": [], "start_line": 251}, "_find_capture": {"executed_lines": [308, 309, 310, 311, 312, 313, 316, 317, 318, 319, 320, 321, 323, 324, 325], "summary": {"covered_lines": 15, "num_statements": 15, "percent_covered": 100.0, "percent_covered_display": "100", "missing_lines": 0, "excluded_lines": 0, "percent_statements_covered": 100.0, "percent_statements_covered_display": "100"}, "missing_lines": [], "excluded_lines": [], "start_line": 297}, "show": {"executed_lines": [344, 347, 348, 349, 350, 356, 357, 358, 359, 361, 362, 364, 365, 367, 368, 371, 372], "summary": {"covered_lines": 17, "num_statements": 20, "percent_covered": 85.0, "percent_covered_display": "85", "missing_lines": 3, "excluded_lines": 0, "percent_statements_covered": 85.0, "percent_statements_covered_display": "85"}, "missing_lines": [351, 352, 353], "excluded_lines": [], "start_line": 329}, "edit": {"executed_lines": [391, 394, 397, 400, 401, 402, 404, 405, 406, 407, 412], "summary": {"covered_lines": 11, "num_statements": 15, "percent_covered": 73.33333333333333, "percent_covered_display": "73", "missing_lines": 4, "excluded_lines": 0, "percent_statements_covered": 73.33333333333333, "percent_statements_covered_display": "73"}, "missing_lines": [403, 408, 409, 410], "excluded_lines": [], "start_line": 376}, "import_capture": {"executed_lines": [441, 442, 443, 444, 445, 446, 449, 452, 453, 454, 455, 461, 462, 463, 464, 469, 470, 473, 474, 475, 476], "summary": {"covered_lines": 21, "num_statements": 29, "percent_covered": 72.41379310344827, "percent_covered_display": "72", "missing_lines": 8, "excluded_lines": 0, "percent_statements_covered": 72.41379310344827, "percent_statements_covered_display": "72"}, "missing_lines": [456, 457, 458, 465, 466, 467, 477, 478], "excluded_lines": [], "start_line": 416}, "archive": {"executed_lines": [497, 500, 501, 502, 505, 506, 507, 508, 514, 517, 518, 519, 524], "summary": {"covered_lines": 13, "num_statements": 19, "percent_covered": 68.42105263157895, "percent_covered_display": "68", "missing_lines": 6, "excluded_lines": 0, "percent_statements_covered": 68.42105263157895, "percent_statements_covered_display": "68"}, "missing_lines": [509, 510, 511, 520, 521, 522], "excluded_lines": [], "start_line": 482}, "_parse_since": {"executed_lines": [], "summary": {"covered_lines": 0, "num_statements": 19, "percent_covered": 0.0, "percent_covered_display": "0", "missing_lines": 19, "excluded_lines": 0, "percent_statements_covered": 0.0, "percent_statements_covered_display": "0"}, "missing_lines": [539, 540, 541, 542, 545, 546, 547, 548, 550, 551, 552, 553, 554, 555, 556, 557, 559, 560, 561], "excluded_lines": [], "start_line": 527}, "_format_date": {"executed_lines": [571, 572, 574, 575, 576, 577, 578, 579, 580, 581, 582], "summary": {"covered_lines": 11, "num_statements": 12, "percent_covered": 91.66666666666667, "percent_covered_display": "92", "missing_lines": 1, "excluded_lines": 0, "percent_statements_covered": 91.66666666666667, "percent_statements_covered_display": "92"}, "missing_lines": [584], "excluded_lines": [], "start_line": 564}, "": {"executed_lines": [11, 12, 13, 14, 16, 17, 18, 19, 21, 22, 23, 25, 26, 29, 30, 251, 297, 328, 329, 375, 376, 415, 416, 481, 482, 527, 564], "summary": {"covered_lines": 27, "num_statements": 27, "percent_covered": 100.0, "percent_covered_display": "100", "missing_lines": 0, "excluded_lines": 0, "percent_statements_covered": 100.0, "percent_statements_covered_display": "100"}, "missing_lines": [], "excluded_lines": [], "start_line": 1}}, "classes": {"": {"executed_lines": [11, 12, 13, 14, 16, 17, 18, 19, 21, 22, 23, 25, 26, 29, 30, 91, 92, 94, 97, 98, 101, 102, 103, 104, 105, 106, 107, 110, 111, 112, 113, 114, 115, 116, 119, 120, 123, 127, 130, 134, 135, 138, 139, 140, 141, 143, 144, 145, 148, 149, 150, 151, 157, 160, 162, 165, 166, 169, 170, 171, 173, 176, 177, 180, 183, 184, 210, 211, 214, 217, 218, 219, 227, 228, 229, 231, 239, 240, 244, 245, 251, 258, 261, 263, 268, 269, 270, 271, 272, 274, 276, 279, 280, 282, 283, 286, 288, 290, 293, 294, 297, 308, 309, 310, 311, 312, 313, 316, 317, 318, 319, 320, 321, 323, 324, 325, 328, 329, 344, 347, 348, 349, 350, 356, 357, 358, 359, 361, 362, 364, 365, 367, 368, 371, 372, 375, 376, 391, 394, 397, 400, 401, 402, 404, 405, 406, 407, 412, 415, 416, 441, 442, 443, 444, 445, 446, 449, 452, 453, 454, 455, 461, 462, 463, 464, 469, 470, 473, 474, 475, 476, 481, 482, 497, 500, 501, 502, 505, 506, 507, 508, 514, 517, 518, 519, 524, 527, 564, 571, 572, 574, 575, 576, 577, 578, 579, 580, 581, 582], "summary": {"covered_lines": 199, "num_statements": 252, "percent_covered": 78.96825396825396, "percent_covered_display": "79", "missing_lines": 53, "excluded_lines": 0, "percent_statements_covered": 78.96825396825396, "percent_statements_covered_display": "79"}, "missing_lines": [121, 131, 152, 153, 154, 155, 156, 172, 174, 230, 241, 281, 351, 352, 353, 403, 408, 409, 410, 456, 457, 458, 465, 466, 467, 477, 478, 509, 510, 511, 520, 521, 522, 539, 540, 541, 542, 545, 546, 547, 548, 550, 551, 552, 553, 554, 555, 556, 557, 559, 560, 561, 584], "excluded_lines": [], "start_line": 1}}}, "src/cub/cli/delegated.py": {"executed_lines": [8, 9, 10, 12, 13, 15, 16, 18, 21, 31, 32, 33, 35, 41, 43, 46, 48, 51, 53, 56, 58, 61, 63, 66, 68, 74, 76, 79, 81, 84, 86, 92, 94, 97, 99, 102, 104, 110, 112, 115, 120, 122, 128, 177, 179, 185, 187, 190, 192], "summary": {"covered_lines": 49, "num_statements": 74, "percent_covered": 66.21621621621621, "percent_covered_display": "66", "missing_lines": 25, "excluded_lines": 0, "percent_statements_covered": 66.21621621621621, "percent_statements_covered_display": "66"}, "missing_lines": [117, 135, 136, 137, 138, 139, 142, 143, 144, 147, 148, 149, 150, 151, 153, 154, 155, 156, 158, 161, 162, 163, 164, 169, 171], "excluded_lines": [], "functions": {"_delegate": {"executed_lines": [31, 32, 33, 35], "summary": {"covered_lines": 4, "num_statements": 4, "percent_covered": 100.0, "percent_covered_display": "100", "missing_lines": 0, "excluded_lines": 0, "percent_statements_covered": 100.0, "percent_statements_covered_display": "100"}, "missing_lines": [], "excluded_lines": [], "start_line": 21}, "prep": {"executed_lines": [43], "summary": {"covered_lines": 1, "num_statements": 1, "percent_covered": 100.0, "percent_covered_display": "100", "missing_lines": 0, "excluded_lines": 0, "percent_statements_covered": 100.0, "percent_statements_covered_display": "100"}, "missing_lines": [], "excluded_lines": [], "start_line": 41}, "triage": {"executed_lines": [48], "summary": {"covered_lines": 1, "num_statements": 1, "percent_covered": 100.0, "percent_covered_display": "100", "missing_lines": 0, "excluded_lines": 0, "percent_statements_covered": 100.0, "percent_statements_covered_display": "100"}, "missing_lines": [], "excluded_lines": [], "start_line": 46}, "architect": {"executed_lines": [53], "summary": {"covered_lines": 1, "num_statements": 1, "percent_covered": 100.0, "percent_covered_display": "100", "missing_lines": 0, "excluded_lines": 0, "percent_statements_covered": 100.0, "percent_statements_covered_display": "100"}, "missing_lines": [], "excluded_lines": [], "start_line": 51}, "plan": {"executed_lines": [58], "summary": {"covered_lines": 1, "num_statements": 1, "percent_covered": 100.0, "percent_covered_display": "100", "missing_lines": 0, "excluded_lines": 0, "percent_statements_covered": 100.0, "percent_statements_covered_display": "100"}, "missing_lines": [], "excluded_lines": [], "start_line": 56}, "bootstrap": {"executed_lines": [63], "summary": {"covered_lines": 1, "num_statements": 1, "percent_covered": 100.0, "percent_covered_display": "100", "missing_lines": 0, "excluded_lines": 0, "percent_statements_covered": 100.0, "percent_statements_covered_display": "100"}, "missing_lines": [], "excluded_lines": [], "start_line": 61}, "sessions": {"executed_lines": [68], "summary": {"covered_lines": 1, "num_statements": 1, "percent_covered": 100.0, "percent_covered_display": "100", "missing_lines": 0, "excluded_lines": 0, "percent_statements_covered": 100.0, "percent_statements_covered_display": "100"}, "missing_lines": [], "excluded_lines": [], "start_line": 66}, "explain_task": {"executed_lines": [76], "summary": {"covered_lines": 1, "num_statements": 1, "percent_covered": 100.0, "percent_covered_display": "100", "missing_lines": 0, "excluded_lines": 0, "percent_statements_covered": 100.0, "percent_statements_covered_display": "100"}, "missing_lines": [], "excluded_lines": [], "start_line": 74}, "artifacts": {"executed_lines": [81], "summary": {"covered_lines": 1, "num_statements": 1, "percent_covered": 100.0, "percent_covered_display": "100", "missing_lines": 0, "excluded_lines": 0, "percent_statements_covered": 100.0, "percent_statements_covered_display": "100"}, "missing_lines": [], "excluded_lines": [], "start_line": 79}, "validate": {"executed_lines": [86], "summary": {"covered_lines": 1, "num_statements": 1, "percent_covered": 100.0, "percent_covered_display": "100", "missing_lines": 0, "excluded_lines": 0, "percent_statements_covered": 100.0, "percent_statements_covered_display": "100"}, "missing_lines": [], "excluded_lines": [], "start_line": 84}, "branch": {"executed_lines": [94], "summary": {"covered_lines": 1, "num_statements": 1, "percent_covered": 100.0, "percent_covered_display": "100", "missing_lines": 0, "excluded_lines": 0, "percent_statements_covered": 100.0, "percent_statements_covered_display": "100"}, "missing_lines": [], "excluded_lines": [], "start_line": 92}, "branches": {"executed_lines": [99], "summary": {"covered_lines": 1, "num_statements": 1, "percent_covered": 100.0, "percent_covered_display": "100", "missing_lines": 0, "excluded_lines": 0, "percent_statements_covered": 100.0, "percent_statements_covered_display": "100"}, "missing_lines": [], "excluded_lines": [], "start_line": 97}, "checkpoints": {"executed_lines": [104], "summary": {"covered_lines": 1, "num_statements": 1, "percent_covered": 100.0, "percent_covered_display": "100", "missing_lines": 0, "excluded_lines": 0, "percent_statements_covered": 100.0, "percent_statements_covered_display": "100"}, "missing_lines": [], "excluded_lines": [], "start_line": 102}, "interview": {"executed_lines": [112], "summary": {"covered_lines": 1, "num_statements": 1, "percent_covered": 100.0, "percent_covered_display": "100", "missing_lines": 0, "excluded_lines": 0, "percent_statements_covered": 100.0, "percent_statements_covered_display": "100"}, "missing_lines": [], "excluded_lines": [], "start_line": 110}, "import_cmd": {"executed_lines": [], "summary": {"covered_lines": 0, "num_statements": 1, "percent_covered": 0.0, "percent_covered_display": "0", "missing_lines": 1, "excluded_lines": 0, "percent_statements_covered": 0.0, "percent_statements_covered_display": "0"}, "missing_lines": [117], "excluded_lines": [], "start_line": 115}, "guardrails": {"executed_lines": [122], "summary": {"covered_lines": 1, "num_statements": 1, "percent_covered": 100.0, "percent_covered_display": "100", "missing_lines": 0, "excluded_lines": 0, "percent_statements_covered": 100.0, "percent_statements_covered_display": "100"}, "missing_lines": [], "excluded_lines": [], "start_line": 120}, "init": {"executed_lines": [], "summary": {"covered_lines": 0, "num_statements": 24, "percent_covered": 0.0, "percent_covered_display": "0", "missing_lines": 24, "excluded_lines": 0, "percent_statements_covered": 0.0, "percent_statements_covered_display": "0"}, "missing_lines": [135, 136, 137, 138, 139, 142, 143, 144, 147, 148, 149, 150, 151, 153, 154, 155, 156, 158, 161, 162, 163, 164, 169, 171], "excluded_lines": [], "start_line": 128}, "doctor": {"executed_lines": [179], "summary": {"covered_lines": 1, "num_statements": 1, "percent_covered": 100.0, "percent_covered_display": "100", "missing_lines": 0, "excluded_lines": 0, "percent_statements_covered": 100.0, "percent_statements_covered_display": "100"}, "missing_lines": [], "excluded_lines": [], "start_line": 177}, "close_task": {"executed_lines": [187], "summary": {"covered_lines": 1, "num_statements": 1, "percent_covered": 100.0, "percent_covered_display": "100", "missing_lines": 0, "excluded_lines": 0, "percent_statements_covered": 100.0, "percent_statements_covered_display": "100"}, "missing_lines": [], "excluded_lines": [], "start_line": 185}, "verify_task": {"executed_lines": [192], "summary": {"covered_lines": 1, "num_statements": 1, "percent_covered": 100.0, "percent_covered_display": "100", "missing_lines": 0, "excluded_lines": 0, "percent_statements_covered": 100.0, "percent_statements_covered_display": "100"}, "missing_lines": [], "excluded_lines": [], "start_line": 190}, "": {"executed_lines": [8, 9, 10, 12, 13, 15, 16, 18, 21, 41, 46, 51, 56, 61, 66, 74, 79, 84, 92, 97, 102, 110, 115, 120, 128, 177, 185, 190], "summary": {"covered_lines": 28, "num_statements": 28, "percent_covered": 100.0, "percent_covered_display": "100", "missing_lines": 0, "excluded_lines": 0, "percent_statements_covered": 100.0, "percent_statements_covered_display": "100"}, "missing_lines": [], "excluded_lines": [], "start_line": 1}}, "classes": {"": {"executed_lines": [8, 9, 10, 12, 13, 15, 16, 18, 21, 31, 32, 33, 35, 41, 43, 46, 48, 51, 53, 56, 58, 61, 63, 66, 68, 74, 76, 79, 81, 84, 86, 92, 94, 97, 99, 102, 104, 110, 112, 115, 120, 122, 128, 177, 179, 185, 187, 190, 192], "summary": {"covered_lines": 49, "num_statements": 74, "percent_covered": 66.21621621621621, "percent_covered_display": "66", "missing_lines": 25, "excluded_lines": 0, "percent_statements_covered": 66.21621621621621, "percent_statements_covered_display": "66"}, "missing_lines": [117, 135, 136, 137, 138, 139, 142, 143, 144, 147, 148, 149, 150, 151, 153, 154, 155, 156, 158, 161, 162, 163, 164, 169, 171], "excluded_lines": [], "start_line": 1}}}, "src/cub/cli/investigate.py": {"executed_lines": [7, 8, 9, 10, 11, 13, 14, 15, 17, 18, 19, 21, 22, 25, 28, 31, 32, 33, 34, 35, 36, 39, 196, 202, 212, 246, 389, 478, 595, 632, 699, 709, 710], "summary": {"covered_lines": 33, "num_statements": 275, "percent_covered": 12.0, "percent_covered_display": "12", "missing_lines": 242, "excluded_lines": 0, "percent_statements_covered": 12.0, "percent_statements_covered_display": "12"}, "missing_lines": [52, 53, 54, 57, 102, 115, 116, 119, 120, 121, 124, 133, 134, 137, 148, 149, 152, 164, 165, 168, 178, 179, 183, 184, 187, 188, 189, 193, 198, 199, 205, 206, 207, 208, 209, 223, 224, 226, 227, 229, 230, 237, 238, 239, 240, 241, 243, 258, 259, 261, 265, 268, 269, 272, 273, 274, 277, 279, 280, 300, 303, 305, 306, 307, 313, 314, 315, 316, 318, 319, 325, 326, 327, 328, 329, 332, 333, 334, 336, 356, 357, 358, 359, 360, 361, 362, 364, 366, 377, 380, 381, 386, 401, 402, 404, 407, 408, 409, 412, 414, 415, 417, 464, 467, 468, 475, 489, 490, 492, 495, 496, 497, 499, 581, 584, 585, 592, 606, 607, 609, 612, 614, 615, 623, 624, 625, 626, 627, 629, 643, 644, 646, 649, 651, 652, 654, 655, 658, 659, 661, 664, 667, 668, 675, 676, 678, 679, 694, 696, 757, 758, 760, 761, 762, 765, 767, 769, 770, 771, 772, 773, 774, 775, 776, 777, 778, 779, 780, 781, 782, 783, 784, 787, 788, 789, 790, 791, 792, 793, 794, 795, 797, 798, 799, 801, 802, 803, 804, 805, 806, 807, 809, 810, 811, 813, 816, 817, 819, 821, 823, 824, 827, 828, 829, 830, 831, 834, 835, 836, 837, 838, 841, 842, 843, 844, 847, 848, 849, 852, 853, 854, 855, 857, 858, 864, 865, 867, 868, 869, 870, 871, 875, 878, 879, 880, 881, 883, 884, 885, 887, 888, 890], "excluded_lines": [], "functions": {"categorize_capture": {"executed_lines": [], "summary": {"covered_lines": 0, "num_statements": 28, "percent_covered": 0.0, "percent_covered_display": "0", "missing_lines": 28, "excluded_lines": 0, "percent_statements_covered": 0.0, "percent_statements_covered_display": "0"}, "missing_lines": [52, 53, 54, 57, 102, 115, 116, 119, 120, 121, 124, 133, 134, 137, 148, 149, 152, 164, 165, 168, 178, 179, 183, 184, 187, 188, 189, 193], "excluded_lines": [], "start_line": 39}, "_ensure_investigations_dir": {"executed_lines": [], "summary": {"covered_lines": 0, "num_statements": 2, "percent_covered": 0.0, "percent_covered_display": "0", "missing_lines": 2, "excluded_lines": 0, "percent_statements_covered": 0.0, "percent_statements_covered_display": "0"}, "missing_lines": [198, 199], "excluded_lines": [], "start_line": 196}, "_extract_body_content": {"executed_lines": [], "summary": {"covered_lines": 0, "num_statements": 5, "percent_covered": 0.0, "percent_covered_display": "0", "missing_lines": 5, "excluded_lines": 0, "percent_statements_covered": 0.0, "percent_statements_covered_display": "0"}, "missing_lines": [205, 206, 207, 208, 209], "excluded_lines": [], "start_line": 202}, "process_quick_fix": {"executed_lines": [], "summary": {"covered_lines": 0, "num_statements": 12, "percent_covered": 0.0, "percent_covered_display": "0", "missing_lines": 12, "excluded_lines": 0, "percent_statements_covered": 0.0, "percent_statements_covered_display": "0"}, "missing_lines": [223, 224, 226, 227, 229, 230, 237, 238, 239, 240, 241, 243], "excluded_lines": [], "start_line": 212}, "process_audit": {"executed_lines": [], "summary": {"covered_lines": 0, "num_statements": 45, "percent_covered": 0.0, "percent_covered_display": "0", "missing_lines": 45, "excluded_lines": 0, "percent_statements_covered": 0.0, "percent_statements_covered_display": "0"}, "missing_lines": [258, 259, 261, 265, 268, 269, 272, 273, 274, 277, 279, 280, 300, 303, 305, 306, 307, 313, 314, 315, 316, 318, 319, 325, 326, 327, 328, 329, 332, 333, 334, 336, 356, 357, 358, 359, 360, 361, 362, 364, 366, 377, 380, 381, 386], "excluded_lines": [], "start_line": 246}, "process_research": {"executed_lines": [], "summary": {"covered_lines": 0, "num_statements": 14, "percent_covered": 0.0, "percent_covered_display": "0", "missing_lines": 14, "excluded_lines": 0, "percent_statements_covered": 0.0, "percent_statements_covered_display": "0"}, "missing_lines": [401, 402, 404, 407, 408, 409, 412, 414, 415, 417, 464, 467, 468, 475], "excluded_lines": [], "start_line": 389}, "process_design": {"executed_lines": [], "summary": {"covered_lines": 0, "num_statements": 11, "percent_covered": 0.0, "percent_covered_display": "0", "missing_lines": 11, "excluded_lines": 0, "percent_statements_covered": 0.0, "percent_statements_covered_display": "0"}, "missing_lines": [489, 490, 492, 495, 496, 497, 499, 581, 584, 585, 592], "excluded_lines": [], "start_line": 478}, "process_spike": {"executed_lines": [], "summary": {"covered_lines": 0, "num_statements": 12, "percent_covered": 0.0, "percent_covered_display": "0", "missing_lines": 12, "excluded_lines": 0, "percent_statements_covered": 0.0, "percent_statements_covered_display": "0"}, "missing_lines": [606, 607, 609, 612, 614, 615, 623, 624, 625, 626, 627, 629], "excluded_lines": [], "start_line": 595}, "process_unclear": {"executed_lines": [], "summary": {"covered_lines": 0, "num_statements": 20, "percent_covered": 0.0, "percent_covered_display": "0", "missing_lines": 20, "excluded_lines": 0, "percent_statements_covered": 0.0, "percent_statements_covered_display": "0"}, "missing_lines": [643, 644, 646, 649, 651, 652, 654, 655, 658, 659, 661, 664, 667, 668, 675, 676, 678, 679, 694, 696], "excluded_lines": [], "start_line": 632}, "investigate": {"executed_lines": [], "summary": {"covered_lines": 0, "num_statements": 93, "percent_covered": 0.0, "percent_covered_display": "0", "missing_lines": 93, "excluded_lines": 0, "percent_statements_covered": 0.0, "percent_statements_covered_display": "0"}, "missing_lines": [757, 758, 760, 761, 762, 765, 767, 769, 770, 771, 772, 773, 774, 775, 776, 777, 778, 779, 780, 781, 782, 783, 784, 787, 788, 789, 790, 791, 792, 793, 794, 795, 797, 798, 799, 801, 802, 803, 804, 805, 806, 807, 809, 810, 811, 813, 816, 817, 819, 821, 823, 824, 827, 828, 829, 830, 831, 834, 835, 836, 837, 838, 841, 842, 843, 844, 847, 848, 849, 852, 853, 854, 855, 857, 858, 864, 865, 867, 868, 869, 870, 871, 875, 878, 879, 880, 881, 883, 884, 885, 887, 888, 890], "excluded_lines": [], "start_line": 710}, "": {"executed_lines": [7, 8, 9, 10, 11, 13, 14, 15, 17, 18, 19, 21, 22, 25, 28, 31, 32, 33, 34, 35, 36, 39, 196, 202, 212, 246, 389, 478, 595, 632, 699, 709, 710], "summary": {"covered_lines": 33, "num_statements": 33, "percent_covered": 100.0, "percent_covered_display": "100", "missing_lines": 0, "excluded_lines": 0, "percent_statements_covered": 100.0, "percent_statements_covered_display": "100"}, "missing_lines": [], "excluded_lines": [], "start_line": 1}}, "classes": {"CaptureCategory": {"executed_lines": [], "summary": {"covered_lines": 0, "num_statements": 0, "percent_covered": 100.0, "percent_covered_display": "100", "missing_lines": 0, "excluded_lines": 0, "percent_statements_covered": 100.0, "percent_statements_covered_display": "100"}, "missing_lines": [], "excluded_lines": [], "start_line": 28}, "": {"executed_lines": [7, 8, 9, 10, 11, 13, 14, 15, 17, 18, 19, 21, 22, 25, 28, 31, 32, 33, 34, 35, 36, 39, 196, 202, 212, 246, 389, 478, 595, 632, 699, 709, 710], "summary": {"covered_lines": 33, "num_statements": 275, "percent_covered": 12.0, "percent_covered_display": "12", "missing_lines": 242, "excluded_lines": 0, "percent_statements_covered": 12.0, "percent_statements_covered_display": "12"}, "missing_lines": [52, 53, 54, 57, 102, 115, 116, 119, 120, 121, 124, 133, 134, 137, 148, 149, 152, 164, 165, 168, 178, 179, 183, 184, 187, 188, 189, 193, 198, 199, 205, 206, 207, 208, 209, 223, 224, 226, 227, 229, 230, 237, 238, 239, 240, 241, 243, 258, 259, 261, 265, 268, 269, 272, 273, 274, 277, 279, 280, 300, 303, 305, 306, 307, 313, 314, 315, 316, 318, 319, 325, 326, 327, 328, 329, 332, 333, 334, 336, 356, 357, 358, 359, 360, 361, 362, 364, 366, 377, 380, 381, 386, 401, 402, 404, 407, 408, 409, 412, 414, 415, 417, 464, 467, 468, 475, 489, 490, 492, 495, 496, 497, 499, 581, 584, 585, 592, 606, 607, 609, 612, 614, 615, 623, 624, 625, 626, 627, 629, 643, 644, 646, 649, 651, 652, 654, 655, 658, 659, 661, 664, 667, 668, 675, 676, 678, 679, 694, 696, 757, 758, 760, 761, 762, 765, 767, 769, 770, 771, 772, 773, 774, 775, 776, 777, 778, 779, 780, 781, 782, 783, 784, 787, 788, 789, 790, 791, 792, 793, 794, 795, 797, 798, 799, 801, 802, 803, 804, 805, 806, 807, 809, 810, 811, 813, 816, 817, 819, 821, 823, 824, 827, 828, 829, 830, 831, 834, 835, 836, 837, 838, 841, 842, 843, 844, 847, 848, 849, 852, 853, 854, 855, 857, 858, 864, 865, 867, 868, 869, 870, 871, 875, 878, 879, 880, 881, 883, 884, 885, 887, 888, 890], "excluded_lines": [], "start_line": 1}}}, "src/cub/cli/merge.py": {"executed_lines": [7, 9, 10, 12, 13, 15, 16, 18, 25, 28, 29, 174, 175], "summary": {"covered_lines": 13, "num_statements": 101, "percent_covered": 12.871287128712872, "percent_covered_display": "13", "missing_lines": 88, "excluded_lines": 0, "percent_statements_covered": 12.871287128712872, "percent_statements_covered_display": "13"}, "missing_lines": [96, 97, 100, 101, 102, 103, 104, 106, 108, 109, 112, 113, 116, 117, 118, 119, 120, 121, 122, 123, 124, 125, 127, 128, 129, 130, 132, 133, 134, 135, 136, 137, 138, 140, 141, 142, 143, 144, 145, 146, 149, 156, 157, 158, 160, 161, 162, 164, 166, 167, 168, 169, 170, 171, 200, 202, 203, 204, 207, 208, 209, 210, 211, 212, 213, 214, 215, 216, 218, 219, 220, 222, 223, 225, 226, 227, 228, 230, 231, 232, 233, 234, 236, 237, 238, 239, 240, 241], "excluded_lines": [], "functions": {"merge_command": {"executed_lines": [], "summary": {"covered_lines": 0, "num_statements": 54, "percent_covered": 0.0, "percent_covered_display": "0", "missing_lines": 54, "excluded_lines": 0, "percent_statements_covered": 0.0, "percent_statements_covered_display": "0"}, "missing_lines": [96, 97, 100, 101, 102, 103, 104, 106, 108, 109, 112, 113, 116, 117, 118, 119, 120, 121, 122, 123, 124, 125, 127, 128, 129, 130, 132, 133, 134, 135, 136, 137, 138, 140, 141, 142, 143, 144, 145, 146, 149, 156, 157, 158, 160, 161, 162, 164, 166, 167, 168, 169, 170, 171], "excluded_lines": [], "start_line": 29}, "wait": {"executed_lines": [], "summary": {"covered_lines": 0, "num_statements": 34, "percent_covered": 0.0, "percent_covered_display": "0", "missing_lines": 34, "excluded_lines": 0, "percent_statements_covered": 0.0, "percent_statements_covered_display": "0"}, "missing_lines": [200, 202, 203, 204, 207, 208, 209, 210, 211, 212, 213, 214, 215, 216, 218, 219, 220, 222, 223, 225, 226, 227, 228, 230, 231, 232, 233, 234, 236, 237, 238, 239, 240, 241], "excluded_lines": [], "start_line": 175}, "": {"executed_lines": [7, 9, 10, 12, 13, 15, 16, 18, 25, 28, 29, 174, 175], "summary": {"covered_lines": 13, "num_statements": 13, "percent_covered": 100.0, "percent_covered_display": "100", "missing_lines": 0, "excluded_lines": 0, "percent_statements_covered": 100.0, "percent_statements_covered_display": "100"}, "missing_lines": [], "excluded_lines": [], "start_line": 1}}, "classes": {"": {"executed_lines": [7, 9, 10, 12, 13, 15, 16, 18, 25, 28, 29, 174, 175], "summary": {"covered_lines": 13, "num_statements": 101, "percent_covered": 12.871287128712872, "percent_covered_display": "13", "missing_lines": 88, "excluded_lines": 0, "percent_statements_covered": 12.871287128712872, "percent_statements_covered_display": "13"}, "missing_lines": [96, 97, 100, 101, 102, 103, 104, 106, 108, 109, 112, 113, 116, 117, 118, 119, 120, 121, 122, 123, 124, 125, 127, 128, 129, 130, 132, 133, 134, 135, 136, 137, 138, 140, 141, 142, 143, 144, 145, 146, 149, 156, 157, 158, 160, 161, 162, 164, 166, 167, 168, 169, 170, 171, 200, 202, 203, 204, 207, 208, 209, 210, 211, 212, 213, 214, 215, 216, 218, 219, 220, 222, 223, 225, 226, 227, 228, 230, 231, 232, 233, 234, 236, 237, 238, 239, 240, 241], "excluded_lines": [], "start_line": 1}}}, "src/cub/cli/monitor.py": {"executed_lines": [7, 8, 10, 11, 12, 13, 15, 16, 17, 19, 25, 28, 29, 184, 230], "summary": {"covered_lines": 15, "num_statements": 100, "percent_covered": 15.0, "percent_covered_display": "15", "missing_lines": 85, "excluded_lines": 0, "percent_statements_covered": 15.0, "percent_statements_covered_display": "15"}, "missing_lines": [66, 67, 70, 71, 72, 75, 76, 77, 78, 81, 84, 85, 86, 89, 90, 91, 94, 96, 97, 98, 99, 100, 103, 105, 106, 107, 109, 110, 111, 117, 118, 121, 122, 128, 129, 130, 134, 137, 138, 140, 141, 147, 149, 151, 153, 154, 157, 159, 160, 163, 165, 166, 167, 170, 171, 172, 173, 174, 175, 176, 178, 179, 181, 192, 194, 195, 196, 199, 200, 201, 202, 203, 205, 206, 208, 209, 210, 211, 212, 213, 215, 217, 224, 226, 227], "excluded_lines": [], "functions": {"monitor": {"executed_lines": [], "summary": {"covered_lines": 0, "num_statements": 63, "percent_covered": 0.0, "percent_covered_display": "0", "missing_lines": 63, "excluded_lines": 0, "percent_statements_covered": 0.0, "percent_statements_covered_display": "0"}, "missing_lines": [66, 67, 70, 71, 72, 75, 76, 77, 78, 81, 84, 85, 86, 89, 90, 91, 94, 96, 97, 98, 99, 100, 103, 105, 106, 107, 109, 110, 111, 117, 118, 121, 122, 128, 129, 130, 134, 137, 138, 140, 141, 147, 149, 151, 153, 154, 157, 159, 160, 163, 165, 166, 167, 170, 171, 172, 173, 174, 175, 176, 178, 179, 181], "excluded_lines": [], "start_line": 29}, "_show_running_sessions": {"executed_lines": [], "summary": {"covered_lines": 0, "num_statements": 22, "percent_covered": 0.0, "percent_covered_display": "0", "missing_lines": 22, "excluded_lines": 0, "percent_statements_covered": 0.0, "percent_statements_covered_display": "0"}, "missing_lines": [192, 194, 195, 196, 199, 200, 201, 202, 203, 205, 206, 208, 209, 210, 211, 212, 213, 215, 217, 224, 226, 227], "excluded_lines": [], "start_line": 184}, "": {"executed_lines": [7, 8, 10, 11, 12, 13, 15, 16, 17, 19, 25, 28, 29, 184, 230], "summary": {"covered_lines": 15, "num_statements": 15, "percent_covered": 100.0, "percent_covered_display": "100", "missing_lines": 0, "excluded_lines": 0, "percent_statements_covered": 100.0, "percent_statements_covered_display": "100"}, "missing_lines": [], "excluded_lines": [], "start_line": 1}}, "classes": {"": {"executed_lines": [7, 8, 10, 11, 12, 13, 15, 16, 17, 19, 25, 28, 29, 184, 230], "summary": {"covered_lines": 15, "num_statements": 100, "percent_covered": 15.0, "percent_covered_display": "15", "missing_lines": 85, "excluded_lines": 0, "percent_statements_covered": 15.0, "percent_statements_covered_display": "15"}, "missing_lines": [66, 67, 70, 71, 72, 75, 76, 77, 78, 81, 84, 85, 86, 89, 90, 91, 94, 96, 97, 98, 99, 100, 103, 105, 106, 107, 109, 110, 111, 117, 118, 121, 122, 128, 129, 130, 134, 137, 138, 140, 141, 147, 149, 151, 153, 154, 157, 159, 160, 163, 165, 166, 167, 170, 171, 172, 173, 174, 175, 176, 178, 179, 181, 192, 194, 195, 196, 199, 200, 201, 202, 203, 205, 206, 208, 209, 210, 211, 212, 213, 215, 217, 224, 226, 227], "excluded_lines": [], "start_line": 1}}}, "src/cub/cli/organize_captures.py": {"executed_lines": [8, 9, 11, 12, 13, 14, 16, 17, 19, 22, 34, 35, 36, 37, 40, 43, 46, 81, 84, 85, 86, 88, 89, 91, 94, 95, 96, 97, 100, 101, 102, 103, 105, 108, 110, 111, 112, 113, 116, 117, 118, 121, 122, 123, 124, 126, 127, 128, 129, 131, 137, 138, 141, 142, 143, 145, 152, 153, 154, 156, 157, 158, 159, 160, 167, 168, 173, 189, 191, 194, 196, 206, 207, 208, 219, 220, 221, 223, 225, 227, 228, 229, 230, 232, 246, 259, 270, 271, 273, 276, 278, 279, 283, 286, 287, 288, 292, 301, 304, 305, 306], "summary": {"covered_lines": 101, "num_statements": 157, "percent_covered": 64.3312101910828, "percent_covered_display": "64", "missing_lines": 56, "excluded_lines": 0, "percent_statements_covered": 64.3312101910828, "percent_statements_covered_display": "64"}, "missing_lines": [41, 146, 147, 148, 149, 161, 162, 163, 164, 169, 170, 240, 242, 243, 248, 250, 274, 280, 289, 308, 310, 311, 313, 314, 315, 316, 319, 320, 323, 324, 326, 328, 329, 330, 331, 332, 335, 336, 339, 340, 342, 343, 344, 347, 348, 350, 352, 353, 354, 356, 359, 360, 362, 364, 366, 369], "excluded_lines": [], "functions": {"generate_slug": {"executed_lines": [34, 35, 36, 37, 40, 43], "summary": {"covered_lines": 6, "num_statements": 7, "percent_covered": 85.71428571428571, "percent_covered_display": "86", "missing_lines": 1, "excluded_lines": 0, "percent_statements_covered": 85.71428571428571, "percent_statements_covered_display": "86"}, "missing_lines": [41], "excluded_lines": [], "start_line": 22}, "organize_captures": {"executed_lines": [81, 84, 85, 86, 88, 89, 91, 94, 95, 96, 97, 100, 101, 102, 103, 105, 108, 110, 111, 112, 113, 116, 117, 118, 121, 122, 123, 124, 126, 127, 128, 129, 131, 137, 138, 141, 142, 143, 145, 152, 153, 154, 156, 157, 158, 159, 160, 167, 168], "summary": {"covered_lines": 49, "num_statements": 59, "percent_covered": 83.05084745762711, "percent_covered_display": "83", "missing_lines": 10, "excluded_lines": 0, "percent_statements_covered": 83.05084745762711, "percent_statements_covered_display": "83"}, "missing_lines": [146, 147, 148, 149, 161, 162, 163, 164, 169, 170], "excluded_lines": [], "start_line": 46}, "analyze_file": {"executed_lines": [189, 191, 194, 196, 206, 207, 208, 219, 220, 221, 223, 225, 227, 228, 229, 230, 232, 246], "summary": {"covered_lines": 18, "num_statements": 23, "percent_covered": 78.26086956521739, "percent_covered_display": "78", "missing_lines": 5, "excluded_lines": 0, "percent_statements_covered
[...]
666666667, "percent_covered_display": "92", "missing_lines": 4, "excluded_lines": 0, "percent_statements_covered": 91.66666666666667, "percent_statements_covered_display": "92"}, "missing_lines": [96, 98, 119, 121], "excluded_lines": [], "functions": {"StatusWatcher.__init__": {"executed_lines": [46, 47, 48, 51, 52], "summary": {"covered_lines": 5, "num_statements": 5, "percent_covered": 100.0, "percent_covered_display": "100", "missing_lines": 0, "excluded_lines": 0, "percent_statements_covered": 100.0, "percent_statements_covered_display": "100"}, "missing_lines": [], "excluded_lines": [], "start_line": 32}, "StatusWatcher.poll": {"executed_lines": [65, 67, 68, 69, 70, 72, 74, 75, 77, 80, 81, 82, 85, 86, 87, 88, 89, 92, 94], "summary": {"covered_lines": 19, "num_statements": 21, "percent_covered": 90.47619047619048, "percent_covered_display": "90", "missing_lines": 2, "excluded_lines": 0, "percent_statements_covered": 90.47619047619048, "percent_statements_covered_display": "90"}, "missing_lines": [96, 98], "excluded_lines": [], "start_line": 54}, "StatusWatcher._read_status": {"executed_lines": [109, 110, 111, 112, 113, 115, 116, 118], "summary": {"covered_lines": 8, "num_statements": 10, "percent_covered": 80.0, "percent_covered_display": "80", "missing_lines": 2, "excluded_lines": 0, "percent_statements_covered": 80.0, "percent_statements_covered_display": "80"}, "missing_lines": [119, 121], "excluded_lines": [], "start_line": 100}, "StatusWatcher.get_interval": {"executed_lines": [125], "summary": {"covered_lines": 1, "num_statements": 1, "percent_covered": 100.0, "percent_covered_display": "100", "missing_lines": 0, "excluded_lines": 0, "percent_statements_covered": 100.0, "percent_statements_covered_display": "100"}, "missing_lines": [], "excluded_lines": [], "start_line": 123}, "StatusWatcher.set_on_change": {"executed_lines": [129], "summary": {"covered_lines": 1, "num_statements": 1, "percent_covered": 100.0, "percent_covered_display": "100", "missing_lines": 0, "excluded_lines": 0, "percent_statements_covered": 100.0, "percent_statements_covered_display": "100"}, "missing_lines": [], "excluded_lines": [], "start_line": 127}, "": {"executed_lines": [7, 8, 9, 11, 14, 32, 54, 100, 123, 127], "summary": {"covered_lines": 10, "num_statements": 10, "percent_covered": 100.0, "percent_covered_display": "100", "missing_lines": 0, "excluded_lines": 0, "percent_statements_covered": 100.0, "percent_statements_covered_display": "100"}, "missing_lines": [], "excluded_lines": [], "start_line": 1}}, "classes": {"StatusWatcher": {"executed_lines": [46, 47, 48, 51, 52, 65, 67, 68, 69, 70, 72, 74, 75, 77, 80, 81, 82, 85, 86, 87, 88, 89, 92, 94, 109, 110, 111, 112, 113, 115, 116, 118, 125, 129], "summary": {"covered_lines": 34, "num_statements": 38, "percent_covered": 89.47368421052632, "percent_covered_display": "89", "missing_lines": 4, "excluded_lines": 0, "percent_statements_covered": 89.47368421052632, "percent_statements_covered_display": "89"}, "missing_lines": [96, 98, 119, 121], "excluded_lines": [], "start_line": 14}, "": {"executed_lines": [7, 8, 9, 11, 14, 32, 54, 100, 123, 127], "summary": {"covered_lines": 10, "num_statements": 10, "percent_covered": 100.0, "percent_covered_display": "100", "missing_lines": 0, "excluded_lines": 0, "percent_statements_covered": 100.0, "percent_statements_covered_display": "100"}, "missing_lines": [], "excluded_lines": [], "start_line": 1}}}, "src/cub/dashboard/tmux.py": {"executed_lines": [9, 10, 11, 12, 13, 14, 15, 17, 19, 22, 32, 42, 171], "summary": {"covered_lines": 13, "num_statements": 53, "percent_covered": 24.528301886792452, "percent_covered_display": "25", "missing_lines": 40, "excluded_lines": 0, "percent_statements_covered": 24.528301886792452, "percent_statements_covered_display": "25"}, "missing_lines": [29, 39, 70, 71, 78, 80, 81, 88, 91, 95, 96, 97, 101, 102, 105, 106, 108, 109, 110, 111, 112, 113, 115, 120, 138, 153, 160, 162, 163, 164, 165, 167, 168, 181, 183, 184, 187, 188, 192, 194], "excluded_lines": [], "functions": {"is_tmux_available": {"executed_lines": [], "summary": {"covered_lines": 0, "num_statements": 1, "percent_covered": 0.0, "percent_covered_display": "0", "missing_lines": 1, "excluded_lines": 0, "percent_statements_covered": 0.0, "percent_statements_covered_display": "0"}, "missing_lines": [29], "excluded_lines": [], "start_line": 22}, "is_inside_tmux": {"executed_lines": [], "summary": {"covered_lines": 0, "num_statements": 1, "percent_covered": 0.0, "percent_covered_display": "0", "missing_lines": 1, "excluded_lines": 0, "percent_statements_covered": 0.0, "percent_statements_covered_display": "0"}, "missing_lines": [39], "excluded_lines": [], "start_line": 32}, "launch_with_dashboard": {"executed_lines": [], "summary": {"covered_lines": 0, "num_statements": 31, "percent_covered": 0.0, "percent_covered_display": "0", "missing_lines": 31, "excluded_lines": 0, "percent_statements_covered": 0.0, "percent_statements_covered_display": "0"}, "missing_lines": [70, 71, 78, 80, 81, 88, 91, 95, 96, 97, 101, 102, 105, 106, 108, 109, 110, 111, 112, 113, 115, 120, 138, 153, 160, 162, 163, 164, 165, 167, 168], "excluded_lines": [], "start_line": 42}, "get_dashboard_pane_size": {"executed_lines": [], "summary": {"covered_lines": 0, "num_statements": 7, "percent_covered": 0.0, "percent_covered_display": "0", "missing_lines": 7, "excluded_lines": 0, "percent_statements_covered": 0.0, "percent_statements_covered_display": "0"}, "missing_lines": [181, 183, 184, 187, 188, 192, 194], "excluded_lines": [], "start_line": 171}, "": {"executed_lines": [9, 10, 11, 12, 13, 14, 15, 17, 19, 22, 32, 42, 171], "summary": {"covered_lines": 13, "num_statements": 13, "percent_covered": 100.0, "percent_covered_display": "100", "missing_lines": 0, "excluded_lines": 0, "percent_statements_covered": 100.0, "percent_statements_covered_display": "100"}, "missing_lines": [], "excluded_lines": [], "start_line": 1}}, "classes": {"": {"executed_lines": [9, 10, 11, 12, 13, 14, 15, 17, 19, 22, 32, 42, 171], "summary": {"covered_lines": 13, "num_statements": 53, "percent_covered": 24.528301886792452, "percent_covered_display": "25", "missing_lines": 40, "excluded_lines": 0, "percent_statements_covered": 24.528301886792452, "percent_statements_covered_display": "25"}, "missing_lines": [29, 39, 70, 71, 78, 80, 81, 88, 91, 95, 96, 97, 101, 102, 105, 106, 108, 109, 110, 111, 112, 113, 115, 120, 138, 153, 160, 162, 163, 164, 165, 167, 168, 181, 183, 184, 187, 188, 192, 194], "excluded_lines": [], "start_line": 1}}}, "src/cub/utils/__init__.py": {"executed_lines": [3, 4, 6], "summary": {"covered_lines": 3, "num_statements": 3, "percent_covered": 100.0, "percent_covered_display": "100", "missing_lines": 0, "excluded_lines": 0, "percent_statements_covered": 100.0, "percent_statements_covered_display": "100"}, "missing_lines": [], "excluded_lines": [], "functions": {"": {"executed_lines": [3, 4, 6], "summary": {"covered_lines": 3, "num_statements": 3, "percent_covered": 100.0, "percent_covered_display": "100", "missing_lines": 0, "excluded_lines": 0, "percent_statements_covered": 100.0, "percent_statements_covered_display": "100"}, "missing_lines": [], "excluded_lines": [], "start_line": 1}}, "classes": {"": {"executed_lines": [3, 4, 6], "summary": {"covered_lines": 3, "num_statements": 3, "percent_covered": 100.0, "percent_covered_display": "100", "missing_lines": 0, "excluded_lines": 0, "percent_statements_covered": 100.0, "percent_statements_covered_display": "100"}, "missing_lines": [], "excluded_lines": [], "start_line": 1}}}, "src/cub/utils/hooks.py": {"executed_lines": [28, 29, 30, 31, 33, 34, 37, 40, 41, 49, 50, 51, 52, 53, 54, 55, 57, 58, 59, 61, 63, 70, 80, 81, 82, 83, 84, 85, 87, 88, 89, 92, 114, 115, 117, 121, 122, 124, 127, 128, 129, 130, 133, 134, 135, 136, 138, 141, 171, 172, 174, 178, 180, 181, 184, 185, 188, 191, 192, 195, 198, 199, 202, 203, 204, 206, 216, 218, 219, 222, 223, 227, 228, 229, 233, 234, 255, 258, 286, 287, 289, 293, 295, 296, 299, 305, 306, 309, 312, 313, 316, 317, 320, 321, 323, 330, 340, 359, 360, 361, 364, 365, 369, 371, 372, 383, 386, 393], "summary": {"covered_lines": 108, "num_statements": 133, "percent_covered": 81.203007518797, "percent_covered_display": "81", "missing_lines": 25, "excluded_lines": 1, "percent_statements_covered": 81.203007518797, "percent_statements_covered_display": "81"}, "missing_lines": [118, 175, 230, 236, 237, 238, 242, 243, 245, 246, 247, 251, 252, 290, 301, 302, 332, 334, 370, 374, 375, 376, 377, 379, 380], "excluded_lines": [341], "functions": {"HookContext.to_env_dict": {"executed_lines": [70, 80, 81, 82, 83, 84, 85, 87, 88, 89], "summary": {"covered_lines": 10, "num_statements": 10, "percent_covered": 100.0, "percent_covered_display": "100", "missing_lines": 0, "excluded_lines": 0, "percent_statements_covered": 100.0, "percent_statements_covered_display": "100"}, "missing_lines": [], "excluded_lines": [], "start_line": 63}, "find_hook_scripts": {"executed_lines": [114, 115, 117, 121, 122, 124, 127, 128, 129, 130, 133, 134, 135, 136, 138], "summary": {"covered_lines": 15, "num_statements": 16, "percent_covered": 93.75, "percent_covered_display": "94", "missing_lines": 1, "excluded_lines": 0, "percent_statements_covered": 93.75, "percent_statements_covered_display": "94"}, "missing_lines": [118], "excluded_lines": [], "start_line": 92}, "run_hooks": {"executed_lines": [171, 172, 174, 178, 180, 181, 184, 185, 188, 191, 192, 195, 198, 199, 202, 203, 204, 206, 216, 218, 219, 222, 223, 227, 228, 229, 233, 234, 255], "summary": {"covered_lines": 29, "num_statements": 41, "percent_covered": 70.73170731707317, "percent_covered_display": "71", "missing_lines": 12, "excluded_lines": 0, "percent_statements_covered": 70.73170731707317, "percent_statements_covered_display": "71"}, "missing_lines": [175, 230, 236, 237, 238, 242, 243, 245, 246, 247, 251, 252], "excluded_lines": [], "start_line": 141}, "run_hooks_async": {"executed_lines": [286, 287, 289, 293, 295, 296, 299, 305, 306, 309, 312, 313, 316, 317, 320, 321, 323, 330], "summary": {"covered_lines": 18, "num_statements": 23, "percent_covered": 78.26086956521739, "percent_covered_display": "78", "missing_lines": 5, "excluded_lines": 0, "percent_statements_covered": 78.26086956521739, "percent_statements_covered_display": "78"}, "missing_lines": [290, 301, 302, 332, 334], "excluded_lines": [], "start_line": 258}, "wait_async_hooks": {"executed_lines": [359, 360, 361, 364, 365, 369, 371, 372, 383], "summary": {"covered_lines": 9, "num_statements": 16, "percent_covered": 56.25, "percent_covered_display": "56", "missing_lines": 7, "excluded_lines": 1, "percent_statements_covered": 56.25, "percent_statements_covered_display": "56"}, "missing_lines": [370, 374, 375, 376, 377, 379, 380], "excluded_lines": [341], "start_line": 340}, "clear_async_hooks": {"executed_lines": [393], "summary": {"covered_lines": 1, "num_statements": 1, "percent_covered": 100.0, "percent_covered_display": "100", "missing_lines": 0, "excluded_lines": 0, "percent_statements_covered": 100.0, "percent_statements_covered_display": "100"}, "missing_lines": [], "excluded_lines": [], "start_line": 386}, "": {"executed_lines": [28, 29, 30, 31, 33, 34, 37, 40, 41, 49, 50, 51, 52, 53, 54, 55, 57, 58, 59, 61, 63, 92, 141, 258, 340, 386], "summary": {"covered_lines": 26, "num_statements": 26, "percent_covered": 100.0, "percent_covered_display": "100", "missing_lines": 0, "excluded_lines": 0, "percent_statements_covered": 100.0, "percent_statements_covered_display": "100"}, "missing_lines": [], "excluded_lines": [], "start_line": 1}}, "classes": {"HookContext": {"executed_lines": [70, 80, 81, 82, 83, 84, 85, 87, 88, 89], "summary": {"covered_lines": 10, "num_statements": 10, "percent_covered": 100.0, "percent_covered_display": "100", "missing_lines": 0, "excluded_lines": 0, "percent_statements_covered": 100.0, "percent_statements_covered_display": "100"}, "missing_lines": [], "excluded_lines": [], "start_line": 41}, "": {"executed_lines": [28, 29, 30, 31, 33, 34, 37, 40, 41, 49, 50, 51, 52, 53, 54, 55, 57, 58, 59, 61, 63, 92, 114, 115, 117, 121, 122, 124, 127, 128, 129, 130, 133, 134, 135, 136, 138, 141, 171, 172, 174, 178, 180, 181, 184, 185, 188, 191, 192, 195, 198, 199, 202, 203, 204, 206, 216, 218, 219, 222, 223, 227, 228, 229, 233, 234, 255, 258, 286, 287, 289, 293, 295, 296, 299, 305, 306, 309, 312, 313, 316, 317, 320, 321, 323, 330, 340, 359, 360, 361, 364, 365, 369, 371, 372, 383, 386, 393], "summary": {"covered_lines": 98, "num_statements": 123, "percent_covered": 79.67479674796748, "percent_covered_display": "80", "missing_lines": 25, "excluded_lines": 1, "percent_statements_covered": 79.67479674796748, "percent_statements_covered_display": "80"}, "missing_lines": [118, 175, 230, 236, 237, 238, 242, 243, 245, 246, 247, 251, 252, 290, 301, 302, 332, 334, 370, 374, 375, 376, 377, 379, 380], "excluded_lines": [341], "start_line": 1}}}, "src/cub/utils/logging.py": {"executed_lines": [15, 16, 17, 18, 19, 21, 24, 27, 28, 29, 30, 31, 32, 35, 38, 40, 41, 42, 45, 58, 65, 66, 68, 70, 72, 73, 89, 90, 91, 92, 95, 96, 97, 99, 100, 102, 104, 116, 117, 119, 121, 124, 127, 128, 130, 134, 136, 145, 149, 169, 176, 177, 178, 179, 181, 183, 190, 192, 201, 210, 219, 229, 237, 238, 239, 241, 243], "summary": {"covered_lines": 67, "num_statements": 68, "percent_covered": 98.52941176470588, "percent_covered_display": "99", "missing_lines": 1, "excluded_lines": 0, "percent_statements_covered": 98.52941176470588, "percent_statements_covered_display": "99"}, "missing_lines": [245], "excluded_lines": [], "functions": {"CubLogger.__init__": {"executed_lines": [65, 66], "summary": {"covered_lines": 2, "num_statements": 2, "percent_covered": 100.0, "percent_covered_display": "100", "missing_lines": 0, "excluded_lines": 0, "percent_statements_covered": 100.0, "percent_statements_covered_display": "100"}, "missing_lines": [], "excluded_lines": [], "start_line": 58}, "CubLogger._ensure_log_dir": {"executed_lines": [70], "summary": {"covered_lines": 1, "num_statements": 1, "percent_covered": 100.0, "percent_covered_display": "100", "missing_lines": 0, "excluded_lines": 0, "percent_statements_covered": 100.0, "percent_statements_covered_display": "100"}, "missing_lines": [], "excluded_lines": [], "start_line": 68}, "CubLogger.init": {"executed_lines": [89, 90, 91, 92, 95, 96, 97, 99, 100, 102], "summary": {"covered_lines": 10, "num_statements": 10, "percent_covered": 100.0, "percent_covered_display": "100", "missing_lines": 0, "excluded_lines": 0, "percent_statements_covered": 100.0, "percent_statements_covered_display": "100"}, "missing_lines": [], "excluded_lines": [], "start_line": 73}, "CubLogger.log_event": {"executed_lines": [116, 117, 119, 121, 124, 127, 128, 130, 134], "summary": {"covered_lines": 9, "num_statements": 9, "percent_covered": 100.0, "percent_covered_display": "100", "missing_lines": 0, "excluded_lines": 0, "percent_statements_covered": 100.0, "percent_statements_covered_display": "100"}, "missing_lines": [], "excluded_lines": [], "start_line": 104}, "CubLogger.log_task_start": {"executed_lines": [145], "summary": {"covered_lines": 1, "num_statements": 1, "percent_covered": 100.0, "percent_covered_display": "100", "missing_lines": 0, "excluded_lines": 0, "percent_statements_covered": 100.0, "percent_statements_covered_display": "100"}, "missing_lines": [], "excluded_lines": [], "start_line": 136}, "CubLogger.log_task_end": {"executed_lines": [169, 176, 177, 178, 179, 181], "summary": {"covered_lines": 6, "num_statements": 6, "percent_covered": 100.0, "percent_covered_display": "100", "missing_lines": 0, "excluded_lines": 0, "percent_statements_covered": 100.0, "percent_statements_covered_display": "100"}, "missing_lines": [], "excluded_lines": [], "start_line": 149}, "CubLogger.log_loop_start": {"executed_lines": [190], "summary": {"covered_lines": 1, "num_statements": 1, "percent_covered": 100.0, "percent_covered_display": "100", "missing_lines": 0, "excluded_lines": 0, "percent_statements_covered": 100.0, "percent_statements_covered_display": "100"}, "missing_lines": [], "excluded_lines": [], "start_line": 183}, "CubLogger.log_loop_end": {"executed_lines": [201], "summary": {"covered_lines": 1, "num_statements": 1, "percent_covered": 100.0, "percent_covered_display": "100", "missing_lines": 0, "excluded_lines": 0, "percent_statements_covered": 100.0, "percent_statements_covered_display": "100"}, "missing_lines": [], "excluded_lines": [], "start_line": 192}, "CubLogger.log_budget_warning": {"executed_lines": [219], "summary": {"covered_lines": 1, "num_statements": 1, "percent_covered": 100.0, "percent_covered_display": "100", "missing_lines": 0, "excluded_lines": 0, "percent_statements_covered": 100.0, "percent_statements_covered_display": "100"}, "missing_lines": [], "excluded_lines": [], "start_line": 210}, "CubLogger.log_error": {"executed_lines": [237, 238, 239, 241], "summary": {"covered_lines": 4, "num_statements": 4, "percent_covered": 100.0, "percent_covered_display": "100", "missing_lines": 0, "excluded_lines": 0, "percent_statements_covered": 100.0, "percent_statements_covered_display": "100"}, "missing_lines": [], "excluded_lines": [], "start_line": 229}, "CubLogger.get_log_file": {"executed_lines": [], "summary": {"covered_lines": 0, "num_statements": 1, "percent_covered": 0.0, "percent_covered_display": "0", "missing_lines": 1, "excluded_lines": 0, "percent_statements_covered": 0.0, "percent_statements_covered_display": "0"}, "missing_lines": [245], "excluded_lines": [], "start_line": 243}, "": {"executed_lines": [15, 16, 17, 18, 19, 21, 24, 27, 28, 29, 30, 31, 32, 35, 38, 40, 41, 42, 45, 58, 68, 72, 73, 104, 136, 149, 183, 192, 210, 229, 243], "summary": {"covered_lines": 31, "num_statements": 31, "percent_covered": 100.0, "percent_covered_display": "100", "missing_lines": 0, "excluded_lines": 0, "percent_statements_covered": 100.0, "percent_statements_covered_display": "100"}, "missing_lines": [], "excluded_lines": [], "start_line": 1}}, "classes": {"EventType": {"executed_lines": [], "summary": {"covered_lines": 0, "num_statements": 0, "percent_covered": 100.0, "percent_covered_display": "100", "missing_lines": 0, "excluded_lines": 0, "percent_statements_covered": 100.0, "percent_statements_covered_display": "100"}, "missing_lines": [], "excluded_lines": [], "start_line": 24}, "LogEntry": {"executed_lines": [], "summary": {"covered_lines": 0, "num_statements": 0, "percent_covered": 100.0, "percent_covered_display": "100", "missing_lines": 0, "excluded_lines": 0, "percent_statements_covered": 100.0, "percent_statements_covered_display": "100"}, "missing_lines": [], "excluded_lines": [], "start_line": 35}, "CubLogger": {"executed_lines": [65, 66, 70, 89, 90, 91, 92, 95, 96, 97, 99, 100, 102, 116, 117, 119, 121, 124, 127, 128, 130, 134, 145, 169, 176, 177, 178, 179, 181, 190, 201, 219, 237, 238, 239, 241], "summary": {"covered_lines": 36, "num_statements": 37, "percent_covered": 97.29729729729729, "percent_covered_display": "97", "missing_lines": 1, "excluded_lines": 0, "percent_statements_covered": 97.29729729729729, "percent_statements_covered_display": "97"}, "missing_lines": [245], "excluded_lines": [], "start_line": 45}, "": {"executed_lines": [15, 16, 17, 18, 19, 21, 24, 27, 28, 29, 30, 31, 32, 35, 38, 40, 41, 42, 45, 58, 68, 72, 73, 104, 136, 149, 183, 192, 210, 229, 243], "summary": {"covered_lines": 31, "num_statements": 31, "percent_covered": 100.0, "percent_covered_display": "100", "missing_lines": 0, "excluded_lines": 0, "percent_statements_covered": 100.0, "percent_statements_covered_display": "100"}, "missing_lines": [], "excluded_lines": [], "start_line": 1}}}}, "totals": {"covered_lines": 3933, "num_statements": 7296, "percent_covered": 53.90625, "percent_covered_display": "54", "missing_lines": 3363, "excluded_lines": 70, "percent_statements_covered": 53.90625, "percent_statements_covered_display": "54"}}