{"meta": {"format": 3, "version": "7.13.1", "timestamp": "2026-01-15T00:38:13.843792", "branch_coverage": false, "show_contexts": false}, "files": {"src/cub/__init__.py": {"executed_lines": [7, 10, 11, 13], "summary": {"covered_lines": 4, "num_statements": 4, "percent_covered": 100.0, "percent_covered_display": "100", "missing_lines": 0, "excluded_lines": 0, "percent_statements_covered": 100.0, "percent_statements_covered_display": "100"}, "missing_lines": [], "excluded_lines": [], "functions": {"": {"executed_lines": [7, 10, 11, 13], "summary": {"covered_lines": 4, "num_statements": 4, "percent_covered": 100.0, "percent_covered_display": "100", "missing_lines": 0, "excluded_lines": 0, "percent_statements_covered": 100.0, "percent_statements_covered_display": "100"}, "missing_lines": [], "excluded_lines": [], "start_line": 1}}, "classes": {"": {"executed_lines": [7, 10, 11, 13], "summary": {"covered_lines": 4, "num_statements": 4, "percent_covered": 100.0, "percent_covered_display": "100", "missing_lines": 0, "excluded_lines": 0, "percent_statements_covered": 100.0, "percent_statements_covered_display": "100"}, "missing_lines": [], "excluded_lines": [], "start_line": 1}}}, "src/cub/__main__.py": {"executed_lines": [], "summary": {"covered_lines": 0, "num_statements": 3, "percent_covered": 0.0, "percent_covered_display": "0", "missing_lines": 3, "excluded_lines": 0, "percent_statements_covered": 0.0, "percent_statements_covered_display": "0"}, "missing_lines": [5, 7, 8], "excluded_lines": [], "functions": {"": {"executed_lines": [], "summary": {"covered_lines": 0, "num_statements": 3, "percent_covered": 0.0, "percent_covered_display": "0", "missing_lines": 3, "excluded_lines": 0, "percent_statements_covered": 0.0, "percent_statements_covered_display": "0"}, "missing_lines": [5, 7, 8], "excluded_lines": [], "start_line": 1}}, "classes": {"": {"executed_lines": [], "summary": {"covered_lines": 0, "num_statements": 3, "percent_covered": 0.0, "percent_covered_display": "0", "missing_lines": 3, "excluded_lines": 0, "percent_statements_covered": 0.0, "percent_statements_covered_display": "0"}, "missing_lines": [5, 7, 8], "excluded_lines": [], "start_line": 1}}}, "src/cub/cli/__init__.py": {"executed_lines": [], "summary": {"covered_lines": 0, "num_statements": 17, "percent_covered": 0.0, "percent_covered_display": "0", "missing_lines": 17, "excluded_lines": 0, "percent_statements_covered": 0.0, "percent_statements_covered_display": "0"}, "missing_lines": [7, 8, 10, 11, 14, 21, 24, 25, 39, 42, 43, 45, 46, 50, 51, 52, 55], "excluded_lines": [], "functions": {"main": {"executed_lines": [], "summary": {"covered_lines": 0, "num_statements": 1, "percent_covered": 0.0, "percent_covered_display": "0", "missing_lines": 1, "excluded_lines": 0, "percent_statements_covered": 0.0, "percent_statements_covered_display": "0"}, "missing_lines": [39], "excluded_lines": [], "start_line": 25}, "version": {"executed_lines": [], "summary": {"covered_lines": 0, "num_statements": 2, "percent_covered": 0.0, "percent_covered_display": "0", "missing_lines": 2, "excluded_lines": 0, "percent_statements_covered": 0.0, "percent_statements_covered_display": "0"}, "missing_lines": [45, 46], "excluded_lines": [], "start_line": 43}, "": {"executed_lines": [], "summary": {"covered_lines": 0, "num_statements": 14, "percent_covered": 0.0, "percent_covered_display": "0", "missing_lines": 14, "excluded_lines": 0, "percent_statements_covered": 0.0, "percent_statements_covered_display": "0"}, "missing_lines": [7, 8, 10, 11, 14, 21, 24, 25, 42, 43, 50, 51, 52, 55], "excluded_lines": [], "start_line": 1}}, "classes": {"": {"executed_lines": [], "summary": {"covered_lines": 0, "num_statements": 17, "percent_covered": 0.0, "percent_covered_display": "0", "missing_lines": 17, "excluded_lines": 0, "percent_statements_covered": 0.0, "percent_statements_covered_display": "0"}, "missing_lines": [7, 8, 10, 11, 14, 21, 24, 25, 39, 42, 43, 45, 46, 50, 51, 52, 55], "excluded_lines": [], "start_line": 1}}}, "src/cub/cli/init_cmd.py": {"executed_lines": [], "summary": {"covered_lines": 0, "num_statements": 22, "percent_covered": 0.0, "percent_covered_display": "0", "missing_lines": 22, "excluded_lines": 0, "percent_statements_covered": 0.0, "percent_statements_covered_display": "0"}, "missing_lines": [7, 9, 10, 12, 18, 21, 22, 59, 61, 62, 63, 64, 65, 66, 68, 70, 71, 73, 75, 76, 77, 80], "excluded_lines": [], "functions": {"init": {"executed_lines": [], "summary": {"covered_lines": 0, "num_statements": 14, "percent_covered": 0.0, "percent_covered_display": "0", "missing_lines": 14, "excluded_lines": 0, "percent_statements_covered": 0.0, "percent_statements_covered_display": "0"}, "missing_lines": [59, 61, 62, 63, 64, 65, 66, 68, 70, 71, 73, 75, 76, 77], "excluded_lines": [], "start_line": 22}, "": {"executed_lines": [], "summary": {"covered_lines": 0, "num_statements": 8, "percent_covered": 0.0, "percent_covered_display": "0", "missing_lines": 8, "excluded_lines": 0, "percent_statements_covered": 0.0, "percent_statements_covered_display": "0"}, "missing_lines": [7, 9, 10, 12, 18, 21, 22, 80], "excluded_lines": [], "start_line": 1}}, "classes": {"": {"executed_lines": [], "summary": {"covered_lines": 0, "num_statements": 22, "percent_covered": 0.0, "percent_covered_display": "0", "missing_lines": 22, "excluded_lines": 0, "percent_statements_covered": 0.0, "percent_statements_covered_display": "0"}, "missing_lines": [7, 9, 10, 12, 18, 21, 22, 59, 61, 62, 63, 64, 65, 66, 68, 70, 71, 73, 75, 76, 77, 80], "excluded_lines": [], "start_line": 1}}}, "src/cub/cli/run.py": {"executed_lines": [], "summary": {"covered_lines": 0, "num_statements": 276, "percent_covered": 0.0, "percent_covered_display": "0", "missing_lines": 276, "excluded_lines": 0, "percent_statements_covered": 0.0, "percent_statements_covered_display": "0"}, "missing_lines": [7, 8, 9, 10, 11, 13, 14, 15, 16, 18, 19, 20, 21, 22, 29, 30, 31, 33, 39, 43, 46, 49, 51, 52, 53, 54, 57, 64, 70, 71, 72, 75, 88, 100, 103, 104, 105, 106, 109, 110, 111, 114, 115, 116, 117, 118, 121, 122, 124, 125, 126, 127, 129, 130, 132, 135, 136, 137, 141, 142, 143, 145, 148, 150, 151, 152, 154, 155, 156, 157, 158, 159, 160, 162, 165, 167, 168, 169, 171, 172, 173, 174, 175, 176, 177, 179, 182, 183, 267, 268, 271, 273, 274, 275, 278, 279, 280, 281, 282, 283, 285, 286, 289, 290, 291, 294, 295, 296, 300, 302, 303, 304, 305, 306, 308, 309, 310, 312, 313, 316, 319, 320, 322, 339, 340, 342, 343, 346, 347, 348, 349, 350, 352, 353, 357, 358, 361, 364, 365, 366, 370, 371, 373, 374, 375, 376, 379, 380, 381, 382, 383, 386, 388, 389, 390, 393, 395, 397, 398, 399, 400, 401, 402, 403, 404, 405, 408, 410, 412, 413, 414, 415, 416, 418, 422, 423, 425, 428, 431, 432, 433, 438, 441, 442, 447, 448, 449, 452, 454, 455, 456, 459, 462, 463, 465, 466, 467, 474, 476, 482, 483, 484, 489, 490, 491, 492, 494, 497, 498, 499, 502, 503, 504, 505, 506, 514, 515, 522, 523, 524, 527, 528, 531, 532, 533, 534, 537, 540, 541, 542, 543, 546, 547, 551, 552, 553, 555, 556, 557, 558, 562, 565, 566, 568, 569, 572, 573, 574, 577, 584, 585, 586, 587, 589, 591, 592, 593, 594, 595, 598, 600, 601, 602, 603, 604, 605, 607, 608, 609, 610, 611, 612, 614, 622, 623, 626], "excluded_lines": [], "functions": {"_signal_handler": {"executed_lines": [], "summary": {"covered_lines": 0, "num_statements": 5, "percent_covered": 0.0, "percent_covered_display": "0", "missing_lines": 5, "excluded_lines": 0, "percent_statements_covered": 0.0, "percent_statements_covered_display": "0"}, "missing_lines": [49, 51, 52, 53, 54], "excluded_lines": [], "start_line": 46}, "generate_system_prompt": {"executed_lines": [], "summary": {"covered_lines": 0, "num_statements": 5, "percent_covered": 0.0, "percent_covered_display": "0", "missing_lines": 5, "excluded_lines": 0, "percent_statements_covered": 0.0, "percent_statements_covered_display": "0"}, "missing_lines": [64, 70, 71, 72, 75], "excluded_lines": [], "start_line": 57}, "generate_task_prompt": {"executed_lines": [], "summary": {"covered_lines": 0, "num_statements": 29, "percent_covered": 0.0, "percent_covered_display": "0", "missing_lines": 29, "excluded_lines": 0, "percent_statements_covered": 0.0, "percent_statements_covered_display": "0"}, "missing_lines": [100, 103, 104, 105, 106, 109, 110, 111, 114, 115, 116, 117, 118, 121, 122, 124, 125, 126, 127, 129, 130, 132, 135, 136, 137, 141, 142, 143, 145], "excluded_lines": [], "start_line": 88}, "display_task_info": {"executed_lines": [], "summary": {"covered_lines": 0, "num_statements": 11, "percent_covered": 0.0, "percent_covered_display": "0", "missing_lines": 11, "excluded_lines": 0, "percent_statements_covered": 0.0, "percent_statements_covered_display": "0"}, "missing_lines": [150, 151, 152, 154, 155, 156, 157, 158, 159, 160, 162], "excluded_lines": [], "start_line": 148}, "display_summary": {"executed_lines": [], "summary": {"covered_lines": 0, "num_statements": 11, "percent_covered": 0.0, "percent_covered_display": "0", "missing_lines": 11, "excluded_lines": 0, "percent_statements_covered": 0.0, "percent_statements_covered_display": "0"}, "missing_lines": [167, 168, 169, 171, 172, 173, 174, 175, 176, 177, 179], "excluded_lines": [], "start_line": 165}, "run": {"executed_lines": [], "summary": {"covered_lines": 0, "num_statements": 160, "percent_covered": 0.0, "percent_covered_display": "0", "missing_lines": 160, "excluded_lines": 0, "percent_statements_covered": 0.0, "percent_statements_covered_display": "0"}, "missing_lines": [267, 268, 271, 273, 274, 275, 278, 279, 280, 281, 282, 283, 285, 286, 289, 290, 291, 294, 295, 296, 300, 302, 303, 304, 305, 306, 308, 309, 310, 312, 313, 316, 319, 320, 322, 339, 340, 342, 343, 346, 347, 348, 349, 350, 352, 353, 357, 358, 361, 364, 365, 366, 370, 371, 373, 374, 375, 376, 379, 380, 381, 382, 383, 386, 388, 389, 390, 393, 395, 397, 398, 399, 400, 401, 402, 403, 404, 405, 408, 410, 412, 413, 414, 415, 416, 418, 422, 423, 425, 428, 431, 432, 433, 438, 441, 442, 447, 448, 449, 452, 454, 455, 456, 459, 462, 463, 465, 466, 467, 474, 476, 482, 483, 484, 489, 490, 491, 492, 494, 497, 498, 499, 502, 503, 504, 505, 506, 514, 515, 522, 523, 524, 527, 528, 531, 532, 533, 534, 537, 540, 541, 542, 543, 546, 547, 551, 552, 553, 555, 556, 557, 558, 562, 565, 566, 568, 569, 572, 573, 574], "excluded_lines": [], "start_line": 183}, "_show_ready_tasks": {"executed_lines": [], "summary": {"covered_lines": 0, "num_statements": 26, "percent_covered": 0.0, "percent_covered_display": "0", "missing_lines": 26, "excluded_lines": 0, "percent_statements_covered": 0.0, "percent_statements_covered_display": "0"}, "missing_lines": [584, 585, 586, 587, 589, 591, 592, 593, 594, 595, 598, 600, 601, 602, 603, 604, 605, 607, 608, 609, 610, 611, 612, 614, 622, 623], "excluded_lines": [], "start_line": 577}, "": {"executed_lines": [], "summary": {"covered_lines": 0, "num_statements": 29, "percent_covered": 0.0, "percent_covered_display": "0", "missing_lines": 29, "excluded_lines": 0, "percent_statements_covered": 0.0, "percent_statements_covered_display": "0"}, "missing_lines": [7, 8, 9, 10, 11, 13, 14, 15, 16, 18, 19, 20, 21, 22, 29, 30, 31, 33, 39, 43, 46, 57, 88, 148, 165, 182, 183, 577, 626], "excluded_lines": [], "start_line": 1}}, "classes": {"": {"executed_lines": [], "summary": {"covered_lines": 0, "num_statements": 276, "percent_covered": 0.0, "percent_covered_display": "0", "missing_lines": 276, "excluded_lines": 0, "percent_statements_covered": 0.0, "percent_statements_covered_display": "0"}, "missing_lines": [7, 8, 9, 10, 11, 13, 14, 15, 16, 18, 19, 20, 21, 22, 29, 30, 31, 33, 39, 43, 46, 49, 51, 52, 53, 54, 57, 64, 70, 71, 72, 75, 88, 100, 103, 104, 105, 106, 109, 110, 111, 114, 115, 116, 117, 118, 121, 122, 124, 125, 126, 127, 129, 130, 132, 135, 136, 137, 141, 142, 143, 145, 148, 150, 151, 152, 154, 155, 156, 157, 158, 159, 160, 162, 165, 167, 168, 169, 171, 172, 173, 174, 175, 176, 177, 179, 182, 183, 267, 268, 271, 273, 274, 275, 278, 279, 280, 281, 282, 283, 285, 286, 289, 290, 291, 294, 295, 296, 300, 302, 303, 304, 305, 306, 308, 309, 310, 312, 313, 316, 319, 320, 322, 339, 340, 342, 343, 346, 347, 348, 349, 350, 352, 353, 357, 358, 361, 364, 365, 366, 370, 371, 373, 374, 375, 376, 379, 380, 381, 382, 383, 386, 388, 389, 390, 393, 395, 397, 398, 399, 400, 401, 402, 403, 404, 405, 408, 410, 412, 413, 414, 415, 416, 418, 422, 423, 425, 428, 431, 432, 433, 438, 441, 442, 447, 448, 449, 452, 454, 455, 456, 459, 462, 463, 465, 466, 467, 474, 476, 482, 483, 484, 489, 490, 491, 492, 494, 497, 498, 499, 502, 503, 504, 505, 506, 514, 515, 522, 523, 524, 527, 528, 531, 532, 533, 534, 537, 540, 541, 542, 543, 546, 547, 551, 552, 553, 555, 556, 557, 558, 562, 565, 566, 568, 569, 572, 573, 574, 577, 584, 585, 586, 587, 589, 591, 592, 593, 594, 595, 598, 600, 601, 602, 603, 604, 605, 607, 608, 609, 610, 611, 612, 614, 622, 623, 626], "excluded_lines": [], "start_line": 1}}}, "src/cub/cli/status.py": {"executed_lines": [], "summary": {"covered_lines": 0, "num_statements": 60, "percent_covered": 0.0, "percent_covered_display": "0", "missing_lines": 60, "excluded_lines": 0, "percent_statements_covered": 0.0, "percent_statements_covered_display": "0"}, "missing_lines": [7, 8, 10, 11, 12, 14, 16, 22, 25, 26, 61, 63, 64, 65, 66, 67, 69, 71, 74, 77, 78, 81, 82, 83, 84, 86, 88, 99, 100, 104, 105, 106, 108, 109, 110, 111, 112, 117, 118, 121, 122, 123, 125, 126, 128, 130, 131, 132, 133, 134, 135, 136, 138, 139, 141, 143, 145, 146, 147, 150], "excluded_lines": [], "functions": {"status": {"executed_lines": [], "summary": {"covered_lines": 0, "num_statements": 49, "percent_covered": 0.0, "percent_covered_display": "0", "missing_lines": 49, "excluded_lines": 0, "percent_statements_covered": 0.0, "percent_statements_covered_display": "0"}, "missing_lines": [61, 63, 64, 65, 66, 67, 69, 71, 74, 77, 78, 81, 82, 83, 84, 86, 88, 99, 100, 104, 105, 106, 108, 109, 110, 111, 112, 117, 118, 121, 122, 123, 125, 126, 128, 130, 131, 132, 133, 134, 135, 136, 138, 139, 141, 143, 145, 146, 147], "excluded_lines": [], "start_line": 26}, "": {"executed_lines": [], "summary": {"covered_lines": 0, "num_statements": 11, "percent_covered": 0.0, "percent_covered_display": "0", "missing_lines": 11, "excluded_lines": 0, "percent_statements_covered": 0.0, "percent_statements_covered_display": "0"}, "missing_lines": [7, 8, 10, 11, 12, 14, 16, 22, 25, 26, 150], "excluded_lines": [], "start_line": 1}}, "classes": {"": {"executed_lines": [], "summary": {"covered_lines": 0, "num_statements": 60, "percent_covered": 0.0, "percent_covered_display": "0", "missing_lines": 60, "excluded_lines": 0, "percent_statements_covered": 0.0, "percent_statements_covered_display": "0"}, "missing_lines": [7, 8, 10, 11, 12, 14, 16, 22, 25, 26, 61, 63, 64, 65, 66, 67, 69, 71, 74, 77, 78, 81, 82, 83, 84, 86, 88, 99, 100, 104, 105, 106, 108, 109, 110, 111, 112, 117, 118, 121, 122, 123, 125, 126, 128, 130, 131, 132, 133, 134, 135, 136, 138, 139, 141, 143, 145, 146, 147, 150], "excluded_lines": [], "start_line": 1}}}, "src/cub/core/__init__.py": {"executed_lines": [7], "summary": {"covered_lines": 1, "num_statements": 1, "percent_covered": 100.0, "percent_covered_display": "100", "missing_lines": 0, "excluded_lines": 0, "percent_statements_covered": 100.0, "percent_statements_covered_display": "100"}, "missing_lines": [], "excluded_lines": [], "functions": {"": {"executed_lines": [7], "summary": {"covered_lines": 1, "num_statements": 1, "percent_covered": 100.0, "percent_covered_display": "100", "missing_lines": 0, "excluded_lines": 0, "percent_statements_covered": 100.0, "percent_statements_covered_display": "100"}, "missing_lines": [], "excluded_lines": [], "start_line": 1}}, "classes": {"": {"executed_lines": [7], "summary": {"covered_lines": 1, "num_statements": 1, "percent_covered": 100.0, "percent_covered_display": "100", "missing_lines": 0, "excluded_lines": 0, "percent_statements_covered": 100.0, "percent_statements_covered_display": "100"}, "missing_lines": [], "excluded_lines": [], "start_line": 1}}}, "src/cub/core/config/__init__.py": {"executed_lines": [8, 15, 27], "summary": {"covered_lines": 3, "num_statements": 3, "percent_covered": 100.0, "percent_covered_display": "100", "missing_lines": 0, "excluded_lines": 0, "percent_statements_covered": 100.0, "percent_statements_covered_display": "100"}, "missing_lines": [], "excluded_lines": [], "functions": {"": {"executed_lines": [8, 15, 27], "summary": {"covered_lines": 3, "num_statements": 3, "percent_covered": 100.0, "percent_covered_display": "100", "missing_lines": 0, "excluded_lines": 0, "percent_statements_covered": 100.0, "percent_statements_covered_display": "100"}, "missing_lines": [], "excluded_lines": [], "start_line": 1}}, "classes": {"": {"executed_lines": [8, 15, 27], "summary": {"covered_lines": 3, "num_statements": 3, "percent_covered": 100.0, "percent_covered_display": "100", "missing_lines": 0, "excluded_lines": 0, "percent_statements_covered": 100.0, "percent_statements_covered_display": "100"}, "missing_lines": [], "excluded_lines": [], "start_line": 1}}}, "src/cub/core/config/loader.py": {"executed_lines": [10, 11, 12, 13, 15, 19, 22, 29, 30, 31, 34, 41, 44, 54, 55, 56, 59, 79, 81, 82, 84, 87, 89, 92, 102, 103, 105, 106, 107, 109, 110, 112, 114, 115, 118, 134, 137, 138, 139, 140, 141, 142, 143, 144, 147, 148, 149, 150, 151, 153, 156, 165, 186, 219, 220, 223, 226, 227, 228, 231, 232, 233, 236, 239, 242, 244, 247, 254], "summary": {"covered_lines": 68, "num_statements": 69, "percent_covered": 98.55072463768116, "percent_covered_display": "99", "missing_lines": 1, "excluded_lines": 0, "percent_statements_covered": 98.55072463768116, "percent_statements_covered_display": "99"}, "missing_lines": [111], "excluded_lines": [], "functions": {"get_xdg_config_home": {"executed_lines": [29, 30, 31], "summary": {"covered_lines": 3, "num_statements": 3, "percent_covered": 100.0, "percent_covered_display": "100", "missing_lines": 0, "excluded_lines": 0, "percent_statements_covered": 100.0, "percent_statements_covered_display": "100"}, "missing_lines": [], "excluded_lines": [], "start_line": 22}, "get_user_config_path": {"executed_lines": [41], "summary": {"covered_lines": 1, "num_statements": 1, "percent_covered": 100.0, "percent_covered_display": "100", "missing_lines": 0, "excluded_lines": 0, "percent_statements_covered": 100.0, "percent_statements_covered_display": "100"}, "missing_lines": [], "excluded_lines": [], "start_line": 34}, "get_project_config_path": {"executed_lines": [54, 55, 56], "summary": {"covered_lines": 3, "num_statements": 3, "percent_covered": 100.0, "percent_covered_display": "100", "missing_lines": 0, "excluded_lines": 0, "percent_statements_covered": 100.0, "percent_statements_covered_display": "100"}, "missing_lines": [], "excluded_lines": [], "start_line": 44}, "deep_merge": {"executed_lines": [79, 81, 82, 84, 87, 89], "summary": {"covered_lines": 6, "num_statements": 6, "percent_covered": 100.0, "percent_covered_display": "100", "missing_lines": 0, "excluded_lines": 0, "percent_statements_covered": 100.0, "percent_statements_covered_display": "100"}, "missing_lines": [], "excluded_lines": [], "start_line": 59}, "load_json_file": {"executed_lines": [102, 103, 105, 106, 107, 109, 110, 112, 114, 115], "summary": {"covered_lines": 10, "num_statements": 11, "percent_covered": 90.9090909090909, "percent_covered_display": "91", "missing_lines": 1, "excluded_lines": 0, "percent_statements_covered": 90.9090909090909, "percent_statements_covered_display": "91"}, "missing_lines": [111], "excluded_lines": [], "start_line": 92}, "apply_env_overrides": {"executed_lines": [134, 137, 138, 139, 140, 141, 142, 143, 144, 147, 148, 149, 150, 151, 153], "summary": {"covered_lines": 15, "num_statements": 15, "percent_covered": 100.0, "percent_covered_display": "100", "missing_lines": 0, "excluded_lines": 0, "percent_statements_covered": 100.0, "percent_statements_covered_display": "100"}, "missing_lines": [], "excluded_lines": [], "start_line": 118}, "get_default_config": {"executed_lines": [165], "summary": {"covered_lines": 1, "num_statements": 1, "percent_covered": 100.0, "percent_covered_display": "100", "missing_lines": 0, "excluded_lines": 0, "percent_statements_covered": 100.0, "percent_statements_covered_display": "100"}, "missing_lines": [], "excluded_lines": [], "start_line": 156}, "load_config": {"executed_lines": [219, 220, 223, 226, 227, 228, 231, 232, 233, 236, 239, 242, 244], "summary": {"covered_lines": 13, "num_statements": 13, "percent_covered": 100.0, "percent_covered_display": "100", "missing_lines": 0, "excluded_lines": 0, "percent_statements_covered": 100.0, "percent_statements_covered_display": "100"}, "missing_lines": [], "excluded_lines": [], "start_line": 186}, "clear_cache": {"executed_lines": [254], "summary": {"covered_lines": 1, "num_statements": 1, "percent_covered": 100.0, "percent_covered_display": "100", "missing_lines": 0, "excluded_lines": 0, "percent_statements_covered": 100.0, "percent_statements_covered_display": "100"}, "missing_lines": [], "excluded_lines": [], "start_line": 247}, "": {"executed_lines": [10, 11, 12, 13, 15, 19, 22, 34, 44, 59, 92, 118, 156, 186, 247], "summary": {"covered_lines": 15, "num_statements": 15, "percent_covered": 100.0, "percent_covered_display": "100", "missing_lines": 0, "excluded_lines": 0, "percent_statements_covered": 100.0, "percent_statements_covered_display": "100"}, "missing_lines": [], "excluded_lines": [], "start_line": 1}}, "classes": {"": {"executed_lines": [10, 11, 12, 13, 15, 19, 22, 29, 30, 31, 34, 41, 44, 54, 55, 56, 59, 79, 81, 82, 84, 87, 89, 92, 102, 103, 105, 106, 107, 109, 110, 112, 114, 115, 118, 134, 137, 138, 139, 140, 141, 142, 143, 144, 147, 148, 149, 150, 151, 153, 156, 165, 186, 219, 220, 223, 226, 227, 228, 231, 232, 233, 236, 239, 242, 244, 247, 254], "summary": {"covered_lines": 68, "num_statements": 69, "percent_covered": 98.55072463768116, "percent_covered_display": "99", "missing_lines": 1, "excluded_lines": 0, "percent_statements_covered": 98.55072463768116, "percent_statements_covered_display": "99"}, "missing_lines": [111], "excluded_lines": [], "start_line": 1}}}, "src/cub/core/config/models.py": {"executed_lines": [8, 10, 13, 19, 24, 29, 35, 48, 54, 59, 64, 69, 76, 82, 86, 90, 94, 100, 106, 111, 118, 124, 128, 134, 136, 137, 138, 142, 146, 150, 156, 162, 168, 174, 178, 184, 190, 194, 198, 204, 221, 225, 229, 235, 239, 245, 249, 253, 258, 263, 264, 265, 267, 268, 269], "summary": {"covered_lines": 55, "num_statements": 55, "percent_covered": 100.0, "percent_covered_display": "100", "missing_lines": 0, "excluded_lines": 0, "percent_statements_covered": 100.0, "percent_statements_covered_display": "100"}, "missing_lines": [], "excluded_lines": [], "functions": {"CubConfig.validate_harness": {"executed_lines": [267, 268, 269], "summary": {"covered_lines": 3, "num_statements": 3, "percent_covered": 100.0, "percent_covered_display": "100", "missing_lines": 0, "excluded_lines": 0, "percent_statements_covered": 100.0, "percent_statements_covered_display": "100"}, "missing_lines": [], "excluded_lines": [], "start_line": 265}, "": {"executed_lines": [8, 10, 13, 19, 24, 29, 35, 48, 54, 59, 64, 69, 76, 82, 86, 90, 94, 100, 106, 111, 118, 124, 128, 134, 136, 137, 138, 142, 146, 150, 156, 162, 168, 174, 178, 184, 190, 194, 198, 204, 221, 225, 229, 235, 239, 245, 249, 253, 258, 263, 264, 265], "summary": {"covered_lines": 52, "num_statements": 52, "percent_covered": 100.0, "percent_covered_display": "100", "missing_lines": 0, "excluded_lines": 0, "percent_statements_covered": 100.0, "percent_statements_covered_display": "100"}, "missing_lines": [], "excluded_lines": [], "start_line": 1}}, "classes": {"GuardrailsConfig": {"executed_lines": [], "summary": {"covered_lines": 0, "num_statements": 0, "percent_covered": 100.0, "percent_covered_display": "100", "missing_lines": 0, "excluded_lines": 0, "percent_statements_covered": 100.0, "percent_statements_covered_display": "100"}, "missing_lines": [], "excluded_lines": [], "start_line": 13}, "BudgetConfig": {"executed_lines": [], "summary": {"covered_lines": 0, "num_statements": 0, "percent_covered": 100.0, "percent_covered_display": "100", "missing_lines": 0, "excluded_lines": 0, "percent_statements_covered": 100.0, "percent_statements_covered_display": "100"}, "missing_lines": [], "excluded_lines": [], "start_line": 48}, "StateConfig": {"executed_lines": [], "summary": {"covered_lines": 0, "num_statements": 0, "percent_covered": 100.0, "percent_covered_display": "100", "missing_lines": 0, "excluded_lines": 0, "percent_statements_covered": 100.0, "percent_statements_covered_display": "100"}, "missing_lines": [], "excluded_lines": [], "start_line": 76}, "LoopConfig": {"executed_lines": [], "summary": {"covered_lines": 0, "num_statements": 0, "percent_covered": 100.0, "percent_covered_display": "100", "missing_lines": 0, "excluded_lines": 0, "percent_statements_covered": 100.0, "percent_statements_covered_display": "100"}, "missing_lines": [], "excluded_lines": [], "start_line": 100}, "HooksConfig": {"executed_lines": [], "summary": {"covered_lines": 0, "num_statements": 0, "percent_covered": 100.0, "percent_covered_display": "100", "missing_lines": 0, "excluded_lines": 0, "percent_statements_covered": 100.0, "percent_statements_covered_display": "100"}, "missing_lines": [], "excluded_lines": [], "start_line": 118}, "InterviewQuestion": {"executed_lines": [], "summary": {"covered_lines": 0, "num_statements": 0, "percent_covered": 100.0, "percent_covered_display": "100", "missing_lines": 0, "excluded_lines": 0, "percent_statements_covered": 100.0, "percent_statements_covered_display": "100"}, "missing_lines": [], "excluded_lines": [], "start_line": 134}, "InterviewConfig": {"executed_lines": [], "summary": {"covered_lines": 0, "num_statements": 0, "percent_covered": 100.0, "percent_covered_display": "100", "missing_lines": 0, "excluded_lines": 0, "percent_statements_covered": 100.0, "percent_statements_covered_display": "100"}, "missing_lines": [], "excluded_lines": [], "start_line": 156}, "ReviewConfig": {"executed_lines": [], "summary": {"covered_lines": 0, "num_statements": 0, "percent_covered": 100.0, "percent_covered_display": "100", "missing_lines": 0, "excluded_lines": 0, "percent_statements_covered": 100.0, "percent_statements_covered_display": "100"}, "missing_lines": [], "excluded_lines": [], "start_line": 168}, "HarnessConfig": {"executed_lines": [], "summary": {"covered_lines": 0, "num_statements": 0, "percent_covered": 100.0, "percent_covered_display": "100", "missing_lines": 0, "excluded_lines": 0, "percent_statements_covered": 100.0, "percent_statements_covered_display": "100"}, "missing_lines": [], "excluded_lines": [], "start_line": 184}, "CubConfig": {"executed_lines": [267, 268, 269], "summary": {"covered_lines": 3, "num_statements": 3, "percent_covered": 100.0, "percent_covered_display": "100", "missing_lines": 0, "excluded_lines": 0, "percent_statements_covered": 100.0, "percent_statements_covered_display": "100"}, "missing_lines": [], "excluded_lines": [], "start_line": 204}, "": {"executed_lines": [8, 10, 13, 19, 24, 29, 35, 48, 54, 59, 64, 69, 76, 82, 86, 90, 94, 100, 106, 111, 118, 124, 128, 134, 136, 137, 138, 142, 146, 150, 156, 162, 168, 174, 178, 184, 190, 194, 198, 204, 221, 225, 229, 235, 239, 245, 249, 253, 258, 263, 264, 265], "summary": {"covered_lines": 52, "num_statements": 52, "percent_covered": 100.0, "percent_covered_display": "100", "missing_lines": 0, "excluded_lines": 0, "percent_statements_covered": 100.0, "percent_statements_covered_display": "100"}, "missing_lines": [], "excluded_lines": [], "start_line": 1}}}, "src/cub/core/harness/__init__.py": {"executed_lines": [29, 39, 52, 53, 55], "summary": {"covered_lines": 5, "num_statements": 5, "percent_covered": 100.0, "percent_covered_display": "100", "missing_lines": 0, "excluded_lines": 0, "percent_statements_covered": 100.0, "percent_statements_covered_display": "100"}, "missing_lines": [], "excluded_lines": [], "functions": {"": {"executed_lines": [29, 39, 52, 53, 55], "summary": {"covered_lines": 5, "num_statements": 5, "percent_covered": 100.0, "percent_covered_display": "100", "missing_lines": 0, "excluded_lines": 0, "percent_statements_covered": 100.0, "percent_statements_covered_display": "100"}, "missing_lines": [], "excluded_lines": [], "start_line": 1}}, "classes": {"": {"executed_lines": [29, 39, 52, 53, 55], "summary": {"covered_lines": 5, "num_statements": 5, "percent_covered": 100.0, "percent_covered_display": "100", "missing_lines": 0, "excluded_lines": 0, "percent_statements_covered": 100.0, "percent_statements_covered_display": "100"}, "missing_lines": [], "excluded_lines": [], "start_line": 1}}}, "src/cub/core/harness/backend.py": {"executed_lines": [8, 9, 10, 12, 15, 16, 30, 31, 40, 41, 50, 59, 86, 115, 126, 129, 148, 149, 150, 152, 155, 174, 175, 176, 177, 182, 183, 184, 190, 193, 211, 212, 214, 215, 218, 219, 220, 221, 224, 225, 226, 228, 231, 238, 241, 248, 249, 250, 251, 252, 253, 254, 256, 257, 260, 270, 271, 273, 274, 275, 276, 277, 280, 290, 291, 293, 294, 295, 296, 297], "summary": {"covered_lines": 70, "num_statements": 70, "percent_covered": 100.0, "percent_covered_display": "100", "missing_lines": 0, "excluded_lines": 15, "percent_statements_covered": 100.0, "percent_statements_covered_display": "100"}, "missing_lines": [], "excluded_lines": [38, 39, 48, 49, 57, 58, 84, 85, 113, 114, 122, 123, 124, 125, 130], "functions": {"HarnessBackend.name": {"executed_lines": [], "summary": {"covered_lines": 0, "num_statements": 0, "percent_covered": 100.0, "percent_covered_display": "100", "missing_lines": 0, "excluded_lines": 1, "percent_statements_covered": 100.0, "percent_statements_covered_display": "100"}, "missing_lines": [], "excluded_lines": [38], "start_line": 31}, "HarnessBackend.capabilities": {"executed_lines": [], "summary": {"covered_lines": 0, "num_statements": 0, "percent_covered": 100.0, "percent_covered_display": "100", "missing_lines": 0, "excluded_lines": 1, "percent_statements_covered": 100.0, "percent_statements_covered_display": "100"}, "missing_lines": [], "excluded_lines": [48], "start_line": 41}, "HarnessBackend.is_available": {"executed_lines": [], "summary": {"covered_lines": 0, "num_statements": 0, "percent_covered": 100.0, "percent_covered_display": "100", "missing_lines": 0, "excluded_lines": 1, "percent_statements_covered": 100.0, "percent_statements_covered_display": "100"}, "missing_lines": [], "excluded_lines": [57], "start_line": 50}, "HarnessBackend.invoke": {"executed_lines": [], "summary": {"covered_lines": 0, "num_statements": 0, "percent_covered": 100.0, "percent_covered_display": "100", "missing_lines": 0, "excluded_lines": 1, "percent_statements_covered": 100.0, "percent_statements_covered_display": "100"}, "missing_lines": [], "excluded_lines": [84], "start_line": 59}, "HarnessBackend.invoke_streaming": {"executed_lines": [], "summary": {"covered_lines": 0, "num_statements": 0, "percent_covered": 100.0, "percent_covered_display": "100", "missing_lines": 0, "excluded_lines": 1, "percent_statements_covered": 100.0, "percent_statements_covered_display": "100"}, "missing_lines": [], "excluded_lines": [113], "start_line": 86}, "HarnessBackend.get_version": {"executed_lines": [], "summary": {"covered_lines": 0, "num_statements": 0, "percent_covered": 100.0, "percent_covered_display": "100", "missing_lines": 0, "excluded_lines": 1, "percent_statements_covered": 100.0, "percent_statements_covered_display": "100"}, "missing_lines": [], "excluded_lines": [122], "start_line": 115}, "register_backend": {"executed_lines": [148, 152], "summary": {"covered_lines": 2, "num_statements": 2, "percent_covered": 100.0, "percent_covered_display": "100", "missing_lines": 0, "excluded_lines": 1, "percent_statements_covered": 100.0, "percent_statements_covered_display": "100"}, "missing_lines": [], "excluded_lines": [130], "start_line": 129}, "register_backend.decorator": {"executed_lines": [149, 150], "summary": {"covered_lines": 2, "num_statements": 2, "percent_covered": 100.0, "percent_covered_display": "100", "missing_lines": 0, "excluded_lines": 0, "percent_statements_covered": 100.0, "percent_statements_covered_display": "100"}, "missing_lines": [], "excluded_lines": [], "start_line": 148}, "get_backend": {"executed_lines": [174, 175, 176, 177, 182, 183, 184, 190], "summary": {"covered_lines": 8, "num_statements": 8, "percent_covered": 100.0, "percent_covered_display": "100", "missing_lines": 0, "excluded_lines": 0, "percent_statements_covered": 100.0, "percent_statements_covered_display": "100"}, "missing_lines": [], "excluded_lines": [], "start_line": 155}, "detect_harness": {"executed_lines": [211, 212, 214, 215, 218, 219, 220, 221, 224, 225, 226, 228], "summary": {"covered_lines": 12, "num_statements": 12, "percent_covered": 100.0, "percent_covered_display": "100", "missing_lines": 0, "excluded_lines": 0, "percent_statements_covered": 100.0, "percent_statements_covered_display": "100"}, "missing_lines": [], "excluded_lines": [], "start_line": 193}, "list_backends": {"executed_lines": [238], "summary": {"covered_lines": 1, "num_statements": 1, "percent_covered": 100.0, "percent_covered_display": "100", "missing_lines": 0, "excluded_lines": 0, "percent_statements_covered": 100.0, "percent_statements_covered_display": "100"}, "missing_lines": [], "excluded_lines": [], "start_line": 231}, "list_available_backends": {"executed_lines": [248, 249, 250, 251, 252, 253, 254, 256, 257], "summary": {"covered_lines": 9, "num_statements": 9, "percent_covered": 100.0, "percent_covered_display": "100", "missing_lines": 0, "excluded_lines": 0, "percent_statements_covered": 100.0, "percent_statements_covered_display": "100"}, "missing_lines": [], "excluded_lines": [], "start_line": 241}, "is_backend_available": {"executed_lines": [270, 271, 273, 274, 275, 276, 277], "summary": {"covered_lines": 7, "num_statements": 7, "percent_covered": 100.0, "percent_covered_display": "100", "missing_lines": 0, "excluded_lines": 0, "percent_statements_covered": 100.0, "percent_statements_covered_display": "100"}, "missing_lines": [], "excluded_lines": [], "start_line": 260}, "get_capabilities": {"executed_lines": [290, 291, 293, 294, 295, 296, 297], "summary": {"covered_lines": 7, "num_statements": 7, "percent_covered": 100.0, "percent_covered_display": "100", "missing_lines": 0, "excluded_lines": 0, "percent_statements_covered": 100.0, "percent_statements_covered_display": "100"}, "missing_lines": [], "excluded_lines": [], "start_line": 280}, "": {"executed_lines": [8, 9, 10, 12, 15, 16, 30, 31, 40, 41, 50, 59, 86, 115, 126, 129, 155, 193, 231, 241, 260, 280], "summary": {"covered_lines": 22, "num_statements": 22, "percent_covered": 100.0, "percent_covered_display": "100", "missing_lines": 0, "excluded_lines": 8, "percent_statements_covered": 100.0, "percent_statements_covered_display": "100"}, "missing_lines": [], "excluded_lines": [39, 49, 58, 85, 114, 123, 124, 125], "start_line": 1}}, "classes": {"HarnessBackend": {"executed_lines": [], "summary": {"covered_lines": 0, "num_statements": 0, "percent_covered": 100.0, "percent_covered_display": "100", "missing_lines": 0, "excluded_lines": 6, "percent_statements_covered": 100.0, "percent_statements_covered_display": "100"}, "missing_lines": [], "excluded_lines": [38, 48, 57, 84, 113, 122], "start_line": 16}, "": {"executed_lines": [8, 9, 10, 12, 15, 16, 30, 31, 40, 41, 50, 59, 86, 115, 126, 129, 148, 149, 150, 152, 155, 174, 175, 176, 177, 182, 183, 184, 190, 193, 211, 212, 214, 215, 218, 219, 220, 221, 224, 225, 226, 228, 231, 238, 241, 248, 249, 250, 251, 252, 253, 254, 256, 257, 260, 270, 271, 273, 274, 275, 276, 277, 280, 290, 291, 293, 294, 295, 296, 297], "summary": {"covered_lines": 70, "num_statements": 70, "percent_covered": 100.0, "percent_covered_display": "100", "missing_lines": 0, "excluded_lines": 9, "percent_statements_covered": 100.0, "percent_statements_covered_display": "100"}, "missing_lines": [], "excluded_lines": [39, 49, 58, 85, 114, 123, 124, 125, 130], "start_line": 1}}}, "src/cub/core/harness/claude.py": {"executed_lines": [8, 9, 10, 11, 12, 13, 15, 16, 19, 20, 32, 33, 35, 37, 38, 45, 54, 61, 63, 84, 87, 97, 98, 99, 100, 103, 107, 108, 112, 113, 121, 124, 125, 126, 128, 129, 132, 135, 136, 137, 146, 148, 149, 150, 152, 170, 194, 197, 208, 209, 210, 211, 214, 218, 219, 223, 224, 234, 235, 236, 239, 240, 241, 242, 243, 244, 246, 249, 250, 251, 254, 255, 256, 259, 261, 262, 263, 264, 265, 266, 269, 278, 280, 281, 282, 283, 284, 285, 286, 299, 300, 303, 304, 313, 314, 318, 336, 343, 344, 350, 351, 352], "summary": {"covered_lines": 102, "num_statements": 129, "percent_covered": 79.06976744186046, "percent_covered_display": "79", "missing_lines": 27, "excluded_lines": 0, "percent_statements_covered": 79.06976744186046, "percent_statements_covered_display": "79"}, "missing_lines": [104, 109, 160, 161, 162, 215, 220, 247, 252, 270, 271, 272, 273, 274, 275, 276, 288, 290, 291, 292, 294, 296, 315, 316, 326, 327, 328], "excluded_lines": [], "functions": {"ClaudeBackend.name": {"executed_lines": [35], "summary": {"covered_lines": 1, "num_statements": 1, "percent_covered": 100.0, "percent_covered_display": "100", "missing_lines": 0, "excluded_lines": 0, "percent_statements_covered": 100.0, "percent_statements_covered_display": "100"}, "missing_lines": [], "excluded_lines": [], "start_line": 33}, "ClaudeBackend.capabilities": {"executed_lines": [45], "summary": {"covered_lines": 1, "num_statements": 1, "percent_covered": 100.0, "percent_covered_display": "100", "missing_lines": 0, "excluded_lines": 0, "percent_statements_covered": 100.0, "percent_statements_covered_display": "100"}, "missing_lines": [], "excluded_lines": [], "start_line": 38}, "ClaudeBackend.is_available": {"executed_lines": [61], "summary": {"covered_lines": 1, "num_statements": 1, "percent_covered": 100.0, "percent_covered_display": "100", "missing_lines": 0, "excluded_lines": 0, "percent_statements_covered": 100.0, "percent_statements_covered_display": "100"}, "missing_lines": [], "excluded_lines": [], "start_line": 54}, "ClaudeBackend.invoke": {"executed_lines": [84, 87, 97, 98, 99, 100, 103, 107, 108, 112, 113, 121, 124, 125, 126, 128, 129, 132, 135, 136, 137, 146, 148, 149, 150, 152], "summary": {"covered_lines": 26, "num_statements": 31, "percent_covered": 83.87096774193549, "percent_covered_display": "84", "missing_lines": 5, "excluded_lines": 0, "percent_statements_covered": 83.87096774193549, "percent_statements_covered_display": "84"}, "missing_lines": [104, 109, 160, 161, 162], "excluded_lines": [], "start_line": 63}, "ClaudeBackend.invoke_streaming": {"executed_lines": [194, 197, 208, 209, 210, 211, 214, 218, 219, 223, 224, 234, 235, 236, 239, 240, 241, 242, 243, 244, 246, 249, 250, 251, 254, 255, 256, 259, 261, 262, 263, 264, 265, 266, 269, 278, 280, 281, 282, 283, 284, 285, 286, 299, 300, 303, 304, 313, 314, 318], "summary": {"covered_lines": 50, "num_statements": 72, "percent_covered": 69.44444444444444, "percent_covered_display": "69", "missing_lines": 22, "excluded_lines": 0, "percent_statements_covered": 69.44444444444444, "percent_statements_covered_display": "69"}, "missing_lines": [215, 220, 247, 252, 270, 271, 272, 273, 274, 275, 276, 288, 290, 291, 292, 294, 296, 315, 316, 326, 327, 328], "excluded_lines": [], "start_line": 170}, "ClaudeBackend.get_version": {"executed_lines": [343, 344, 350, 351, 352], "summary": {"covered_lines": 5, "num_statements": 5, "percent_covered": 100.0, "percent_covered_display": "100", "missing_lines": 0, "excluded_lines": 0, "percent_statements_covered": 100.0, "percent_statements_covered_display": "100"}, "missing_lines": [], "excluded_lines": [], "start_line": 336}, "": {"executed_lines": [8, 9, 10, 11, 12, 13, 15, 16, 19, 20, 32, 33, 37, 38, 54, 63, 170, 336], "summary": {"covered_lines": 18, "num_statements": 18, "percent_covered": 100.0, "percent_covered_display": "100", "missing_lines": 0, "excluded_lines": 0, "percent_statements_covered": 100.0, "percent_statements_covered_display": "100"}, "missing_lines": [], "excluded_lines": [], "start_line": 1}}, "classes": {"ClaudeBackend": {"executed_lines": [35, 45, 61, 84, 87, 97, 98, 99, 100, 103, 107, 108, 112, 113, 121, 124, 125, 126, 128, 129, 132, 135, 136, 137, 146, 148, 149, 150, 152, 194, 197, 208, 209, 210, 211, 214, 218, 219, 223, 224, 234, 235, 236, 239, 240, 241, 242, 243, 244, 246, 249, 250, 251, 254, 255, 256, 259, 261, 262, 263, 264, 265, 266, 269, 278, 280, 281, 282, 283, 284, 285, 286, 299, 300, 303, 304, 313, 314, 318, 343, 344, 350, 351, 352], "summary": {"covered_lines": 84, "num_statements": 111, "percent_covered": 75.67567567567568, "percent_covered_display": "76", "missing_lines": 27, "excluded_lines": 0, "percent_statements_covered": 75.67567567567568, "percent_statements_covered_display": "76"}, "missing_lines": [104, 109, 160, 161, 162, 215, 220, 247, 252, 270, 271, 272, 273, 274, 275, 276, 288, 290, 291, 292, 294, 296, 315, 316, 326, 327, 328], "excluded_lines": [], "start_line": 20}, "": {"executed_lines": [8, 9, 10, 11, 12, 13, 15, 16, 19, 20, 32, 33, 37, 38, 54, 63, 170, 336], "summary": {"covered_lines": 18, "num_statements": 18, "percent_covered": 100.0, "percent_covered_display": "100", "missing_lines": 0, "excluded_lines": 0, "percent_statements_covered": 100.0, "percent_statements_covered_display": "100"}, "missing_lines": [], "excluded_lines": [], "start_line": 1}}}, "src/cub/core/harness/codex.py": {"executed_lines": [8, 9, 10, 11, 12, 14, 15, 18, 19, 31, 32, 36, 37, 57, 64, 66, 153, 326], "summary": {"covered_lines": 18, "num_statements": 133, "percent_covered": 13.533834586466165, "percent_covered_display": "14", "missing_lines": 115, "excluded_lines": 0, "percent_statements_covered": 13.533834586466165, "percent_statements_covered_display": "14"}, "missing_lines": [34, 48, 88, 91, 94, 97, 98, 101, 102, 103, 104, 107, 108, 116, 120, 121, 122, 123, 125, 131, 132, 133, 135, 143, 144, 145, 177, 180, 183, 186, 187, 190, 191, 192, 193, 196, 197, 207, 208, 209, 212, 213, 214, 216, 217, 219, 220, 221, 222, 224, 225, 226, 229, 231, 232, 234, 235, 236, 237, 238, 239, 240, 241, 243, 245, 246, 248, 249, 250, 251, 252, 253, 255, 256, 257, 258, 259, 260, 262, 263, 264, 266, 267, 268, 269, 270, 272, 274, 275, 276, 277, 279, 281, 284, 285, 288, 291, 292, 293, 294, 295, 297, 303, 304, 305, 306, 308, 316, 317, 318, 333, 334, 340, 341, 342], "excluded_lines": [], "functions": {"CodexBackend.name": {"executed_lines": [], "summary": {"covered_lines": 0, "num_statements": 1, "percent_covered": 0.0, "percent_covered_display": "0", "missing_lines": 1, "excluded_lines": 0, "percent_statements_covered": 0.0, "percent_statements_covered_display": "0"}, "missing_lines": [34], "excluded_lines": [], "start_line": 32}, "CodexBackend.capabilities": {"executed_lines": [], "summary": {"covered_lines": 0, "num_statements": 1, "percent_covered": 0.0, "percent_covered_display": "0", "missing_lines": 1, "excluded_lines": 0, "percent_statements_covered": 0.0, "percent_statements_covered_display": "0"}, "missing_lines": [48], "excluded_lines": [], "start_line": 37}, "CodexBackend.is_available": {"executed_lines": [64], "summary": {"covered_lines": 1, "num_statements": 1, "percent_covered": 100.0, "percent_covered_display": "100", "missing_lines": 0, "excluded_lines": 0, "percent_statements_covered": 100.0, "percent_statements_covered_display": "100"}, "missing_lines": [], "excluded_lines": [], "start_line": 57}, "CodexBackend.invoke": {"executed_lines": [], "summary": {"covered_lines": 0, "num_statements": 24, "percent_covered": 0.0, "percent_covered_display": "0", "missing_lines": 24, "excluded_lines": 0, "percent_statements_covered": 0.0, "percent_statements_covered_display": "0"}, "missing_lines": [88, 91, 94, 97, 98, 101, 102, 103, 104, 107, 108, 116, 120, 121, 122, 123, 125, 131, 132, 133, 135, 143, 144, 145], "excluded_lines": [], "start_line": 66}, "CodexBackend.invoke_streaming": {"executed_lines": [], "summary": {"covered_lines": 0, "num_statements": 84, "percent_covered": 0.0, "percent_covered_display": "0", "missing_lines": 84, "excluded_lines": 0, "percent_statements_covered": 0.0, "percent_statements_covered_display": "0"}, "missing_lines": [177, 180, 183, 186, 187, 190, 191, 192, 193, 196, 197, 207, 208, 209, 212, 213, 214, 216, 217, 219, 220, 221, 222, 224, 225, 226, 229, 231, 232, 234, 235, 236, 237, 238, 239, 240, 241, 243, 245, 246, 248, 249, 250, 251, 252, 253, 255, 256, 257, 258, 259, 260, 262, 263, 264, 266, 267, 268, 269, 270, 272, 274, 275, 276, 277, 279, 281, 284, 285, 288, 291, 292, 293, 294, 295, 297, 303, 304, 305, 306, 308, 316, 317, 318], "excluded_lines": [], "start_line": 153}, "CodexBackend.get_version": {"executed_lines": [], "summary": {"covered_lines": 0, "num_statements": 5, "percent_covered": 0.0, "percent_covered_display": "0", "missing_lines": 5, "excluded_lines": 0, "percent_statements_covered": 0.0, "percent_statements_covered_display": "0"}, "missing_lines": [333, 334, 340, 341, 342], "excluded_lines": [], "start_line": 326}, "": {"executed_lines": [8, 9, 10, 11, 12, 14, 15, 18, 19, 31, 32, 36, 37, 57, 66, 153, 326], "summary": {"covered_lines": 17, "num_statements": 17, "percent_covered": 100.0, "percent_covered_display": "100", "missing_lines": 0, "excluded_lines": 0, "percent_statements_covered": 100.0, "percent_statements_covered_display": "100"}, "missing_lines": [], "excluded_lines": [], "start_line": 1}}, "classes": {"CodexBackend": {"executed_lines": [64], "summary": {"covered_lines": 1, "num_statements": 116, "percent_covered": 0.8620689655172413, "percent_covered_display": "1", "missing_lines": 115, "excluded_lines": 0, "percent_statements_covered": 0.8620689655172413, "percent_statements_covered_display": "1"}, "missing_lines": [34, 48, 88, 91, 94, 97, 98, 101, 102, 103, 104, 107, 108, 116, 120, 121, 122, 123, 125, 131, 132, 133, 135, 143, 144, 145, 177, 180, 183, 186, 187, 190, 191, 192, 193, 196, 197, 207, 208, 209, 212, 213, 214, 216, 217, 219, 220, 221, 222, 224, 225, 226, 229, 231, 232, 234, 235, 236, 237, 238, 239, 240, 241, 243, 245, 246, 248, 249, 250, 251, 252, 253, 255, 256, 257, 258, 259, 260, 262, 263, 264, 266, 267, 268, 269, 270, 272, 274, 275, 276, 277, 279, 281, 284, 285, 288, 291, 292, 293, 294, 295, 297, 303, 304, 305, 306, 308, 316, 317, 318, 333, 334, 340, 341, 342], "excluded_lines": [], "start_line": 19}, "": {"executed_lines": [8, 9, 10, 11, 12, 14, 15, 18, 19, 31, 32, 36, 37, 57, 66, 153, 326], "summary": {"covered_lines": 17, "num_statements": 17, "percent_covered": 100.0, "percent_covered_display": "100", "missing_lines": 0, "excluded_lines": 0, "percent_statements_covered": 100.0, "percent_statements_covered_display": "100"}, "missing_lines": [], "excluded_lines": [], "start_line": 1}}}, "src/cub/core/harness/models.py": {"executed_lines": [8, 9, 11, 14, 30, 34, 38, 42, 46, 50, 55, 68, 76, 77, 78, 82, 86, 90, 95, 96, 100, 101, 110, 118, 119, 123, 127, 128, 132, 137, 138, 140, 142, 143, 145, 149, 150, 151, 152, 153, 154], "summary": {"covered_lines": 41, "num_statements": 44, "percent_covered": 93.18181818181819, "percent_covered_display": "93", "missing_lines": 3, "excluded_lines": 0, "percent_statements_covered": 93.18181818181819, "percent_statements_covered_display": "93"}, "missing_lines": [65, 98, 107], "excluded_lines": [], "functions": {"HarnessCapabilities.has": {"executed_lines": [], "summary": {"covered_lines": 0, "num_statements": 1, "percent_covered": 0.0, "percent_covered_display": "0", "missing_lines": 1, "excluded_lines": 0, "percent_statements_covered": 0.0, "percent_statements_covered_display": "0"}, "missing_lines": [65], "excluded_lines": [], "start_line": 55}, "TokenUsage.total_tokens": {"executed_lines": [], "summary": {"covered_lines": 0, "num_statements": 1, "percent_covered": 0.0, "percent_covered_display": "0", "missing_lines": 1, "excluded_lines": 0, "percent_statements_covered": 0.0, "percent_statements_covered_display": "0"}, "missing_lines": [98], "excluded_lines": [], "start_line": 96}, "TokenUsage.effective_input_tokens": {"executed_lines": [], "summary": {"covered_lines": 0, "num_statements": 1, "percent_covered": 0.0, "percent_covered_display": "0", "missing_lines": 1, "excluded_lines": 0, "percent_statements_covered": 0.0, "percent_statements_covered_display": "0"}, "missing_lines": [107], "excluded_lines": [], "start_line": 101}, "HarnessResult.success": {"executed_lines": [140], "summary": {"covered_lines": 1, "num_statements": 1, "percent_covered": 100.0, "percent_covered_display": "100", "missing_lines": 0, "excluded_lines": 0, "percent_statements_covered": 100.0, "percent_statements_covered_display": "100"}, "missing_lines": [], "excluded_lines": [], "start_line": 138}, "HarnessResult.failed": {"executed_lines": [145], "summary": {"covered_lines": 1, "num_statements": 1, "percent_covered": 100.0, "percent_covered_display": "100", "missing_lines": 0, "excluded_lines": 0, "percent_statements_covered": 100.0, "percent_statements_covered_display": "100"}, "missing_lines": [], "excluded_lines": [], "start_line": 143}, "": {"executed_lines": [8, 9, 11, 14, 30, 34, 38, 42, 46, 50, 55, 68, 76, 77, 78, 82, 86, 90, 95, 96, 100, 101, 110, 118, 119, 123, 127, 128, 132, 137, 138, 142, 143, 149, 150, 151, 152, 153, 154], "summary": {"covered_lines": 39, "num_statements": 39, "percent_covered": 100.0, "percent_covered_display": "100", "missing_lines": 0, "excluded_lines": 0, "percent_statements_covered": 100.0, "percent_statements_covered_display": "100"}, "missing_lines": [], "excluded_lines": [], "start_line": 1}}, "classes": {"HarnessCapabilities": {"executed_lines": [], "summary": {"covered_lines": 0, "num_statements": 1, "percent_covered": 0.0, "percent_covered_display": "0", "missing_lines": 1, "excluded_lines": 0, "percent_statements_covered": 0.0, "percent_statements_covered_display": "0"}, "missing_lines": [65], "excluded_lines": [], "start_line": 14}, "TokenUsage": {"executed_lines": [], "summary": {"covered_lines": 0, "num_statements": 2, "percent_covered": 0.0, "percent_covered_display": "0", "missing_lines": 2, "excluded_lines": 0, "percent_statements_covered": 0.0, "percent_statements_covered_display": "0"}, "missing_lines": [98, 107], "excluded_lines": [], "start_line": 68}, "HarnessResult": {"executed_lines": [140, 145], "summary": {"covered_lines": 2, "num_statements": 2, "percent_covered": 100.0, "percent_covered_display": "100", "missing_lines": 0, "excluded_lines": 0, "percent_statements_covered": 100.0, "percent_statements_covered_display": "100"}, "missing_lines": [], "excluded_lines": [], "start_line": 110}, "": {"executed_lines": [8, 9, 11, 14, 30, 34, 38, 42, 46, 50, 55, 68, 76, 77, 78, 82, 86, 90, 95, 96, 100, 101, 110, 118, 119, 123, 127, 128, 132, 137, 138, 142, 143, 149, 150, 151, 152, 153, 154], "summary": {"covered_lines": 39, "num_statements": 39, "percent_covered": 100.0, "percent_covered_display": "100", "missing_lines": 0, "excluded_lines": 0, "percent_statements_covered": 100.0, "percent_statements_covered_display": "100"}, "missing_lines": [], "excluded_lines": [], "start_line": 1}}}, "src/cub/core/status/__init__.py": {"executed_lines": [8, 9, 11], "summary": {"covered_lines": 3, "num_statements": 3, "percent_covered": 100.0, "percent_covered_display": "100", "missing_lines": 0, "excluded_lines": 0, "percent_statements_covered": 100.0, "percent_statements_covered_display": "100"}, "missing_lines": [], "excluded_lines": [], "functions": {"": {"executed_lines": [8, 9, 11], "summary": {"covered_lines": 3, "num_statements": 3, "percent_covered": 100.0, "percent_covered_display": "100", "missing_lines": 0, "excluded_lines": 0, "percent_statements_covered": 100.0, "percent_statements_covered_display": "100"}, "missing_lines": [], "excluded_lines": [], "start_line": 1}}, "classes": {"": {"executed_lines": [8, 9, 11], "summary": {"covered_lines": 3, "num_statements": 3, "percent_covered": 100.0, "percent_covered_display": "100", "missing_lines": 0, "excluded_lines": 0, "percent_statements_covered": 100.0, "percent_statements_covered_display": "100"}, "missing_lines": [], "excluded_lines": [], "start_line": 1}}}, "src/cub/core/status/models.py": {"executed_lines": [8, 9, 10, 12, 15, 17, 18, 19, 20, 21, 24, 26, 27, 28, 29, 32, 39, 43, 47, 48, 52, 58, 64, 65, 66, 71, 77, 78, 79, 81, 83, 85, 86, 87, 89, 91, 93, 94, 95, 97, 100, 106, 107, 112, 113, 118, 123, 129, 130, 131, 133, 134, 135, 137, 138, 139, 141, 142, 143, 145, 146, 147, 149, 150, 151, 153, 154, 155, 157, 158, 159, 160, 161, 163, 166, 187, 188, 192, 196, 200, 206, 210, 214, 220, 224, 230, 231, 236, 237, 240, 246, 251, 255, 256, 257, 259, 261, 262, 263, 265, 267, 268, 269, 271, 273, 274, 275, 277, 278, 279, 281, 282, 283, 285, 286, 288, 296, 302, 303, 305, 307, 308, 309, 310, 312, 314, 315, 316, 317, 318, 320], "summary": {"covered_lines": 131, "num_statements": 138, "percent_covered": 94.92753623188406, "percent_covered_display": "95", "missing_lines": 7, "excluded_lines": 0, "percent_statements_covered": 94.92753623188406, "percent_statements_covered_display": "95"}, "missing_lines": [82, 90, 162, 322, 323, 324, 325], "excluded_lines": [], "functions": {"IterationInfo.percentage": {"executed_lines": [81, 83], "summary": {"covered_lines": 2, "num_statements": 3, "percent_covered": 66.66666666666667, "percent_covered_display": "67", "missing_lines": 1, "excluded_lines": 0, "percent_statements_covered": 66.66666666666667, "percent_statements_covered_display": "67"}, "missing_lines": [82], "excluded_lines": [], "start_line": 79}, "IterationInfo.task_percentage": {"executed_lines": [89, 91], "summary": {"covered_lines": 2, "num_statements": 3, "percent_covered": 66.66666666666667, "percent_covered_display": "67", "missing_lines": 1, "excluded_lines": 0, "percent_statements_covered": 66.66666666666667, "percent_statements_covered_display": "67"}, "missing_lines": [90], "excluded_lines": [], "start_line": 87}, "IterationInfo.is_near_limit": {"executed_lines": [97], "summary": {"covered_lines": 1, "num_statements": 1, "percent_covered": 100.0, "percent_covered_display": "100", "missing_lines": 0, "excluded_lines": 0, "percent_statements_covered": 100.0, "percent_statements_covered_display": "100"}, "missing_lines": [], "excluded_lines": [], "start_line": 95}, "BudgetStatus.tokens_percentage": {"executed_lines": [133, 134, 135], "summary": {"covered_lines": 3, "num_statements": 3, "percent_covered": 100.0, "percent_covered_display": "100", "missing_lines": 0, "excluded_lines": 0, "percent_statements_covered": 100.0, "percent_statements_covered_display": "100"}, "missing_lines": [], "excluded_lines": [], "start_line": 131}, "BudgetStatus.cost_percentage": {"executed_lines": [141, 142, 143], "summary": {"covered_lines": 3, "num_statements": 3, "percent_covered": 100.0, "percent_covered_display": "100", "missing_lines": 0, "excluded_lines": 0, "percent_statements_covered": 100.0, "percent_statements_covered_display": "100"}, "missing_lines": [], "excluded_lines": [], "start_line": 139}, "BudgetStatus.tasks_percentage": {"executed_lines": [149, 150, 151], "summary": {"covered_lines": 3, "num_statements": 3, "percent_covered": 100.0, "percent_covered_display": "100", "missing_lines": 0, "excluded_lines": 0, "percent_statements_covered": 100.0, "percent_statements_covered_display": "100"}, "missing_lines": [], "excluded_lines": [], "start_line": 147}, "BudgetStatus.is_over_budget": {"executed_lines": [157, 158, 159, 160, 161, 163], "summary": {"covered_lines": 6, "num_statements": 7, "percent_covered": 85.71428571428571, "percent_covered_display": "86", "missing_lines": 1, "excluded_lines": 0, "percent_statements_covered": 85.71428571428571, "percent_statements_covered_display": "86"}, "missing_lines": [162], "excluded_lines": [], "start_line": 155}, "RunStatus.is_active": {"executed_lines": [259], "summary": {"covered_lines": 1, "num_statements": 1, "percent_covered": 100.0, "percent_covered_display": "100", "missing_lines": 0, "excluded_lines": 0, "percent_statements_covered": 100.0, "percent_statements_covered_display": "100"}, "missing_lines": [], "excluded_lines": [], "start_line": 257}, "RunStatus.is_finished": {"executed_lines": [265], "summary": {"covered_lines": 1, "num_statements": 1, "percent_covered": 100.0, "percent_covered_display": "100", "missing_lines": 0, "excluded_lines": 0, "percent_statements_covered": 100.0, "percent_statements_covered_display": "100"}, "missing_lines": [], "excluded_lines": [], "start_line": 263}, "RunStatus.tasks_remaining": {"executed_lines": [271], "summary": {"covered_lines": 1, "num_statements": 1, "percent_covered": 100.0, "percent_covered_display": "100", "missing_lines": 0, "excluded_lines": 0, "percent_statements_covered": 100.0, "percent_statements_covered_display": "100"}, "missing_lines": [], "excluded_lines": [], "start_line": 269}, "RunStatus.completion_percentage": {"executed_lines": [277, 278, 279], "summary": {"covered_lines": 3, "num_statements": 3, "percent_covered": 100.0, "percent_covered_display": "100", "missing_lines": 0, "excluded_lines": 0, "percent_statements_covered": 100.0, "percent_statements_covered_display": "100"}, "missing_lines": [], "excluded_lines": [], "start_line": 275}, "RunStatus.duration_seconds": {"executed_lines": [285, 286], "summary": {"covered_lines": 2, "num_statements": 2, "percent_covered": 100.0, "percent_covered_display": "100", "missing_lines": 0, "excluded_lines": 0, "percent_statements_covered": 100.0, "percent_statements_covered_display": "100"}, "missing_lines": [], "excluded_lines": [], "start_line": 283}, "RunStatus.add_event": {"executed_lines": [296, 302, 303], "summary": {"covered_lines": 3, "num_statements": 3, "percent_covered": 100.0, "percent_covered_display": "100", "missing_lines": 0, "excluded_lines": 0, "percent_statements_covered": 100.0, "percent_statements_covered_display": "100"}, "missing_lines": [], "excluded_lines": [], "start_line": 288}, "RunStatus.mark_completed": {"executed_lines": [307, 308, 309, 310], "summary": {"covered_lines": 4, "num_statements": 4, "percent_covered": 100.0, "percent_covered_display": "100", "missing_lines": 0, "excluded_lines": 0, "percent_statements_covered": 100.0, "percent_statements_covered_display": "100"}, "missing_lines": [], "excluded_lines": [], "start_line": 305}, "RunStatus.mark_failed": {"executed_lines": [314, 315, 316, 317, 318], "summary": {"covered_lines": 5, "num_statements": 5, "percent_covered": 100.0, "percent_covered_display": "100", "missing_lines": 0, "excluded_lines": 0, "percent_statements_covered": 100.0, "percent_statements_covered_display": "100"}, "missing_lines": [], "excluded_lines": [], "start_line": 312}, "RunStatus.mark_stopped": {"executed_lines": [], "summary": {"covered_lines": 0, "num_statements": 4, "percent_covered": 0.0, "percent_covered_display": "0", "missing_lines": 4, "excluded_lines": 0, "percent_statements_covered": 0.0, "percent_statements_covered_display": "0"}, "missing_lines": [322, 323, 324, 325], "excluded_lines": [], "start_line": 320}, "": {"executed_lines": [8, 9, 10, 12, 15, 17, 18, 19, 20, 21, 24, 26, 27, 28, 29, 32, 39, 43, 47, 48, 52, 58, 64, 65, 66, 71, 77, 78, 79, 85, 86, 87, 93, 94, 95, 100, 106, 107, 112, 113, 118, 123, 129, 130, 131, 137, 138, 139, 145, 146, 147, 153, 154, 155, 166, 187, 188, 192, 196, 200, 206, 210, 214, 220, 224, 230, 231, 236, 237, 240, 246, 251, 255, 256, 257, 261, 262, 263, 267, 268, 269, 273, 274, 275, 281, 282, 283, 288, 305, 312, 320], "summary": {"covered_lines": 91, "num_statements": 91, "percent_covered": 100.0, "percent_covered_display": "100", "missing_lines": 0, "excluded_lines": 0, "percent_statements_covered": 100.0, "percent_statements_covered_display": "100"}, "missing_lines": [], "excluded_lines": [], "start_line": 1}}, "classes": {"RunPhase": {"executed_lines": [], "summary": {"covered_lines": 0, "num_statements": 0, "percent_covered": 100.0, "percent_covered_display": "100", "missing_lines": 0, "excluded_lines": 0, "percent_statements_covered": 100.0, "percent_statements_covered_display": "100"}, "missing_lines": [], "excluded_lines": [], "start_line": 15}, "EventLevel": {"executed_lines": [], "summary": {"covered_lines": 0, "num_statements": 0, "percent_covered": 100.0, "percent_covered_display": "100", "missing_lines": 0, "excluded_lines": 0, "percent_statements_covered": 100.0, "percent_statements_covered_display": "100"}, "missing_lines": [], "excluded_lines": [], "start_line": 24}, "EventLog": {"executed_lines": [], "summary": {"covered_lines": 0, "num_statements": 0, "percent_covered": 100.0, "percent_covered_display": "100", "missing_lines": 0, "excluded_lines": 0, "percent_statements_covered": 100.0, "percent_statements_covered_display": "100"}, "missing_lines": [], "excluded_lines": [], "start_line": 32}, "IterationInfo": {"executed_lines": [81, 83, 89, 91, 97], "summary": {"covered_lines": 5, "num_statements": 7, "percent_covered": 71.42857142857143, "percent_covered_display": "71", "missing_lines": 2, "excluded_lines": 0, "percent_statements_covered": 71.42857142857143, "percent_statements_covered_display": "71"}, "missing_lines": [82, 90], "excluded_lines": [], "start_line": 58}, "BudgetStatus": {"executed_lines": [133, 134, 135, 141, 142, 143, 149, 150, 151, 157, 158, 159, 160, 161, 163], "summary": {"covered_lines": 15, "num_statements": 16, "percent_covered": 93.75, "percent_covered_display": "94", "missing_lines": 1, "excluded_lines": 0, "percent_statements_covered": 93.75, "percent_statements_covered_display": "94"}, "missing_lines": [162], "excluded_lines": [], "start_line": 100}, "RunStatus": {"executed_lines": [259, 265, 271, 277, 278, 279, 285, 286, 296, 302, 303, 307, 308, 309, 310, 314, 315, 316, 317, 318], "summary": {"covered_lines": 20, "num_statements": 24, "percent_covered": 83.33333333333333, "percent_covered_display": "83", "missing_lines": 4, "excluded_lines": 0, "percent_statements_covered": 83.33333333333333, "percent_statements_covered_display": "83"}, "missing_lines": [322, 323, 324, 325], "excluded_lines": [], "start_line": 166}, "": {"executed_lines": [8, 9, 10, 12, 15, 17, 18, 19, 20, 21, 24, 26, 27, 28, 29, 32, 39, 43, 47, 48, 52, 58, 64, 65, 66, 71, 77, 78, 79, 85, 86, 87, 93, 94, 95, 100, 106, 107, 112, 113, 118, 123, 129, 130, 131, 137, 138, 139, 145, 146, 147, 153, 154, 155, 166, 187, 188, 192, 196, 200, 206, 210, 214, 220, 224, 230, 231, 236, 237, 240, 246, 251, 255, 256, 257, 261, 262, 263, 267, 268, 269, 273, 274, 275, 281, 282, 283, 288, 305, 312, 320], "summary": {"covered_lines": 91, "num_statements": 91, "percent_covered": 100.0, "percent_covered_display": "100", "missing_lines": 0, "excluded_lines": 0, "percent_statements_covered": 100.0, "percent_statements_covered_display": "100"}, "missing_lines": [], "excluded_lines": [], "start_line": 1}}}, "src/cub/core/status/writer.py": {"executed_lines": [7, 8, 9, 10, 12, 15, 28, 36, 37, 40, 41, 43, 45, 55, 58, 61, 62, 63, 64, 65, 72, 79, 80, 82, 83, 84, 85, 86, 87, 89, 91, 92, 93, 94, 95, 98, 110, 111, 112, 115, 116, 120, 123, 124, 125, 126, 127, 128, 131, 141, 142, 143, 145, 146, 147, 148, 149, 150, 158, 159, 162, 163], "summary": {"covered_lines": 62, "num_statements": 67, "percent_covered": 92.53731343283582, "percent_covered_display": "93", "missing_lines": 5, "excluded_lines": 0, "percent_statements_covered": 92.53731343283582, "percent_statements_covered_display": "93"}, "missing_lines": [66, 68, 69, 70, 117], "excluded_lines": [], "functions": {"StatusWriter.__init__": {"executed_lines": [36, 37, 40, 41, 43], "summary": {"covered_lines": 5, "num_statements": 5, "percent_covered": 100.0, "percent_covered_display": "100", "missing_lines": 0, "excluded_lines": 0, "percent_statements_covered": 100.0, "percent_statements_covered_display": "100"}, "missing_lines": [], "excluded_lines": [], "start_line": 28}, "StatusWriter.write": {"executed_lines": [55, 58, 61, 62, 63, 64, 65], "summary": {"covered_lines": 7, "num_statements": 11, "percent_covered": 63.63636363636363, "percent_covered_display": "64", "missing_lines": 4, "excluded_lines": 0, "percent_statements_covered": 63.63636363636363, "percent_statements_covered_display": "64"}, "missing_lines": [66, 68, 69, 70], "excluded_lines": [], "start_line": 45}, "StatusWriter.read": {"executed_lines": [79, 80, 82, 83, 84, 85, 86, 87], "summary": {"covered_lines": 8, "num_statements": 8, "percent_covered": 100.0, "percent_covered_display": "100", "missing_lines": 0, "excluded_lines": 0, "percent_statements_covered": 100.0, "percent_statements_covered_display": "100"}, "missing_lines": [], "excluded_lines": [], "start_line": 72}, "StatusWriter._json_serializer": {"executed_lines": [91, 92, 93, 94, 95], "summary": {"covered_lines": 5, "num_statements": 5, "percent_covered": 100.0, "percent_covered_display": "100", "missing_lines": 0, "excluded_lines": 0, "percent_statements_covered": 100.0, "percent_statements_covered_display": "100"}, "missing_lines": [], "excluded_lines": [], "start_line": 89}, "get_latest_status": {"executed_lines": [110, 111, 112, 115, 116, 120, 123, 124, 125, 126, 127, 128], "summary": {"covered_lines": 12, "num_statements": 13, "percent_covered": 92.3076923076923, "percent_covered_display": "92", "missing_lines": 1, "excluded_lines": 0, "percent_statements_covered": 92.3076923076923, "percent_statements_covered_display": "92"}, "missing_lines": [117], "excluded_lines": [], "start_line": 98}, "list_runs": {"executed_lines": [141, 142, 143, 145, 146, 147, 148, 149, 150, 158, 159, 162, 163], "summary": {"covered_lines": 13, "num_statements": 13, "percent_covered": 100.0, "percent_covered_display": "100", "missing_lines": 0, "excluded_lines": 0, "percent_statements_covered": 100.0, "percent_statements_covered_display": "100"}, "missing_lines": [], "excluded_lines": [], "start_line": 131}, "": {"executed_lines": [7, 8, 9, 10, 12, 15, 28, 45, 72, 89, 98, 131], "summary": {"covered_lines": 12, "num_statements": 12, "percent_covered": 100.0, "percent_covered_display": "100", "missing_lines": 0, "excluded_lines": 0, "percent_statements_covered": 100.0, "percent_statements_covered_display": "100"}, "missing_lines": [], "excluded_lines": [], "start_line": 1}}, "classes": {"StatusWriter": {"executed_lines": [36, 37, 40, 41, 43, 55, 58, 61, 62, 63, 64, 65, 79, 80, 82, 83, 84, 85, 86, 87, 91, 92, 93, 94, 95], "summary": {"covered_lines": 25, "num_statements": 29, "percent_covered": 86.20689655172414, "percent_covered_display": "86", "missing_lines": 4, "excluded_lines": 0, "percent_statements_covered": 86.20689655172414, "percent_statements_covered_display": "86"}, "missing_lines": [66, 68, 69, 70], "excluded_lines": [], "start_line": 15}, "": {"executed_lines": [7, 8, 9, 10, 12, 15, 28, 45, 72, 89, 98, 110, 111, 112, 115, 116, 120, 123, 124, 125, 126, 127, 128, 131, 141, 142, 143, 145, 146, 147, 148, 149, 150, 158, 159, 162, 163], "summary": {"covered_lines": 37, "num_statements": 38, "percent_covered": 97.36842105263158, "percent_covered_display": "97", "missing_lines": 1, "excluded_lines": 0, "percent_statements_covered": 97.36842105263158, "percent_statements_covered_display": "97"}, "missing_lines": [117], "excluded_lines": [], "start_line": 1}}}, "src/cub/core/tasks/__init__.py": {"executed_lines": [9, 17, 20, 21, 23], "summary": {"covered_lines": 5, "num_statements": 5, "percent_covered": 100.0, "percent_covered_display": "100", "missing_lines": 0, "excluded_lines": 0, "percent_statements_covered": 100.0, "percent_statements_covered_display": "100"}, "missing_lines": [], "excluded_lines": [], "functions": {"": {"executed_lines": [9, 17, 20, 21, 23], "summary": {"covered_lines": 5, "num_statements": 5, "percent_covered": 100.0, "percent_covered_display": "100", "missing_lines": 0, "excluded_lines": 0, "percent_statements_covered": 100.0, "percent_statements_covered_display": "100"}, "missing_lines": [], "excluded_lines": [], "start_line": 1}}, "classes": {"": {"executed_lines": [9, 17, 20, 21, 23], "summary": {"covered_lines": 5, "num_statements": 5, "percent_covered": 100.0, "percent_covered_display": "100", "missing_lines": 0, "excluded_lines": 0, "percent_statements_covered": 100.0, "percent_statements_covered_display": "100"}, "missing_lines": [], "excluded_lines": [], "start_line": 1}}}, "src/cub/core/tasks/backend.py": {"executed_lines": [8, 9, 10, 12, 15, 16, 30, 49, 61, 84, 110, 128, 158, 167, 185, 188, 205, 206, 207, 209, 212, 236, 237, 240, 241, 242, 248, 251, 267, 268, 269, 270, 273, 274, 276, 277, 278, 281, 282, 285, 286, 287, 289, 290, 291, 294, 297, 304, 307, 317], "summary": {"covered_lines": 50, "num_statements": 50, "percent_covered": 100.0, "percent_covered_display": "100", "missing_lines": 0, "excluded_lines": 19, "percent_statements_covered": 100.0, "percent_statements_covered_display": "100"}, "missing_lines": [], "excluded_lines": [47, 48, 59, 60, 82, 83, 108, 109, 126, 127, 156, 157, 165, 166, 181, 182, 183, 184, 189], "functions": {"TaskBackend.list_tasks": {"executed_lines": [], "summary": {"covered_lines": 0, "num_statements": 0, "percent_covered": 100.0, "percent_covered_display": "100", "missing_lines": 0, "excluded_lines": 1, "percent_statements_covered": 100.0, "percent_statements_covered_display": "100"}, "missing_lines": [], "excluded_lines": [47], "start_line": 30}, "TaskBackend.get_task": {"executed_lines": [], "summary": {"covered_lines": 0, "num_statements": 0, "percent_covered": 100.0, "percent_covered_display": "100", "missing_lines": 0, "excluded_lines": 1, "percent_statements_covered": 100.0, "percent_statements_covered_display": "100"}, "missing_lines": [], "excluded_lines": [59], "start_line": 49}, "TaskBackend.get_ready_tasks": {"executed_lines": [], "summary": {"covered_lines": 0, "num_statements": 0, "percent_covered": 100.0, "percent_covered_display": "100", "missing_lines": 0, "excluded_lines": 1, "percent_statements_covered": 100.0, "percent_statements_covered_display": "100"}, "missing_lines": [], "excluded_lines": [82], "start_line": 61}, "TaskBackend.update_task": {"executed_lines": [], "summary": {"covered_lines": 0, "num_statements": 0, "percent_covered": 100.0, "percent_covered_display": "100", "missing_lines": 0, "excluded_lines": 1, "percent_statements_covered": 100.0, "percent_statements_covered_display": "100"}, "missing_lines": [], "excluded_lines": [108], "start_line": 84}, "TaskBackend.close_task": {"executed_lines": [], "summary": {"covered_lines": 0, "num_statements": 0, "percent_covered": 100.0, "percent_covered_display": "100", "missing_lines": 0, "excluded_lines": 1, "percent_statements_covered": 100.0, "percent_statements_covered_display": "100"}, "missing_lines": [], "excluded_lines": [126], "start_line": 110}, "TaskBackend.create_task": {"executed_lines": [], "summary": {"covered_lines": 0, "num_statements": 0, "percent_covered": 100.0, "percent_covered_display": "100", "missing_lines": 0, "excluded_lines": 1, "percent_statements_covered": 100.0, "percent_statements_covered_display": "100"}, "missing_lines": [], "excluded_lines": [156], "start_line": 128}, "TaskBackend.get_task_counts": {"executed_lines": [], "summary": {"covered_lines": 0, "num_statements": 0, "percent_covered": 100.0, "percent_covered_display": "100", "missing_lines": 0, "excluded_lines": 1, "percent_statements_covered": 100.0, "percent_statements_covered_display": "100"}, "missing_lines": [], "excluded_lines": [165], "start_line": 158}, "TaskBackend.add_task_note": {"executed_lines": [], "summary": {"covered_lines": 0, "num_statements": 0, "percent_covered": 100.0, "percent_covered_display": "100", "missing_lines": 0, "excluded_lines": 1, "percent_statements_covered": 100.0, "percent_statements_covered_display": "100"}, "missing_lines": [], "excluded_lines": [181], "start_line": 167}, "register_backend": {"executed_lines": [205, 209], "summary": {"covered_lines": 2, "num_statements": 2, "percent_covered": 100.0, "percent_covered_display": "100", "missing_lines": 0, "excluded_lines": 1, "percent_statements_covered": 100.0, "percent_statements_covered_display": "100"}, "missing_lines": [], "excluded_lines": [189], "start_line": 188}, "register_backend.decorator": {"executed_lines": [206, 207], "summary": {"covered_lines": 2, "num_statements": 2, "percent_covered": 100.0, "percent_covered_display": "100", "missing_lines": 0, "excluded_lines": 0, "percent_statements_covered": 100.0, "percent_statements_covered_display": "100"}, "missing_lines": [], "excluded_lines": [], "start_line": 205}, "get_backend": {"executed_lines": [236, 237, 240, 241, 242, 248], "summary": {"covered_lines": 6, "num_statements": 6, "percent_covered": 100.0, "percent_covered_display": "100", "missing_lines": 0, "excluded_lines": 0, "percent_statements_covered": 100.0, "percent_statements_covered_display": "100"}, "missing_lines": [], "excluded_lines": [], "start_line": 212}, "detect_backend": {"executed_lines": [267, 268, 269, 270, 273, 274, 276, 277, 278, 281, 282, 285, 286, 287, 289, 290, 291, 294], "summary": {"covered_lines": 18, "num_statements": 18, "percent_covered": 100.0, "percent_covered_display": "100", "missing_lines": 0, "excluded_lines": 0, "percent_statements_covered": 100.0, "percent_statements_covered_display": "100"}, "missing_lines": [], "excluded_lines": [], "start_line": 251}, "list_backends": {"executed_lines": [304], "summary": {"covered_lines": 1, "num_statements": 1, "percent_covered": 100.0, "percent_covered_display": "100", "missing_lines": 0, "excluded_lines": 0, "percent_statements_covered": 100.0, "percent_statements_covered_display": "100"}, "missing_lines": [], "excluded_lines": [], "start_line": 297}, "is_backend_available": {"executed_lines": [317], "summary": {"covered_lines": 1, "num_statements": 1, "percent_covered": 100.0, "percent_covered_display": "100", "missing_lines": 0, "excluded_lines": 0, "percent_statements_covered": 100.0, "percent_statements_covered_display": "100"}, "missing_lines": [], "excluded_lines": [], "start_line": 307}, "": {"executed_lines": [8, 9, 10, 12, 15, 16, 30, 49, 61, 84, 110, 128, 158, 167, 185, 188, 212, 251, 297, 307], "summary": {"covered_lines": 20, "num_statements": 20, "percent_covered": 100.0, "percent_covered_display": "100", "missing_lines": 0, "excluded_lines": 10, "percent_statements_covered": 100.0, "percent_statements_covered_display": "100"}, "missing_lines": [], "excluded_lines": [48, 60, 83, 109, 127, 157, 166, 182, 183, 184], "start_line": 1}}, "classes": {"TaskBackend": {"executed_lines": [], "summary": {"covered_lines": 0, "num_statements": 0, "percent_covered": 100.0, "percent_covered_display": "100", "missing_lines": 0, "excluded_lines": 8, "percent_statements_covered": 100.0, "percent_statements_covered_display": "100"}, "missing_lines": [], "excluded_lines": [47, 59, 82, 108, 126, 156, 165, 181], "start_line": 16}, "": {"executed_lines": [8, 9, 10, 12, 15, 16, 30, 49, 61, 84, 110, 128, 158, 167, 185, 188, 205, 206, 207, 209, 212, 236, 237, 240, 241, 242, 248, 251, 267, 268, 269, 270, 273, 274, 276, 277, 278, 281, 282, 285, 286, 287, 289, 290, 291, 294, 297, 304, 307, 317], "summary": {"covered_lines": 50, "num_statements": 50, "percent_covered": 100.0, "percent_covered_display": "100", "missing_lines": 0, "excluded_lines": 11, "percent_statements_covered": 100.0, "percent_statements_covered_display": "100"}, "missing_lines": [], "excluded_lines": [48, 60, 83, 109, 127, 157, 166, 182, 183, 184, 189], "start_line": 1}}}, "src/cub/core/tasks/beads.py": {"executed_lines": [8, 9, 10, 11, 12, 14, 15, 18, 20, 23, 25, 28, 29, 43, 53, 56, 57, 62, 64, 66, 80, 82, 83, 92, 93, 94, 95, 96, 97, 104, 106, 107, 108, 113, 129, 144, 145, 146, 151, 152, 153, 154, 155, 158, 160, 177, 179, 180, 181, 182, 183, 184, 186, 189, 192, 194, 196, 206, 207, 210, 211, 212, 213, 217, 219, 221, 242, 244, 246, 247, 248, 250, 251, 254, 257, 259, 262, 264, 266, 268, 292, 294, 295, 296, 297, 298, 300, 302, 304, 306, 307, 309, 312, 314, 315, 317, 350, 422, 429, 430, 433, 436, 439, 440, 441, 442, 444, 451, 453, 455], "summary": {"covered_lines": 110, "num_statements": 163, "percent_covered": 67.48466257668711, "percent_covered_display": "67", "missing_lines": 53, "excluded_lines": 0, "percent_statements_covered": 67.48466257668711, "percent_statements_covered_display": "67"}, "missing_lines": [148, 156, 190, 215, 255, 299, 310, 333, 335, 336, 338, 339, 340, 342, 343, 345, 347, 348, 378, 381, 382, 385, 386, 387, 388, 390, 392, 393, 394, 395, 396, 397, 399, 402, 403, 406, 407, 410, 413, 414, 415, 417, 419, 420, 434, 469, 471, 474, 475, 476, 478, 480, 481], "excluded_lines": [], "functions": {"BeadsBackend.__init__": {"executed_lines": [53, 56, 57], "summary": {"covered_lines": 3, "num_statements": 3, "percent_covered": 100.0, "percent_covered_display": "100", "missing_lines": 0, "excluded_lines": 0, "percent_statements_covered": 100.0, "percent_statements_covered_display": "100"}, "missing_lines": [], "excluded_lines": [], "start_line": 43}, "BeadsBackend._is_bd_available": {"executed_lines": [64], "summary": {"covered_lines": 1, "num_statements": 1, "percent_covered": 100.0, "percent_covered_display": "100", "missing_lines": 0, "excluded_lines": 0, "percent_statements_covered": 100.0, "percent_statements_covered_display": "100"}, "missing_lines": [], "excluded_lines": [], "start_line": 62}, "BeadsBackend._run_bd": {"executed_lines": [80, 82, 83, 92, 93, 94, 95, 96, 97, 104, 106, 107, 108], "summary": {"covered_lines": 13, "num_statements": 13, "percent_covered": 100.0, "percent_covered_display": "100", "missing_lines": 0, "excluded_lines": 0, "percent_statements_covered": 100.0, "percent_statements_covered_display": "100"}, "missing_lines": [], "excluded_lines": [], "start_line": 66}, "BeadsBackend._transform_beads_task": {"executed_lines": [129, 144, 145, 146, 151, 152, 153, 154, 155, 158], "summary": {"covered_lines": 10, "num_statements": 12, "percent_covered": 83.33333333333333, "percent_covered_display": "83", "missing_lines": 2, "excluded_lines": 0, "percent_statements_covered": 83.33333333333333, "percent_statements_covered_display": "83"}, "missing_lines": [148, 156], "excluded_lines": [], "start_line": 113}, "BeadsBackend.list_tasks": {"executed_lines": [177, 179, 180, 181, 182, 183, 184, 186, 189, 192, 194], "summary": {"covered_lines": 11, "num_statements": 12, "percent_covered": 91.66666666666667, "percent_covered_display": "92", "missing_lines": 1, "excluded_lines": 0, "percent_statements_covered": 91.66666666666667, "percent_statements_covered_display": "92"}, "missing_lines": [190], "excluded_lines": [], "start_line": 160}, "BeadsBackend.get_task": {"executed_lines": [206, 207, 210, 211, 212, 213, 217, 219], "summary": {"covered_lines": 8, "num_statements": 9, "percent_covered": 88.88888888888889, "percent_covered_display": "89", "missing_lines": 1, "excluded_lines": 0, "percent_statements_covered": 88.88888888888889, "percent_statements_covered_display": "89"}, "missing_lines": [215], "excluded_lines": [], "start_line": 196}, "BeadsBackend.get_ready_tasks": {"executed_lines": [242, 244, 246, 247, 248, 250, 251, 254, 257, 259, 262, 264, 266], "summary": {"covered_lines": 13, "num_statements": 14, "percent_covered": 92.85714285714286, "percent_covered_display": "93", "missing_lines": 1, "excluded_lines": 0, "percent_statements_covered": 92.85714285714286, "percent_statements_covered_display": "93"}, "missing_lines": [255], "excluded_lines": [], "start_line": 221}, "BeadsBackend.update_task": {"executed_lines": [292, 294, 295, 296, 297, 298, 300, 302, 304, 306, 307, 309, 312, 314, 315], "summary": {"covered_lines": 15, "num_statements": 17, "percent_covered": 88.23529411764706, "percent_covered_display": "88", "missing_lines": 2, "excluded_lines": 0, "percent_statements_covered": 88.23529411764706, "percent_stat
[...]
1, 162, 164, 165, 166, 181, 183, 184, 185, 187, 189, 192, 194, 196, 198, 199, 201, 203, 204, 206, 208, 209, 210, 211, 213, 215, 216, 217, 219, 221, 222, 223, 226, 232, 233, 234, 235, 237, 238, 239, 241, 243, 244, 245, 247, 248, 249], "summary": {"covered_lines": 104, "num_statements": 107, "percent_covered": 97.19626168224299, "percent_covered_display": "97", "missing_lines": 3, "excluded_lines": 0, "percent_statements_covered": 97.19626168224299, "percent_statements_covered_display": "97"}, "missing_lines": [144, 145, 190], "excluded_lines": [], "functions": {"TaskPriority.numeric_value": {"executed_lines": [44], "summary": {"covered_lines": 1, "num_statements": 1, "percent_covered": 100.0, "percent_covered_display": "100", "missing_lines": 0, "excluded_lines": 0, "percent_statements_covered": 100.0, "percent_statements_covered_display": "100"}, "missing_lines": [], "excluded_lines": [], "start_line": 42}, "Task.validate_priority": {"executed_lines": [135, 136, 137, 138, 139, 141, 142], "summary": {"covered_lines": 7, "num_statements": 9, "percent_covered": 77.77777777777777, "percent_covered_display": "78", "missing_lines": 2, "excluded_lines": 0, "percent_statements_covered": 77.77777777777777, "percent_statements_covered_display": "78"}, "missing_lines": [144, 145], "excluded_lines": [], "start_line": 133}, "Task.model_label": {"executed_lines": [159, 160, 161, 162], "summary": {"covered_lines": 4, "num_statements": 4, "percent_covered": 100.0, "percent_covered_display": "100", "missing_lines": 0, "excluded_lines": 0, "percent_statements_covered": 100.0, "percent_statements_covered_display": "100"}, "missing_lines": [], "excluded_lines": [], "start_line": 149}, "Task.is_ready": {"executed_lines": [181], "summary": {"covered_lines": 1, "num_statements": 1, "percent_covered": 100.0, "percent_covered_display": "100", "missing_lines": 0, "excluded_lines": 0, "percent_statements_covered": 100.0, "percent_statements_covered_display": "100"}, "missing_lines": [], "excluded_lines": [], "start_line": 166}, "Task.priority_numeric": {"executed_lines": [187, 189], "summary": {"covered_lines": 2, "num_statements": 3, "percent_covered": 66.66666666666667, "percent_covered_display": "67", "missing_lines": 1, "excluded_lines": 0, "percent_statements_covered": 66.66666666666667, "percent_statements_covered_display": "67"}, "missing_lines": [190], "excluded_lines": [], "start_line": 185}, "Task.has_label": {"executed_lines": [194], "summary": {"covered_lines": 1, "num_statements": 1, "percent_covered": 100.0, "percent_covered_display": "100", "missing_lines": 0, "excluded_lines": 0, "percent_statements_covered": 100.0, "percent_statements_covered_display": "100"}, "missing_lines": [], "excluded_lines": [], "start_line": 192}, "Task.add_label": {"executed_lines": [198, 199], "summary": {"covered_lines": 2, "num_statements": 2, "percent_covered": 100.0, "percent_covered_display": "100", "missing_lines": 0, "excluded_lines": 0, "percent_statements_covered": 100.0, "percent_statements_covered_display": "100"}, "missing_lines": [], "excluded_lines": [], "start_line": 196}, "Task.remove_label": {"executed_lines": [203, 204], "summary": {"covered_lines": 2, "num_statements": 2, "percent_covered": 100.0, "percent_covered_display": "100", "missing_lines": 0, "excluded_lines": 0, "percent_statements_covered": 100.0, "percent_statements_covered_display": "100"}, "missing_lines": [], "excluded_lines": [], "start_line": 201}, "Task.mark_in_progress": {"executed_lines": [208, 209, 210, 211], "summary": {"covered_lines": 4, "num_statements": 4, "percent_covered": 100.0, "percent_covered_display": "100", "missing_lines": 0, "excluded_lines": 0, "percent_statements_covered": 100.0, "percent_statements_covered_display": "100"}, "missing_lines": [], "excluded_lines": [], "start_line": 206}, "Task.close": {"executed_lines": [215, 216, 217], "summary": {"covered_lines": 3, "num_statements": 3, "percent_covered": 100.0, "percent_covered_display": "100", "missing_lines": 0, "excluded_lines": 0, "percent_statements_covered": 100.0, "percent_statements_covered_display": "100"}, "missing_lines": [], "excluded_lines": [], "start_line": 213}, "Task.reopen": {"executed_lines": [221, 222, 223], "summary": {"covered_lines": 3, "num_statements": 3, "percent_covered": 100.0, "percent_covered_display": "100", "missing_lines": 0, "excluded_lines": 0, "percent_statements_covered": 100.0, "percent_statements_covered_display": "100"}, "missing_lines": [], "excluded_lines": [], "start_line": 219}, "TaskCounts.remaining": {"executed_lines": [241], "summary": {"covered_lines": 1, "num_statements": 1, "percent_covered": 100.0, "percent_covered_display": "100", "missing_lines": 0, "excluded_lines": 0, "percent_statements_covered": 100.0, "percent_statements_covered_display": "100"}, "missing_lines": [], "excluded_lines": [], "start_line": 239}, "TaskCounts.completion_percentage": {"executed_lines": [247, 248, 249], "summary": {"covered_lines": 3, "num_statements": 3, "percent_covered": 100.0, "percent_covered_display": "100", "missing_lines": 0, "excluded_lines": 0, "percent_statements_covered": 100.0, "percent_statements_covered_display": "100"}, "missing_lines": [], "excluded_lines": [], "start_line": 245}, "": {"executed_lines": [9, 10, 11, 13, 16, 21, 22, 23, 26, 35, 36, 37, 38, 39, 41, 42, 47, 49, 50, 51, 52, 53, 54, 57, 85, 86, 87, 90, 91, 92, 95, 96, 99, 104, 110, 113, 114, 115, 118, 125, 127, 131, 132, 133, 147, 148, 149, 164, 165, 166, 183, 184, 185, 192, 196, 201, 206, 213, 219, 226, 232, 233, 234, 235, 237, 238, 239, 243, 244, 245], "summary": {"covered_lines": 70, "num_statements": 70, "percent_covered": 100.0, "percent_covered_display": "100", "missing_lines": 0, "excluded_lines": 0, "percent_statements_covered": 100.0, "percent_statements_covered_display": "100"}, "missing_lines": [], "excluded_lines": [], "start_line": 1}}, "classes": {"TaskStatus": {"executed_lines": [], "summary": {"covered_lines": 0, "num_statements": 0, "percent_covered": 100.0, "percent_covered_display": "100", "missing_lines": 0, "excluded_lines": 0, "percent_statements_covered": 100.0, "percent_statements_covered_display": "100"}, "missing_lines": [], "excluded_lines": [], "start_line": 16}, "TaskPriority": {"executed_lines": [44], "summary": {"covered_lines": 1, "num_statements": 1, "percent_covered": 100.0, "percent_covered_display": "100", "missing_lines": 0, "excluded_lines": 0, "percent_statements_covered": 100.0, "percent_statements_covered_display": "100"}, "missing_lines": [], "excluded_lines": [], "start_line": 26}, "TaskType": {"executed_lines": [], "summary": {"covered_lines": 0, "num_statements": 0, "percent_covered": 100.0, "percent_covered_display": "100", "missing_lines": 0, "excluded_lines": 0, "percent_statements_covered": 100.0, "percent_statements_covered_display": "100"}, "missing_lines": [], "excluded_lines": [], "start_line": 47}, "Task": {"executed_lines": [135, 136, 137, 138, 139, 141, 142, 159, 160, 161, 162, 181, 187, 189, 194, 198, 199, 203, 204, 208, 209, 210, 211, 215, 216, 217, 221, 222, 223], "summary": {"covered_lines": 29, "num_statements": 32, "percent_covered": 90.625, "percent_covered_display": "91", "missing_lines": 3, "excluded_lines": 0, "percent_statements_covered": 90.625, "percent_statements_covered_display": "91"}, "missing_lines": [144, 145, 190], "excluded_lines": [], "start_line": 57}, "TaskCounts": {"executed_lines": [241, 247, 248, 249], "summary": {"covered_lines": 4, "num_statements": 4, "percent_covered": 100.0, "percent_covered_display": "100", "missing_lines": 0, "excluded_lines": 0, "percent_statements_covered": 100.0, "percent_statements_covered_display": "100"}, "missing_lines": [], "excluded_lines": [], "start_line": 226}, "": {"executed_lines": [9, 10, 11, 13, 16, 21, 22, 23, 26, 35, 36, 37, 38, 39, 41, 42, 47, 49, 50, 51, 52, 53, 54, 57, 85, 86, 87, 90, 91, 92, 95, 96, 99, 104, 110, 113, 114, 115, 118, 125, 127, 131, 132, 133, 147, 148, 149, 164, 165, 166, 183, 184, 185, 192, 196, 201, 206, 213, 219, 226, 232, 233, 234, 235, 237, 238, 239, 243, 244, 245], "summary": {"covered_lines": 70, "num_statements": 70, "percent_covered": 100.0, "percent_covered_display": "100", "missing_lines": 0, "excluded_lines": 0, "percent_statements_covered": 100.0, "percent_statements_covered_display": "100"}, "missing_lines": [], "excluded_lines": [], "start_line": 1}}}, "src/cub/utils/__init__.py": {"executed_lines": [3, 4, 6], "summary": {"covered_lines": 3, "num_statements": 3, "percent_covered": 100.0, "percent_covered_display": "100", "missing_lines": 0, "excluded_lines": 0, "percent_statements_covered": 100.0, "percent_statements_covered_display": "100"}, "missing_lines": [], "excluded_lines": [], "functions": {"": {"executed_lines": [3, 4, 6], "summary": {"covered_lines": 3, "num_statements": 3, "percent_covered": 100.0, "percent_covered_display": "100", "missing_lines": 0, "excluded_lines": 0, "percent_statements_covered": 100.0, "percent_statements_covered_display": "100"}, "missing_lines": [], "excluded_lines": [], "start_line": 1}}, "classes": {"": {"executed_lines": [3, 4, 6], "summary": {"covered_lines": 3, "num_statements": 3, "percent_covered": 100.0, "percent_covered_display": "100", "missing_lines": 0, "excluded_lines": 0, "percent_statements_covered": 100.0, "percent_statements_covered_display": "100"}, "missing_lines": [], "excluded_lines": [], "start_line": 1}}}, "src/cub/utils/hooks.py": {"executed_lines": [28, 29, 30, 31, 32, 34, 35, 38, 39, 46, 47, 48, 49, 50, 51, 52, 54, 61, 72, 94, 95, 97, 101, 102, 104, 107, 108, 109, 110, 113, 114, 115, 116, 118, 121, 151, 152, 154, 158, 160, 161, 164, 165, 168, 171, 172, 175, 178, 179, 182, 183, 184, 186, 196, 198, 199, 202, 203, 207, 208, 209, 213, 214, 235], "summary": {"covered_lines": 64, "num_statements": 77, "percent_covered": 83.11688311688312, "percent_covered_display": "83", "missing_lines": 13, "excluded_lines": 0, "percent_statements_covered": 83.11688311688312, "percent_statements_covered_display": "83"}, "missing_lines": [98, 155, 210, 216, 217, 218, 222, 223, 225, 226, 227, 231, 232], "excluded_lines": [], "functions": {"HookContext.to_env_dict": {"executed_lines": [61], "summary": {"covered_lines": 1, "num_statements": 1, "percent_covered": 100.0, "percent_covered_display": "100", "missing_lines": 0, "excluded_lines": 0, "percent_statements_covered": 100.0, "percent_statements_covered_display": "100"}, "missing_lines": [], "excluded_lines": [], "start_line": 54}, "find_hook_scripts": {"executed_lines": [94, 95, 97, 101, 102, 104, 107, 108, 109, 110, 113, 114, 115, 116, 118], "summary": {"covered_lines": 15, "num_statements": 16, "percent_covered": 93.75, "percent_covered_display": "94", "missing_lines": 1, "excluded_lines": 0, "percent_statements_covered": 93.75, "percent_statements_covered_display": "94"}, "missing_lines": [98], "excluded_lines": [], "start_line": 72}, "run_hooks": {"executed_lines": [151, 152, 154, 158, 160, 161, 164, 165, 168, 171, 172, 175, 178, 179, 182, 183, 184, 186, 196, 198, 199, 202, 203, 207, 208, 209, 213, 214, 235], "summary": {"covered_lines": 29, "num_statements": 41, "percent_covered": 70.73170731707317, "percent_covered_display": "71", "missing_lines": 12, "excluded_lines": 0, "percent_statements_covered": 70.73170731707317, "percent_statements_covered_display": "71"}, "missing_lines": [155, 210, 216, 217, 218, 222, 223, 225, 226, 227, 231, 232], "excluded_lines": [], "start_line": 121}, "": {"executed_lines": [28, 29, 30, 31, 32, 34, 35, 38, 39, 46, 47, 48, 49, 50, 51, 52, 54, 72, 121], "summary": {"covered_lines": 19, "num_statements": 19, "percent_covered": 100.0, "percent_covered_display": "100", "missing_lines": 0, "excluded_lines": 0, "percent_statements_covered": 100.0, "percent_statements_covered_display": "100"}, "missing_lines": [], "excluded_lines": [], "start_line": 1}}, "classes": {"HookContext": {"executed_lines": [61], "summary": {"covered_lines": 1, "num_statements": 1, "percent_covered": 100.0, "percent_covered_display": "100", "missing_lines": 0, "excluded_lines": 0, "percent_statements_covered": 100.0, "percent_statements_covered_display": "100"}, "missing_lines": [], "excluded_lines": [], "start_line": 39}, "": {"executed_lines": [28, 29, 30, 31, 32, 34, 35, 38, 39, 46, 47, 48, 49, 50, 51, 52, 54, 72, 94, 95, 97, 101, 102, 104, 107, 108, 109, 110, 113, 114, 115, 116, 118, 121, 151, 152, 154, 158, 160, 161, 164, 165, 168, 171, 172, 175, 178, 179, 182, 183, 184, 186, 196, 198, 199, 202, 203, 207, 208, 209, 213, 214, 235], "summary": {"covered_lines": 63, "num_statements": 76, "percent_covered": 82.89473684210526, "percent_covered_display": "83", "missing_lines": 13, "excluded_lines": 0, "percent_statements_covered": 82.89473684210526, "percent_statements_covered_display": "83"}, "missing_lines": [98, 155, 210, 216, 217, 218, 222, 223, 225, 226, 227, 231, 232], "excluded_lines": [], "start_line": 1}}}, "src/cub/utils/logging.py": {"executed_lines": [15, 16, 17, 18, 19, 21, 24, 26, 27, 28, 29, 30, 31, 34, 36, 38, 42, 46, 52, 65, 72, 73, 75, 77, 79, 80, 96, 97, 98, 99, 102, 103, 104, 106, 107, 109, 111, 127, 128, 130, 132, 139, 145, 146, 148, 152, 154, 168, 177, 197, 204, 205, 206, 207, 209, 211, 218, 223, 237, 246, 260, 270, 282, 283, 284, 286, 288], "summary": {"covered_lines": 67, "num_statements": 68, "percent_covered": 98.52941176470588, "percent_covered_display": "99", "missing_lines": 1, "excluded_lines": 0, "percent_statements_covered": 98.52941176470588, "percent_statements_covered_display": "99"}, "missing_lines": [290], "excluded_lines": [], "functions": {"CubLogger.__init__": {"executed_lines": [72, 73], "summary": {"covered_lines": 2, "num_statements": 2, "percent_covered": 100.0, "percent_covered_display": "100", "missing_lines": 0, "excluded_lines": 0, "percent_statements_covered": 100.0, "percent_statements_covered_display": "100"}, "missing_lines": [], "excluded_lines": [], "start_line": 65}, "CubLogger._ensure_log_dir": {"executed_lines": [77], "summary": {"covered_lines": 1, "num_statements": 1, "percent_covered": 100.0, "percent_covered_display": "100", "missing_lines": 0, "excluded_lines": 0, "percent_statements_covered": 100.0, "percent_statements_covered_display": "100"}, "missing_lines": [], "excluded_lines": [], "start_line": 75}, "CubLogger.init": {"executed_lines": [96, 97, 98, 99, 102, 103, 104, 106, 107, 109], "summary": {"covered_lines": 10, "num_statements": 10, "percent_covered": 100.0, "percent_covered_display": "100", "missing_lines": 0, "excluded_lines": 0, "percent_statements_covered": 100.0, "percent_statements_covered_display": "100"}, "missing_lines": [], "excluded_lines": [], "start_line": 80}, "CubLogger.log_event": {"executed_lines": [127, 128, 130, 132, 139, 145, 146, 148, 152], "summary": {"covered_lines": 9, "num_statements": 9, "percent_covered": 100.0, "percent_covered_display": "100", "missing_lines": 0, "excluded_lines": 0, "percent_statements_covered": 100.0, "percent_statements_covered_display": "100"}, "missing_lines": [], "excluded_lines": [], "start_line": 111}, "CubLogger.log_task_start": {"executed_lines": [168], "summary": {"covered_lines": 1, "num_statements": 1, "percent_covered": 100.0, "percent_covered_display": "100", "missing_lines": 0, "excluded_lines": 0, "percent_statements_covered": 100.0, "percent_statements_covered_display": "100"}, "missing_lines": [], "excluded_lines": [], "start_line": 154}, "CubLogger.log_task_end": {"executed_lines": [197, 204, 205, 206, 207, 209], "summary": {"covered_lines": 6, "num_statements": 6, "percent_covered": 100.0, "percent_covered_display": "100", "missing_lines": 0, "excluded_lines": 0, "percent_statements_covered": 100.0, "percent_statements_covered_display": "100"}, "missing_lines": [], "excluded_lines": [], "start_line": 177}, "CubLogger.log_loop_start": {"executed_lines": [218], "summary": {"covered_lines": 1, "num_statements": 1, "percent_covered": 100.0, "percent_covered_display": "100", "missing_lines": 0, "excluded_lines": 0, "percent_statements_covered": 100.0, "percent_statements_covered_display": "100"}, "missing_lines": [], "excluded_lines": [], "start_line": 211}, "CubLogger.log_loop_end": {"executed_lines": [237], "summary": {"covered_lines": 1, "num_statements": 1, "percent_covered": 100.0, "percent_covered_display": "100", "missing_lines": 0, "excluded_lines": 0, "percent_statements_covered": 100.0, "percent_statements_covered_display": "100"}, "missing_lines": [], "excluded_lines": [], "start_line": 223}, "CubLogger.log_budget_warning": {"executed_lines": [260], "summary": {"covered_lines": 1, "num_statements": 1, "percent_covered": 100.0, "percent_covered_display": "100", "missing_lines": 0, "excluded_lines": 0, "percent_statements_covered": 100.0, "percent_statements_covered_display": "100"}, "missing_lines": [], "excluded_lines": [], "start_line": 246}, "CubLogger.log_error": {"executed_lines": [282, 283, 284, 286], "summary": {"covered_lines": 4, "num_statements": 4, "percent_covered": 100.0, "percent_covered_display": "100", "missing_lines": 0, "excluded_lines": 0, "percent_statements_covered": 100.0, "percent_statements_covered_display": "100"}, "missing_lines": [], "excluded_lines": [], "start_line": 270}, "CubLogger.get_log_file": {"executed_lines": [], "summary": {"covered_lines": 0, "num_statements": 1, "percent_covered": 0.0, "percent_covered_display": "0", "missing_lines": 1, "excluded_lines": 0, "percent_statements_covered": 0.0, "percent_statements_covered_display": "0"}, "missing_lines": [290], "excluded_lines": [], "start_line": 288}, "": {"executed_lines": [15, 16, 17, 18, 19, 21, 24, 26, 27, 28, 29, 30, 31, 34, 36, 38, 42, 46, 52, 65, 75, 79, 80, 111, 154, 177, 211, 223, 246, 270, 288], "summary": {"covered_lines": 31, "num_statements": 31, "percent_covered": 100.0, "percent_covered_display": "100", "missing_lines": 0, "excluded_lines": 0, "percent_statements_covered": 100.0, "percent_statements_covered_display": "100"}, "missing_lines": [], "excluded_lines": [], "start_line": 1}}, "classes": {"EventType": {"executed_lines": [], "summary": {"covered_lines": 0, "num_statements": 0, "percent_covered": 100.0, "percent_covered_display": "100", "missing_lines": 0, "excluded_lines": 0, "percent_statements_covered": 100.0, "percent_statements_covered_display": "100"}, "missing_lines": [], "excluded_lines": [], "start_line": 24}, "LogEntry": {"executed_lines": [], "summary": {"covered_lines": 0, "num_statements": 0, "percent_covered": 100.0, "percent_covered_display": "100", "missing_lines": 0, "excluded_lines": 0, "percent_statements_covered": 100.0, "percent_statements_covered_display": "100"}, "missing_lines": [], "excluded_lines": [], "start_line": 34}, "CubLogger": {"executed_lines": [72, 73, 77, 96, 97, 98, 99, 102, 103, 104, 106, 107, 109, 127, 128, 130, 132, 139, 145, 146, 148, 152, 168, 197, 204, 205, 206, 207, 209, 218, 237, 260, 282, 283, 284, 286], "summary": {"covered_lines": 36, "num_statements": 37, "percent_covered": 97.29729729729729, "percent_covered_display": "97", "missing_lines": 1, "excluded_lines": 0, "percent_statements_covered": 97.29729729729729, "percent_statements_covered_display": "97"}, "missing_lines": [290], "excluded_lines": [], "start_line": 52}, "": {"executed_lines": [15, 16, 17, 18, 19, 21, 24, 26, 27, 28, 29, 30, 31, 34, 36, 38, 42, 46, 52, 65, 75, 79, 80, 111, 154, 177, 211, 223, 246, 270, 288], "summary": {"covered_lines": 31, "num_statements": 31, "percent_covered": 100.0, "percent_covered_display": "100", "missing_lines": 0, "excluded_lines": 0, "percent_statements_covered": 100.0, "percent_statements_covered_display": "100"}, "missing_lines": [], "excluded_lines": [], "start_line": 1}}}}, "totals": {"covered_lines": 1141, "num_statements": 1778, "percent_covered": 64.1732283464567, "percent_covered_display": "64", "missing_lines": 637, "excluded_lines": 35, "percent_statements_covered": 64.1732283464567, "percent_statements_covered_display": "64"}}